

----------------------------------------
checking for C compiler

cc1: note: someone does not honour COPTS correctly, passed 0 times

----------------------------------------
checking for gcc -pipe switch

cc1: note: someone does not honour COPTS correctly, passed 0 times

----------------------------------------
checking for --with-ld-opt="-L/home/guogh/work/pandorBox-SDK-mt7620/staging_dir/target-mipsel_24kec+dsp_uClibc-1.0.x/usr/lib -L/home/guogh/work/pandorBox-SDK-mt7620/staging_dir/target-mipsel_24kec+dsp_uClibc-1.0.x/lib -L/home/guogh/work/pandorBox-SDK-mt7620/staging_dir/toolchain-mipsel_24kec+dsp_gcc-4.8-linaro_uClibc-1.0.x/usr/lib -L/home/guogh/work/pandorBox-SDK-mt7620/staging_dir/toolchain-mipsel_24kec+dsp_gcc-4.8-linaro_uClibc-1.0.x/lib -znow -zrelro -Wl,--gc-sections"


----------------------------------------
checking for -Wl,-E switch


----------------------------------------
checking for gcc builtin atomic operations

objs/autotest: 1: objs/autotest: Syntax error: "(" unexpected

----------------------------------------
checking for C99 variadic macros


----------------------------------------
checking for gcc variadic macros


----------------------------------------
checking for gcc builtin 64 bit byteswap


----------------------------------------
checking for unistd.h

cc1: note: someone does not honour COPTS correctly, passed 0 times

----------------------------------------
checking for inttypes.h

cc1: note: someone does not honour COPTS correctly, passed 0 times

----------------------------------------
checking for limits.h

cc1: note: someone does not honour COPTS correctly, passed 0 times

----------------------------------------
checking for sys/filio.h

cc1: note: someone does not honour COPTS correctly, passed 0 times
objs/autotest.c:3:23: fatal error: sys/filio.h: No such file or directory
 #include <sys/filio.h>
                       ^
compilation terminated.
----------


#include <sys/filio.h>

int main() {
    return 0;
}

----------
mipsel-openwrt-linux-uclibc-gcc -o objs/autotest objs/autotest.c
----------

----------------------------------------
checking for sys/param.h

cc1: note: someone does not honour COPTS correctly, passed 0 times

----------------------------------------
checking for sys/mount.h

cc1: note: someone does not honour COPTS correctly, passed 0 times

----------------------------------------
checking for sys/statvfs.h

cc1: note: someone does not honour COPTS correctly, passed 0 times

----------------------------------------
checking for crypt.h

cc1: note: someone does not honour COPTS correctly, passed 0 times

----------------------------------------
checking for epoll


----------------------------------------
checking for EPOLLRDHUP


----------------------------------------
checking for O_PATH


----------------------------------------
checking for sendfile()


----------------------------------------
checking for sendfile64()


----------------------------------------
checking for sys/prctl.h

cc1: note: someone does not honour COPTS correctly, passed 0 times

----------------------------------------
checking for prctl(PR_SET_DUMPABLE)


----------------------------------------
checking for sched_setaffinity()


----------------------------------------
checking for crypt_r()

objs/autotest.c: In function 'main':
objs/autotest.c:7:24: error: storage size of 'cd' isn't known
     struct crypt_data  cd;
                        ^
----------

#include <sys/types.h>
#include <unistd.h>
#include <crypt.h>

int main() {
    struct crypt_data  cd;
                  crypt_r("key", "salt", &cd);;
    return 0;
}

----------
mipsel-openwrt-linux-uclibc-gcc -I/home/guogh/work/pandorBox-SDK-mt7620/staging_dir/target-mipsel_24kec+dsp_uClibc-1.0.x/usr/include -I/home/guogh/work/pandorBox-SDK-mt7620/staging_dir/target-mipsel_24kec+dsp_uClibc-1.0.x/include -I/home/guogh/work/pandorBox-SDK-mt7620/staging_dir/toolchain-mipsel_24kec+dsp_gcc-4.8-linaro_uClibc-1.0.x/usr/include -I/home/guogh/work/pandorBox-SDK-mt7620/staging_dir/toolchain-mipsel_24kec+dsp_gcc-4.8-linaro_uClibc-1.0.x/include -Os -pipe -mno-branch-likely -mips32r2 -mtune=24kec -mdsp -fno-caller-saves -fhonour-copts -Wno-error=unused-but-set-variable -Wno-error=unused-result -msoft-float -D_FORTIFY_SOURCE=1 -Wl,-z,now -Wl,-z,relro -fvisibility=hidden -ffunction-sections -fdata-sections -DNGX_LUA_NO_BY_LUA_BLOCK -D_GNU_SOURCE -D_FILE_OFFSET_BITS=64 -o objs/autotest objs/autotest.c -L/home/guogh/work/pandorBox-SDK-mt7620/staging_dir/target-mipsel_24kec+dsp_uClibc-1.0.x/usr/lib -L/home/guogh/work/pandorBox-SDK-mt7620/staging_dir/target-mipsel_24kec+dsp_uClibc-1.0.x/lib -L/home/guogh/work/pandorBox-SDK-mt7620/staging_dir/toolchain-mipsel_24kec+dsp_gcc-4.8-linaro_uClibc-1.0.x/usr/lib -L/home/guogh/work/pandorBox-SDK-mt7620/staging_dir/toolchain-mipsel_24kec+dsp_gcc-4.8-linaro_uClibc-1.0.x/lib -znow -zrelro -Wl,--gc-sections -lcrypt
----------

----------------------------------------
checking for sys/vfs.h

cc1: note: someone does not honour COPTS correctly, passed 0 times

----------------------------------------
checking for poll()


----------------------------------------
checking for /dev/poll

objs/autotest.c:4:25: fatal error: sys/devpoll.h: No such file or directory
 #include <sys/devpoll.h>
                         ^
compilation terminated.
----------

#include <sys/types.h>
#include <unistd.h>
#include <sys/devpoll.h>

int main() {
    int  n, dp; struct dvpoll  dvp;
                  dp = 0;
                  dvp.dp_fds = NULL;
                  dvp.dp_nfds = 0;
                  dvp.dp_timeout = 0;
                  n = ioctl(dp, DP_POLL, &dvp);
                  if (n == -1) return 1;
    return 0;
}

----------
mipsel-openwrt-linux-uclibc-gcc -I/home/guogh/work/pandorBox-SDK-mt7620/staging_dir/target-mipsel_24kec+dsp_uClibc-1.0.x/usr/include -I/home/guogh/work/pandorBox-SDK-mt7620/staging_dir/target-mipsel_24kec+dsp_uClibc-1.0.x/include -I/home/guogh/work/pandorBox-SDK-mt7620/staging_dir/toolchain-mipsel_24kec+dsp_gcc-4.8-linaro_uClibc-1.0.x/usr/include -I/home/guogh/work/pandorBox-SDK-mt7620/staging_dir/toolchain-mipsel_24kec+dsp_gcc-4.8-linaro_uClibc-1.0.x/include -Os -pipe -mno-branch-likely -mips32r2 -mtune=24kec -mdsp -fno-caller-saves -fhonour-copts -Wno-error=unused-but-set-variable -Wno-error=unused-result -msoft-float -D_FORTIFY_SOURCE=1 -Wl,-z,now -Wl,-z,relro -fvisibility=hidden -ffunction-sections -fdata-sections -DNGX_LUA_NO_BY_LUA_BLOCK -D_GNU_SOURCE -D_FILE_OFFSET_BITS=64 -o objs/autotest objs/autotest.c -L/home/guogh/work/pandorBox-SDK-mt7620/staging_dir/target-mipsel_24kec+dsp_uClibc-1.0.x/usr/lib -L/home/guogh/work/pandorBox-SDK-mt7620/staging_dir/target-mipsel_24kec+dsp_uClibc-1.0.x/lib -L/home/guogh/work/pandorBox-SDK-mt7620/staging_dir/toolchain-mipsel_24kec+dsp_gcc-4.8-linaro_uClibc-1.0.x/usr/lib -L/home/guogh/work/pandorBox-SDK-mt7620/staging_dir/toolchain-mipsel_24kec+dsp_gcc-4.8-linaro_uClibc-1.0.x/lib -znow -zrelro -Wl,--gc-sections
----------

----------------------------------------
checking for kqueue

objs/autotest.c:4:23: fatal error: sys/event.h: No such file or directory
 #include <sys/event.h>
                       ^
compilation terminated.
----------

#include <sys/types.h>
#include <unistd.h>
#include <sys/event.h>

int main() {
    int kq; kq = kqueue();
    return 0;
}

----------
mipsel-openwrt-linux-uclibc-gcc -I/home/guogh/work/pandorBox-SDK-mt7620/staging_dir/target-mipsel_24kec+dsp_uClibc-1.0.x/usr/include -I/home/guogh/work/pandorBox-SDK-mt7620/staging_dir/target-mipsel_24kec+dsp_uClibc-1.0.x/include -I/home/guogh/work/pandorBox-SDK-mt7620/staging_dir/toolchain-mipsel_24kec+dsp_gcc-4.8-linaro_uClibc-1.0.x/usr/include -I/home/guogh/work/pandorBox-SDK-mt7620/staging_dir/toolchain-mipsel_24kec+dsp_gcc-4.8-linaro_uClibc-1.0.x/include -Os -pipe -mno-branch-likely -mips32r2 -mtune=24kec -mdsp -fno-caller-saves -fhonour-copts -Wno-error=unused-but-set-variable -Wno-error=unused-result -msoft-float -D_FORTIFY_SOURCE=1 -Wl,-z,now -Wl,-z,relro -fvisibility=hidden -ffunction-sections -fdata-sections -DNGX_LUA_NO_BY_LUA_BLOCK -D_GNU_SOURCE -D_FILE_OFFSET_BITS=64 -o objs/autotest objs/autotest.c -L/home/guogh/work/pandorBox-SDK-mt7620/staging_dir/target-mipsel_24kec+dsp_uClibc-1.0.x/usr/lib -L/home/guogh/work/pandorBox-SDK-mt7620/staging_dir/target-mipsel_24kec+dsp_uClibc-1.0.x/lib -L/home/guogh/work/pandorBox-SDK-mt7620/staging_dir/toolchain-mipsel_24kec+dsp_gcc-4.8-linaro_uClibc-1.0.x/usr/lib -L/home/guogh/work/pandorBox-SDK-mt7620/staging_dir/toolchain-mipsel_24kec+dsp_gcc-4.8-linaro_uClibc-1.0.x/lib -znow -zrelro -Wl,--gc-sections
----------

----------------------------------------
checking for crypt()


----------------------------------------
checking for F_READAHEAD

objs/autotest.c: In function 'main':
objs/autotest.c:7:14: error: 'F_READAHEAD' undeclared (first use in this function)
     fcntl(0, F_READAHEAD, 1);;
              ^
objs/autotest.c:7:14: note: each undeclared identifier is reported only once for each function it appears in
----------

#include <sys/types.h>
#include <unistd.h>
#include <fcntl.h>

int main() {
    fcntl(0, F_READAHEAD, 1);;
    return 0;
}

----------
mipsel-openwrt-linux-uclibc-gcc -I/home/guogh/work/pandorBox-SDK-mt7620/staging_dir/target-mipsel_24kec+dsp_uClibc-1.0.x/usr/include -I/home/guogh/work/pandorBox-SDK-mt7620/staging_dir/target-mipsel_24kec+dsp_uClibc-1.0.x/include -I/home/guogh/work/pandorBox-SDK-mt7620/staging_dir/toolchain-mipsel_24kec+dsp_gcc-4.8-linaro_uClibc-1.0.x/usr/include -I/home/guogh/work/pandorBox-SDK-mt7620/staging_dir/toolchain-mipsel_24kec+dsp_gcc-4.8-linaro_uClibc-1.0.x/include -Os -pipe -mno-branch-likely -mips32r2 -mtune=24kec -mdsp -fno-caller-saves -fhonour-copts -Wno-error=unused-but-set-variable -Wno-error=unused-result -msoft-float -D_FORTIFY_SOURCE=1 -Wl,-z,now -Wl,-z,relro -fvisibility=hidden -ffunction-sections -fdata-sections -DNGX_LUA_NO_BY_LUA_BLOCK -D_GNU_SOURCE -D_FILE_OFFSET_BITS=64 -o objs/autotest objs/autotest.c -L/home/guogh/work/pandorBox-SDK-mt7620/staging_dir/target-mipsel_24kec+dsp_uClibc-1.0.x/usr/lib -L/home/guogh/work/pandorBox-SDK-mt7620/staging_dir/target-mipsel_24kec+dsp_uClibc-1.0.x/lib -L/home/guogh/work/pandorBox-SDK-mt7620/staging_dir/toolchain-mipsel_24kec+dsp_gcc-4.8-linaro_uClibc-1.0.x/usr/lib -L/home/guogh/work/pandorBox-SDK-mt7620/staging_dir/toolchain-mipsel_24kec+dsp_gcc-4.8-linaro_uClibc-1.0.x/lib -znow -zrelro -Wl,--gc-sections
----------

----------------------------------------
checking for posix_fadvise()


----------------------------------------
checking for O_DIRECT


----------------------------------------
checking for F_NOCACHE

objs/autotest.c: In function 'main':
objs/autotest.c:7:14: error: 'F_NOCACHE' undeclared (first use in this function)
     fcntl(0, F_NOCACHE, 1);;
              ^
objs/autotest.c:7:14: note: each undeclared identifier is reported only once for each function it appears in
----------

#include <sys/types.h>
#include <unistd.h>
#include <fcntl.h>

int main() {
    fcntl(0, F_NOCACHE, 1);;
    return 0;
}

----------
mipsel-openwrt-linux-uclibc-gcc -I/home/guogh/work/pandorBox-SDK-mt7620/staging_dir/target-mipsel_24kec+dsp_uClibc-1.0.x/usr/include -I/home/guogh/work/pandorBox-SDK-mt7620/staging_dir/target-mipsel_24kec+dsp_uClibc-1.0.x/include -I/home/guogh/work/pandorBox-SDK-mt7620/staging_dir/toolchain-mipsel_24kec+dsp_gcc-4.8-linaro_uClibc-1.0.x/usr/include -I/home/guogh/work/pandorBox-SDK-mt7620/staging_dir/toolchain-mipsel_24kec+dsp_gcc-4.8-linaro_uClibc-1.0.x/include -Os -pipe -mno-branch-likely -mips32r2 -mtune=24kec -mdsp -fno-caller-saves -fhonour-copts -Wno-error=unused-but-set-variable -Wno-error=unused-result -msoft-float -D_FORTIFY_SOURCE=1 -Wl,-z,now -Wl,-z,relro -fvisibility=hidden -ffunction-sections -fdata-sections -DNGX_LUA_NO_BY_LUA_BLOCK -D_GNU_SOURCE -D_FILE_OFFSET_BITS=64 -o objs/autotest objs/autotest.c -L/home/guogh/work/pandorBox-SDK-mt7620/staging_dir/target-mipsel_24kec+dsp_uClibc-1.0.x/usr/lib -L/home/guogh/work/pandorBox-SDK-mt7620/staging_dir/target-mipsel_24kec+dsp_uClibc-1.0.x/lib -L/home/guogh/work/pandorBox-SDK-mt7620/staging_dir/toolchain-mipsel_24kec+dsp_gcc-4.8-linaro_uClibc-1.0.x/usr/lib -L/home/guogh/work/pandorBox-SDK-mt7620/staging_dir/toolchain-mipsel_24kec+dsp_gcc-4.8-linaro_uClibc-1.0.x/lib -znow -zrelro -Wl,--gc-sections
----------

----------------------------------------
checking for directio()

objs/autotest.c: In function 'main':
objs/autotest.c:8:17: error: 'DIRECTIO_ON' undeclared (first use in this function)
     directio(0, DIRECTIO_ON);;
                 ^
objs/autotest.c:8:17: note: each undeclared identifier is reported only once for each function it appears in
----------

#include <sys/types.h>
#include <unistd.h>
#include <sys/types.h>
                  #include <sys/fcntl.h>

int main() {
    directio(0, DIRECTIO_ON);;
    return 0;
}

----------
mipsel-openwrt-linux-uclibc-gcc -I/home/guogh/work/pandorBox-SDK-mt7620/staging_dir/target-mipsel_24kec+dsp_uClibc-1.0.x/usr/include -I/home/guogh/work/pandorBox-SDK-mt7620/staging_dir/target-mipsel_24kec+dsp_uClibc-1.0.x/include -I/home/guogh/work/pandorBox-SDK-mt7620/staging_dir/toolchain-mipsel_24kec+dsp_gcc-4.8-linaro_uClibc-1.0.x/usr/include -I/home/guogh/work/pandorBox-SDK-mt7620/staging_dir/toolchain-mipsel_24kec+dsp_gcc-4.8-linaro_uClibc-1.0.x/include -Os -pipe -mno-branch-likely -mips32r2 -mtune=24kec -mdsp -fno-caller-saves -fhonour-copts -Wno-error=unused-but-set-variable -Wno-error=unused-result -msoft-float -D_FORTIFY_SOURCE=1 -Wl,-z,now -Wl,-z,relro -fvisibility=hidden -ffunction-sections -fdata-sections -DNGX_LUA_NO_BY_LUA_BLOCK -D_GNU_SOURCE -D_FILE_OFFSET_BITS=64 -o objs/autotest objs/autotest.c -L/home/guogh/work/pandorBox-SDK-mt7620/staging_dir/target-mipsel_24kec+dsp_uClibc-1.0.x/usr/lib -L/home/guogh/work/pandorBox-SDK-mt7620/staging_dir/target-mipsel_24kec+dsp_uClibc-1.0.x/lib -L/home/guogh/work/pandorBox-SDK-mt7620/staging_dir/toolchain-mipsel_24kec+dsp_gcc-4.8-linaro_uClibc-1.0.x/usr/lib -L/home/guogh/work/pandorBox-SDK-mt7620/staging_dir/toolchain-mipsel_24kec+dsp_gcc-4.8-linaro_uClibc-1.0.x/lib -znow -zrelro -Wl,--gc-sections
----------

----------------------------------------
checking for statfs()


----------------------------------------
checking for statvfs()


----------------------------------------
checking for dlopen()


----------------------------------------
checking for sched_yield()


----------------------------------------
checking for SO_SETFIB

objs/autotest.c: In function 'main':
objs/autotest.c:7:31: error: 'SO_SETFIB' undeclared (first use in this function)
     setsockopt(0, SOL_SOCKET, SO_SETFIB, NULL, 0);
                               ^
objs/autotest.c:7:31: note: each undeclared identifier is reported only once for each function it appears in
----------

#include <sys/types.h>
#include <unistd.h>
#include <sys/socket.h>

int main() {
    setsockopt(0, SOL_SOCKET, SO_SETFIB, NULL, 0);
    return 0;
}

----------
mipsel-openwrt-linux-uclibc-gcc -I/home/guogh/work/pandorBox-SDK-mt7620/staging_dir/target-mipsel_24kec+dsp_uClibc-1.0.x/usr/include -I/home/guogh/work/pandorBox-SDK-mt7620/staging_dir/target-mipsel_24kec+dsp_uClibc-1.0.x/include -I/home/guogh/work/pandorBox-SDK-mt7620/staging_dir/toolchain-mipsel_24kec+dsp_gcc-4.8-linaro_uClibc-1.0.x/usr/include -I/home/guogh/work/pandorBox-SDK-mt7620/staging_dir/toolchain-mipsel_24kec+dsp_gcc-4.8-linaro_uClibc-1.0.x/include -Os -pipe -mno-branch-likely -mips32r2 -mtune=24kec -mdsp -fno-caller-saves -fhonour-copts -Wno-error=unused-but-set-variable -Wno-error=unused-result -msoft-float -D_FORTIFY_SOURCE=1 -Wl,-z,now -Wl,-z,relro -fvisibility=hidden -ffunction-sections -fdata-sections -DNGX_LUA_NO_BY_LUA_BLOCK -D_GNU_SOURCE -D_FILE_OFFSET_BITS=64 -o objs/autotest objs/autotest.c -L/home/guogh/work/pandorBox-SDK-mt7620/staging_dir/target-mipsel_24kec+dsp_uClibc-1.0.x/usr/lib -L/home/guogh/work/pandorBox-SDK-mt7620/staging_dir/target-mipsel_24kec+dsp_uClibc-1.0.x/lib -L/home/guogh/work/pandorBox-SDK-mt7620/staging_dir/toolchain-mipsel_24kec+dsp_gcc-4.8-linaro_uClibc-1.0.x/usr/lib -L/home/guogh/work/pandorBox-SDK-mt7620/staging_dir/toolchain-mipsel_24kec+dsp_gcc-4.8-linaro_uClibc-1.0.x/lib -znow -zrelro -Wl,--gc-sections
----------

----------------------------------------
checking for SO_REUSEPORT


----------------------------------------
checking for SO_ACCEPTFILTER

objs/autotest.c: In function 'main':
objs/autotest.c:7:31: error: 'SO_ACCEPTFILTER' undeclared (first use in this function)
     setsockopt(0, SOL_SOCKET, SO_ACCEPTFILTER, NULL, 0);
                               ^
objs/autotest.c:7:31: note: each undeclared identifier is reported only once for each function it appears in
----------

#include <sys/types.h>
#include <unistd.h>
#include <sys/socket.h>

int main() {
    setsockopt(0, SOL_SOCKET, SO_ACCEPTFILTER, NULL, 0);
    return 0;
}

----------
mipsel-openwrt-linux-uclibc-gcc -I/home/guogh/work/pandorBox-SDK-mt7620/staging_dir/target-mipsel_24kec+dsp_uClibc-1.0.x/usr/include -I/home/guogh/work/pandorBox-SDK-mt7620/staging_dir/target-mipsel_24kec+dsp_uClibc-1.0.x/include -I/home/guogh/work/pandorBox-SDK-mt7620/staging_dir/toolchain-mipsel_24kec+dsp_gcc-4.8-linaro_uClibc-1.0.x/usr/include -I/home/guogh/work/pandorBox-SDK-mt7620/staging_dir/toolchain-mipsel_24kec+dsp_gcc-4.8-linaro_uClibc-1.0.x/include -Os -pipe -mno-branch-likely -mips32r2 -mtune=24kec -mdsp -fno-caller-saves -fhonour-copts -Wno-error=unused-but-set-variable -Wno-error=unused-result -msoft-float -D_FORTIFY_SOURCE=1 -Wl,-z,now -Wl,-z,relro -fvisibility=hidden -ffunction-sections -fdata-sections -DNGX_LUA_NO_BY_LUA_BLOCK -D_GNU_SOURCE -D_FILE_OFFSET_BITS=64 -o objs/autotest objs/autotest.c -L/home/guogh/work/pandorBox-SDK-mt7620/staging_dir/target-mipsel_24kec+dsp_uClibc-1.0.x/usr/lib -L/home/guogh/work/pandorBox-SDK-mt7620/staging_dir/target-mipsel_24kec+dsp_uClibc-1.0.x/lib -L/home/guogh/work/pandorBox-SDK-mt7620/staging_dir/toolchain-mipsel_24kec+dsp_gcc-4.8-linaro_uClibc-1.0.x/usr/lib -L/home/guogh/work/pandorBox-SDK-mt7620/staging_dir/toolchain-mipsel_24kec+dsp_gcc-4.8-linaro_uClibc-1.0.x/lib -znow -zrelro -Wl,--gc-sections
----------

----------------------------------------
checking for IP_RECVDSTADDR

objs/autotest.c: In function 'main':
objs/autotest.c:8:31: error: 'IP_RECVDSTADDR' undeclared (first use in this function)
     setsockopt(0, IPPROTO_IP, IP_RECVDSTADDR, NULL, 0);
                               ^
objs/autotest.c:8:31: note: each undeclared identifier is reported only once for each function it appears in
----------

#include <sys/types.h>
#include <unistd.h>
#include <sys/socket.h>
                  #include <netinet/in.h>

int main() {
    setsockopt(0, IPPROTO_IP, IP_RECVDSTADDR, NULL, 0);
    return 0;
}

----------
mipsel-openwrt-linux-uclibc-gcc -I/home/guogh/work/pandorBox-SDK-mt7620/staging_dir/target-mipsel_24kec+dsp_uClibc-1.0.x/usr/include -I/home/guogh/work/pandorBox-SDK-mt7620/staging_dir/target-mipsel_24kec+dsp_uClibc-1.0.x/include -I/home/guogh/work/pandorBox-SDK-mt7620/staging_dir/toolchain-mipsel_24kec+dsp_gcc-4.8-linaro_uClibc-1.0.x/usr/include -I/home/guogh/work/pandorBox-SDK-mt7620/staging_dir/toolchain-mipsel_24kec+dsp_gcc-4.8-linaro_uClibc-1.0.x/include -Os -pipe -mno-branch-likely -mips32r2 -mtune=24kec -mdsp -fno-caller-saves -fhonour-copts -Wno-error=unused-but-set-variable -Wno-error=unused-result -msoft-float -D_FORTIFY_SOURCE=1 -Wl,-z,now -Wl,-z,relro -fvisibility=hidden -ffunction-sections -fdata-sections -DNGX_LUA_NO_BY_LUA_BLOCK -D_GNU_SOURCE -D_FILE_OFFSET_BITS=64 -o objs/autotest objs/autotest.c -L/home/guogh/work/pandorBox-SDK-mt7620/staging_dir/target-mipsel_24kec+dsp_uClibc-1.0.x/usr/lib -L/home/guogh/work/pandorBox-SDK-mt7620/staging_dir/target-mipsel_24kec+dsp_uClibc-1.0.x/lib -L/home/guogh/work/pandorBox-SDK-mt7620/staging_dir/toolchain-mipsel_24kec+dsp_gcc-4.8-linaro_uClibc-1.0.x/usr/lib -L/home/guogh/work/pandorBox-SDK-mt7620/staging_dir/toolchain-mipsel_24kec+dsp_gcc-4.8-linaro_uClibc-1.0.x/lib -znow -zrelro -Wl,--gc-sections
----------

----------------------------------------
checking for IP_PKTINFO


----------------------------------------
checking for IPV6_RECVPKTINFO


----------------------------------------
checking for TCP_DEFER_ACCEPT


----------------------------------------
checking for TCP_KEEPIDLE


----------------------------------------
checking for TCP_FASTOPEN


----------------------------------------
checking for TCP_INFO


----------------------------------------
checking for accept4()


----------------------------------------
checking for kqueue AIO support

objs/autotest.c:4:17: fatal error: aio.h: No such file or directory
 #include <aio.h>
                 ^
compilation terminated.
----------

#include <sys/types.h>
#include <unistd.h>
#include <aio.h>

int main() {
    int  n; struct aiocb  iocb;
                      iocb.aio_sigevent.sigev_notify = SIGEV_KEVENT;
                      n = aio_read(&iocb);
    return 0;
}

----------
mipsel-openwrt-linux-uclibc-gcc -I/home/guogh/work/pandorBox-SDK-mt7620/staging_dir/target-mipsel_24kec+dsp_uClibc-1.0.x/usr/include -I/home/guogh/work/pandorBox-SDK-mt7620/staging_dir/target-mipsel_24kec+dsp_uClibc-1.0.x/include -I/home/guogh/work/pandorBox-SDK-mt7620/staging_dir/toolchain-mipsel_24kec+dsp_gcc-4.8-linaro_uClibc-1.0.x/usr/include -I/home/guogh/work/pandorBox-SDK-mt7620/staging_dir/toolchain-mipsel_24kec+dsp_gcc-4.8-linaro_uClibc-1.0.x/include -Os -pipe -mno-branch-likely -mips32r2 -mtune=24kec -mdsp -fno-caller-saves -fhonour-copts -Wno-error=unused-but-set-variable -Wno-error=unused-result -msoft-float -D_FORTIFY_SOURCE=1 -Wl,-z,now -Wl,-z,relro -fvisibility=hidden -ffunction-sections -fdata-sections -DNGX_LUA_NO_BY_LUA_BLOCK -D_GNU_SOURCE -D_FILE_OFFSET_BITS=64 -o objs/autotest objs/autotest.c -L/home/guogh/work/pandorBox-SDK-mt7620/staging_dir/target-mipsel_24kec+dsp_uClibc-1.0.x/usr/lib -L/home/guogh/work/pandorBox-SDK-mt7620/staging_dir/target-mipsel_24kec+dsp_uClibc-1.0.x/lib -L/home/guogh/work/pandorBox-SDK-mt7620/staging_dir/toolchain-mipsel_24kec+dsp_gcc-4.8-linaro_uClibc-1.0.x/usr/lib -L/home/guogh/work/pandorBox-SDK-mt7620/staging_dir/toolchain-mipsel_24kec+dsp_gcc-4.8-linaro_uClibc-1.0.x/lib -znow -zrelro -Wl,--gc-sections
----------

----------------------------------------
checking for Linux AIO support


----------------------------------------
checking for int size

./configure: 1: eval: -I/home/guogh/work/pandorBox-SDK-mt7620/staging_dir/target-mipsel_24kec+dsp_uClibc-1.0.x/usr/include: not found

----------------------------------------
checking for long size

./configure: 1: eval: -I/home/guogh/work/pandorBox-SDK-mt7620/staging_dir/target-mipsel_24kec+dsp_uClibc-1.0.x/usr/include: not found

----------------------------------------
checking for long long size

./configure: 1: eval: -I/home/guogh/work/pandorBox-SDK-mt7620/staging_dir/target-mipsel_24kec+dsp_uClibc-1.0.x/usr/include: not found

----------------------------------------
checking for void * size

./configure: 1: eval: -I/home/guogh/work/pandorBox-SDK-mt7620/staging_dir/target-mipsel_24kec+dsp_uClibc-1.0.x/usr/include: not found

----------------------------------------
checking for uint32_t


----------------------------------------
checking for uint64_t


----------------------------------------
checking for sig_atomic_t


----------------------------------------
checking for sig_atomic_t size

./configure: 1: eval: -I/home/guogh/work/pandorBox-SDK-mt7620/staging_dir/target-mipsel_24kec+dsp_uClibc-1.0.x/usr/include: not found

----------------------------------------
checking for socklen_t


----------------------------------------
checking for in_addr_t


----------------------------------------
checking for in_port_t


----------------------------------------
checking for rlim_t


----------------------------------------
checking for uintptr_t


----------------------------------------
checking for system byte ordering


----------------------------------------
checking for size_t size

./configure: 1: eval: -I/home/guogh/work/pandorBox-SDK-mt7620/staging_dir/target-mipsel_24kec+dsp_uClibc-1.0.x/usr/include: not found

----------------------------------------
checking for off_t size

./configure: 1: eval: -I/home/guogh/work/pandorBox-SDK-mt7620/staging_dir/target-mipsel_24kec+dsp_uClibc-1.0.x/usr/include: not found

----------------------------------------
checking for time_t size

./configure: 1: eval: -I/home/guogh/work/pandorBox-SDK-mt7620/staging_dir/target-mipsel_24kec+dsp_uClibc-1.0.x/usr/include: not found

----------------------------------------
checking for AF_INET6


----------------------------------------
checking for setproctitle()

/tmp/cc6u1jR1.o: In function `main':
autotest.c:(.text.startup.main+0xc): undefined reference to `setproctitle'
collect2: error: ld returned 1 exit status
----------

#include <sys/types.h>
#include <unistd.h>
#include <stdlib.h>

int main() {
    setproctitle("test");;
    return 0;
}

----------
mipsel-openwrt-linux-uclibc-gcc -I/home/guogh/work/pandorBox-SDK-mt7620/staging_dir/target-mipsel_24kec+dsp_uClibc-1.0.x/usr/include -I/home/guogh/work/pandorBox-SDK-mt7620/staging_dir/target-mipsel_24kec+dsp_uClibc-1.0.x/include -I/home/guogh/work/pandorBox-SDK-mt7620/staging_dir/toolchain-mipsel_24kec+dsp_gcc-4.8-linaro_uClibc-1.0.x/usr/include -I/home/guogh/work/pandorBox-SDK-mt7620/staging_dir/toolchain-mipsel_24kec+dsp_gcc-4.8-linaro_uClibc-1.0.x/include -Os -pipe -mno-branch-likely -mips32r2 -mtune=24kec -mdsp -fno-caller-saves -fhonour-copts -Wno-error=unused-but-set-variable -Wno-error=unused-result -msoft-float -D_FORTIFY_SOURCE=1 -Wl,-z,now -Wl,-z,relro -fvisibility=hidden -ffunction-sections -fdata-sections -DNGX_LUA_NO_BY_LUA_BLOCK -D_GNU_SOURCE -D_FILE_OFFSET_BITS=64 -o objs/autotest objs/autotest.c -L/home/guogh/work/pandorBox-SDK-mt7620/staging_dir/target-mipsel_24kec+dsp_uClibc-1.0.x/usr/lib -L/home/guogh/work/pandorBox-SDK-mt7620/staging_dir/target-mipsel_24kec+dsp_uClibc-1.0.x/lib -L/home/guogh/work/pandorBox-SDK-mt7620/staging_dir/toolchain-mipsel_24kec+dsp_gcc-4.8-linaro_uClibc-1.0.x/usr/lib -L/home/guogh/work/pandorBox-SDK-mt7620/staging_dir/toolchain-mipsel_24kec+dsp_gcc-4.8-linaro_uClibc-1.0.x/lib -znow -zrelro -Wl,--gc-sections
----------

----------------------------------------
checking for pread()


----------------------------------------
checking for pwrite()


----------------------------------------
checking for pwritev()

/tmp/ccl2Xzeb.o: In function `main':
autotest.c:(.text.startup.main+0x24): undefined reference to `pwritev'
collect2: error: ld returned 1 exit status
----------

#include <sys/types.h>
#include <unistd.h>
#include <sys/uio.h>

int main() {
    char buf[1]; struct iovec vec[1]; ssize_t n;
                  vec[0].iov_base = buf;
                  vec[0].iov_len = 1;
                  n = pwritev(1, vec, 1, 0);
                  if (n == -1) return 1;
    return 0;
}

----------
mipsel-openwrt-linux-uclibc-gcc -I/home/guogh/work/pandorBox-SDK-mt7620/staging_dir/target-mipsel_24kec+dsp_uClibc-1.0.x/usr/include -I/home/guogh/work/pandorBox-SDK-mt7620/staging_dir/target-mipsel_24kec+dsp_uClibc-1.0.x/include -I/home/guogh/work/pandorBox-SDK-mt7620/staging_dir/toolchain-mipsel_24kec+dsp_gcc-4.8-linaro_uClibc-1.0.x/usr/include -I/home/guogh/work/pandorBox-SDK-mt7620/staging_dir/toolchain-mipsel_24kec+dsp_gcc-4.8-linaro_uClibc-1.0.x/include -Os -pipe -mno-branch-likely -mips32r2 -mtune=24kec -mdsp -fno-caller-saves -fhonour-copts -Wno-error=unused-but-set-variable -Wno-error=unused-result -msoft-float -D_FORTIFY_SOURCE=1 -Wl,-z,now -Wl,-z,relro -fvisibility=hidden -ffunction-sections -fdata-sections -DNGX_LUA_NO_BY_LUA_BLOCK -D_GNU_SOURCE -D_FILE_OFFSET_BITS=64 -o objs/autotest objs/autotest.c -L/home/guogh/work/pandorBox-SDK-mt7620/staging_dir/target-mipsel_24kec+dsp_uClibc-1.0.x/usr/lib -L/home/guogh/work/pandorBox-SDK-mt7620/staging_dir/target-mipsel_24kec+dsp_uClibc-1.0.x/lib -L/home/guogh/work/pandorBox-SDK-mt7620/staging_dir/toolchain-mipsel_24kec+dsp_gcc-4.8-linaro_uClibc-1.0.x/usr/lib -L/home/guogh/work/pandorBox-SDK-mt7620/staging_dir/toolchain-mipsel_24kec+dsp_gcc-4.8-linaro_uClibc-1.0.x/lib -znow -zrelro -Wl,--gc-sections
----------

----------------------------------------
checking for sys_nerr

objs/autotest.c: In function 'main':
objs/autotest.c:8:18: error: 'sys_nerr' undeclared (first use in this function)
     printf("%d", sys_nerr);;
                  ^
objs/autotest.c:8:18: note: each undeclared identifier is reported only once for each function it appears in
----------

#include <sys/types.h>
#include <unistd.h>
#include <errno.h>
                  #include <stdio.h>

int main() {
    printf("%d", sys_nerr);;
    return 0;
}

----------
mipsel-openwrt-linux-uclibc-gcc -I/home/guogh/work/pandorBox-SDK-mt7620/staging_dir/target-mipsel_24kec+dsp_uClibc-1.0.x/usr/include -I/home/guogh/work/pandorBox-SDK-mt7620/staging_dir/target-mipsel_24kec+dsp_uClibc-1.0.x/include -I/home/guogh/work/pandorBox-SDK-mt7620/staging_dir/toolchain-mipsel_24kec+dsp_gcc-4.8-linaro_uClibc-1.0.x/usr/include -I/home/guogh/work/pandorBox-SDK-mt7620/staging_dir/toolchain-mipsel_24kec+dsp_gcc-4.8-linaro_uClibc-1.0.x/include -Os -pipe -mno-branch-likely -mips32r2 -mtune=24kec -mdsp -fno-caller-saves -fhonour-copts -Wno-error=unused-but-set-variable -Wno-error=unused-result -msoft-float -D_FORTIFY_SOURCE=1 -Wl,-z,now -Wl,-z,relro -fvisibility=hidden -ffunction-sections -fdata-sections -DNGX_LUA_NO_BY_LUA_BLOCK -D_GNU_SOURCE -D_FILE_OFFSET_BITS=64 -o objs/autotest objs/autotest.c -L/home/guogh/work/pandorBox-SDK-mt7620/staging_dir/target-mipsel_24kec+dsp_uClibc-1.0.x/usr/lib -L/home/guogh/work/pandorBox-SDK-mt7620/staging_dir/target-mipsel_24kec+dsp_uClibc-1.0.x/lib -L/home/guogh/work/pandorBox-SDK-mt7620/staging_dir/toolchain-mipsel_24kec+dsp_gcc-4.8-linaro_uClibc-1.0.x/usr/lib -L/home/guogh/work/pandorBox-SDK-mt7620/staging_dir/toolchain-mipsel_24kec+dsp_gcc-4.8-linaro_uClibc-1.0.x/lib -znow -zrelro -Wl,--gc-sections
----------

----------------------------------------
checking for _sys_nerr

objs/autotest.c: In function 'main':
objs/autotest.c:8:18: error: '_sys_nerr' undeclared (first use in this function)
     printf("%d", _sys_nerr);;
                  ^
objs/autotest.c:8:18: note: each undeclared identifier is reported only once for each function it appears in
----------

#include <sys/types.h>
#include <unistd.h>
#include <errno.h>
                      #include <stdio.h>

int main() {
    printf("%d", _sys_nerr);;
    return 0;
}

----------
mipsel-openwrt-linux-uclibc-gcc -I/home/guogh/work/pandorBox-SDK-mt7620/staging_dir/target-mipsel_24kec+dsp_uClibc-1.0.x/usr/include -I/home/guogh/work/pandorBox-SDK-mt7620/staging_dir/target-mipsel_24kec+dsp_uClibc-1.0.x/include -I/home/guogh/work/pandorBox-SDK-mt7620/staging_dir/toolchain-mipsel_24kec+dsp_gcc-4.8-linaro_uClibc-1.0.x/usr/include -I/home/guogh/work/pandorBox-SDK-mt7620/staging_dir/toolchain-mipsel_24kec+dsp_gcc-4.8-linaro_uClibc-1.0.x/include -Os -pipe -mno-branch-likely -mips32r2 -mtune=24kec -mdsp -fno-caller-saves -fhonour-copts -Wno-error=unused-but-set-variable -Wno-error=unused-result -msoft-float -D_FORTIFY_SOURCE=1 -Wl,-z,now -Wl,-z,relro -fvisibility=hidden -ffunction-sections -fdata-sections -DNGX_LUA_NO_BY_LUA_BLOCK -D_GNU_SOURCE -D_FILE_OFFSET_BITS=64 -o objs/autotest objs/autotest.c -L/home/guogh/work/pandorBox-SDK-mt7620/staging_dir/target-mipsel_24kec+dsp_uClibc-1.0.x/usr/lib -L/home/guogh/work/pandorBox-SDK-mt7620/staging_dir/target-mipsel_24kec+dsp_uClibc-1.0.x/lib -L/home/guogh/work/pandorBox-SDK-mt7620/staging_dir/toolchain-mipsel_24kec+dsp_gcc-4.8-linaro_uClibc-1.0.x/usr/lib -L/home/guogh/work/pandorBox-SDK-mt7620/staging_dir/toolchain-mipsel_24kec+dsp_gcc-4.8-linaro_uClibc-1.0.x/lib -znow -zrelro -Wl,--gc-sections
----------

----------------------------------------
checking for maximum errno

objs/autotest: 1: objs/autotest: Syntax error: "(" unexpected

----------------------------------------
checking for localtime_r()


----------------------------------------
checking for posix_memalign()


----------------------------------------
checking for memalign()


----------------------------------------
checking for mmap(MAP_ANON|MAP_SHARED)


----------------------------------------
checking for mmap("/dev/zero", MAP_SHARED)


----------------------------------------
checking for System V shared memory


----------------------------------------
checking for POSIX semaphores


----------------------------------------
checking for struct msghdr.msg_control


----------------------------------------
checking for ioctl(FIONBIO)


----------------------------------------
checking for struct tm.tm_gmtoff


----------------------------------------
checking for struct dirent.d_namlen

objs/autotest.c: In function 'main':
objs/autotest.c:8:28: error: 'struct dirent' has no member named 'd_namlen'
     struct dirent  dir; dir.d_namlen = 0;
                            ^
objs/autotest.c:9:41: error: 'struct dirent' has no member named 'd_namlen'
                   printf("%d", (int) dir.d_namlen);
                                         ^
----------

#include <sys/types.h>
#include <unistd.h>
#include <dirent.h>
                  #include <stdio.h>

int main() {
    struct dirent  dir; dir.d_namlen = 0;
                  printf("%d", (int) dir.d_namlen);
    return 0;
}

----------
mipsel-openwrt-linux-uclibc-gcc -I/home/guogh/work/pandorBox-SDK-mt7620/staging_dir/target-mipsel_24kec+dsp_uClibc-1.0.x/usr/include -I/home/guogh/work/pandorBox-SDK-mt7620/staging_dir/target-mipsel_24kec+dsp_uClibc-1.0.x/include -I/home/guogh/work/pandorBox-SDK-mt7620/staging_dir/toolchain-mipsel_24kec+dsp_gcc-4.8-linaro_uClibc-1.0.x/usr/include -I/home/guogh/work/pandorBox-SDK-mt7620/staging_dir/toolchain-mipsel_24kec+dsp_gcc-4.8-linaro_uClibc-1.0.x/include -Os -pipe -mno-branch-likely -mips32r2 -mtune=24kec -mdsp -fno-caller-saves -fhonour-copts -Wno-error=unused-but-set-variable -Wno-error=unused-result -msoft-float -D_FORTIFY_SOURCE=1 -Wl,-z,now -Wl,-z,relro -fvisibility=hidden -ffunction-sections -fdata-sections -DNGX_LUA_NO_BY_LUA_BLOCK -D_GNU_SOURCE -D_FILE_OFFSET_BITS=64 -o objs/autotest objs/autotest.c -L/home/guogh/work/pandorBox-SDK-mt7620/staging_dir/target-mipsel_24kec+dsp_uClibc-1.0.x/usr/lib -L/home/guogh/work/pandorBox-SDK-mt7620/staging_dir/target-mipsel_24kec+dsp_uClibc-1.0.x/lib -L/home/guogh/work/pandorBox-SDK-mt7620/staging_dir/toolchain-mipsel_24kec+dsp_gcc-4.8-linaro_uClibc-1.0.x/usr/lib -L/home/guogh/work/pandorBox-SDK-mt7620/staging_dir/toolchain-mipsel_24kec+dsp_gcc-4.8-linaro_uClibc-1.0.x/lib -znow -zrelro -Wl,--gc-sections
----------

----------------------------------------
checking for struct dirent.d_type


----------------------------------------
checking for sysconf(_SC_NPROCESSORS_ONLN)


----------------------------------------
checking for openat(), fstatat()


----------------------------------------
checking for getaddrinfo()


----------------------------------------
checking for Lua library in /home/guogh/work/pandorBox-SDK-mt7620/staging_dir/target-mipsel_24kec+dsp_uClibc-1.0.x/usr/lib and /home/guogh/work/pandorBox-SDK-mt7620/staging_dir/target-mipsel_24kec+dsp_uClibc-1.0.x/usr/include (specified by the LUA_LIB and LUA_INC env)


----------------------------------------
checking for export symbols by default (-E)


----------------------------------------
checking for export symbols by default (--export-all-symbols)

/home/guogh/work/pandorBox-SDK-mt7620/staging_dir/toolchain-mipsel_24kec+dsp_gcc-4.8-linaro_uClibc-1.0.x/bin/../lib/gcc/mipsel-openwrt-linux-uclibc/4.8.3/../../../../mipsel-openwrt-linux-uclibc/bin/ld: unrecognized option '--export-all-symbols'
/home/guogh/work/pandorBox-SDK-mt7620/staging_dir/toolchain-mipsel_24kec+dsp_gcc-4.8-linaro_uClibc-1.0.x/bin/../lib/gcc/mipsel-openwrt-linux-uclibc/4.8.3/../../../../mipsel-openwrt-linux-uclibc/bin/ld: use the --help option for usage information
collect2: error: ld returned 1 exit status
----------

#include <sys/types.h>
#include <unistd.h>
#include <stdio.h>

int main() {
    printf("hello");;
    return 0;
}

----------
mipsel-openwrt-linux-uclibc-gcc -I/home/guogh/work/pandorBox-SDK-mt7620/staging_dir/target-mipsel_24kec+dsp_uClibc-1.0.x/usr/include -I/home/guogh/work/pandorBox-SDK-mt7620/staging_dir/target-mipsel_24kec+dsp_uClibc-1.0.x/include -I/home/guogh/work/pandorBox-SDK-mt7620/staging_dir/toolchain-mipsel_24kec+dsp_gcc-4.8-linaro_uClibc-1.0.x/usr/include -I/home/guogh/work/pandorBox-SDK-mt7620/staging_dir/toolchain-mipsel_24kec+dsp_gcc-4.8-linaro_uClibc-1.0.x/include -Os -pipe -mno-branch-likely -mips32r2 -mtune=24kec -mdsp -fno-caller-saves -fhonour-copts -Wno-error=unused-but-set-variable -Wno-error=unused-result -msoft-float -D_FORTIFY_SOURCE=1 -Wl,-z,now -Wl,-z,relro -fvisibility=hidden -ffunction-sections -fdata-sections -DNGX_LUA_NO_BY_LUA_BLOCK -D_GNU_SOURCE -D_FILE_OFFSET_BITS=64 -o objs/autotest objs/autotest.c -L/home/guogh/work/pandorBox-SDK-mt7620/staging_dir/target-mipsel_24kec+dsp_uClibc-1.0.x/usr/lib -L/home/guogh/work/pandorBox-SDK-mt7620/staging_dir/target-mipsel_24kec+dsp_uClibc-1.0.x/lib -L/home/guogh/work/pandorBox-SDK-mt7620/staging_dir/toolchain-mipsel_24kec+dsp_gcc-4.8-linaro_uClibc-1.0.x/usr/lib -L/home/guogh/work/pandorBox-SDK-mt7620/staging_dir/toolchain-mipsel_24kec+dsp_gcc-4.8-linaro_uClibc-1.0.x/lib -znow -zrelro -Wl,--gc-sections -Wl,--export-all-symbols
----------

----------------------------------------
checking for SO_PASSCRED


----------------------------------------
checking for mmap(sbrk(0))

objs/autotest: 1: objs/autotest: Syntax error: "(" unexpected

----------------------------------------
checking for __attribute__(constructor)

objs/autotest: 1: objs/autotest: Syntax error: "(" unexpected

----------------------------------------
checking for PCRE library


----------------------------------------
checking for PCRE JIT support


----------------------------------------
checking for OpenSSL library


----------------------------------------
checking for zlib library


----------------------------------------
checking for GD library

