This file contains any messages produced by compilers while
running configure, to aid debugging if configure makes a mistake.

It was created by libpng configure 1.2.57, which was
generated by GNU Autoconf 2.69.  Invocation command line was

  $ ./configure --target=mipsel-openwrt-linux --host=mipsel-openwrt-linux --build=x86_64-linux-gnu --program-prefix= --program-suffix= --prefix=/usr --exec-prefix=/usr --bindir=/usr/bin --sbindir=/usr/sbin --libexecdir=/usr/lib --sysconfdir=/etc --datadir=/usr/share --localstatedir=/var --mandir=/usr/man --infodir=/usr/info --disable-nls --enable-shared --enable-static

## --------- ##
## Platform. ##
## --------- ##

hostname = guogh-openwrt
uname -m = x86_64
uname -r = 4.8.0-36-generic
uname -s = Linux
uname -v = #36~16.04.1-Ubuntu SMP Sun Feb 5 09:39:57 UTC 2017

/usr/bin/uname -p = unknown
/bin/uname -X     = unknown

/bin/arch              = unknown
/usr/bin/arch -k       = unknown
/usr/convex/getsysinfo = unknown
/usr/bin/hostinfo      = unknown
/bin/machine           = unknown
/usr/bin/oslevel       = unknown
/bin/universe          = unknown

PATH: /home/guogh/work/pandorBox-SDK-mt7620/staging_dir/target-mipsel_24kec+dsp_uClibc-1.0.x/host/bin
PATH: /home/guogh/work/pandorBox-SDK-mt7620/staging_dir/toolchain-mipsel_24kec+dsp_gcc-4.8-linaro_uClibc-1.0.x/bin
PATH: /home/guogh/work/pandorBox-SDK-mt7620/staging_dir/toolchain-mipsel_24kec+dsp_gcc-4.8-linaro_uClibc-1.0.x/bin
PATH: /home/guogh/work/pandorBox-SDK-mt7620/staging_dir/host/bin
PATH: /home/guogh/work/pandorBox-SDK-mt7620/staging_dir/toolchain-mipsel_24kec+dsp_gcc-4.8-linaro_uClibc-1.0.x/bin
PATH: /home/guogh/work/pandorBox-SDK-mt7620/staging_dir/host/bin
PATH: /home/guogh/work/pandorBox-SDK-mt7620/staging_dir/host/bin
PATH: /home/guogh/bin
PATH: /home/guogh/.local/bin
PATH: /usr/local/sbin
PATH: /usr/local/bin
PATH: /usr/sbin
PATH: /usr/bin
PATH: /sbin
PATH: /bin
PATH: /usr/games
PATH: /usr/local/games
PATH: /snap/bin


## ----------- ##
## Core tests. ##
## ----------- ##

configure:2193: loading site script /home/guogh/work/pandorBox-SDK-mt7620/include/site/mipsel
| #!/bin/sh
| . $TOPDIR/include/site/linux
| ac_cv_c_littleendian=${ac_cv_c_littleendian=yes}
| ac_cv_c_bigendian=${ac_cv_c_bigendian=no}
| 
| ac_cv_sizeof___int64=0
| ac_cv_sizeof_char=1
| ac_cv_sizeof_int=4
| ac_cv_sizeof_int16_t=2
| ac_cv_sizeof_int32_t=4
| ac_cv_sizeof_int64_t=8
| ac_cv_sizeof_long_int=4
| ac_cv_sizeof_long_long=8
| ac_cv_sizeof_long=4
| ac_cv_sizeof_off_t=8
| ac_cv_sizeof_short_int=2
| ac_cv_sizeof_short=2
| ac_cv_sizeof_size_t=4
| ac_cv_sizeof_ssize_t=4
| ac_cv_sizeof_u_int16_t=2
| ac_cv_sizeof_u_int32_t=4
| ac_cv_sizeof_u_int64_t=8
| ac_cv_sizeof_uint16_t=2
| ac_cv_sizeof_uint32_t=4
| ac_cv_sizeof_uint64_t=8
| ac_cv_sizeof_unsigned_int=4
| ac_cv_sizeof_unsigned_long=4
| ac_cv_sizeof_unsigned_long_long=8
| ac_cv_sizeof_unsigned_short=2
| ac_cv_sizeof_void_p=4
configure:2334: checking for a BSD-compatible install
configure:2402: result: /usr/bin/install -c
configure:2413: checking whether build environment is sane
configure:2468: result: yes
configure:2527: checking for mipsel-openwrt-linux-strip
configure:2554: result: mipsel-openwrt-linux-uclibc-strip
configure:2619: checking for a thread-safe mkdir -p
configure:2658: result: /bin/mkdir -p
configure:2665: checking for gawk
configure:2681: found /usr/bin/gawk
configure:2692: result: gawk
configure:2703: checking whether make sets $(MAKE)
configure:2725: result: yes
configure:2754: checking whether make supports nested variables
configure:2771: result: yes
configure:2899: checking whether to enable maintainer-specific portions of Makefiles
configure:2908: result: no
configure:2941: checking for mipsel-openwrt-linux-gcc
configure:2968: result: mipsel-openwrt-linux-uclibc-gcc
configure:3237: checking for C compiler version
configure:3246: mipsel-openwrt-linux-uclibc-gcc --version >&5
mipsel-openwrt-linux-uclibc-gcc (PandoraBox/Linaro GCC 4.8-2014.04 2017-01-03-git-6c24a7a) 4.8.3
Copyright (C) 2013 Free Software Foundation, Inc.
This is free software; see the source for copying conditions.  There is NO
warranty; not even for MERCHANTABILITY or FITNESS FOR A PARTICULAR PURPOSE.

configure:3257: $? = 0
configure:3246: mipsel-openwrt-linux-uclibc-gcc -v >&5
Reading specs from /home/guogh/work/pandorBox-SDK-mt7620/staging_dir/toolchain-mipsel_24kec+dsp_gcc-4.8-linaro_uClibc-1.0.x/bin/../lib/gcc/mipsel-openwrt-linux-uclibc/4.8.3/specs
COLLECT_GCC=mipsel-openwrt-linux-uclibc-gcc
COLLECT_LTO_WRAPPER=/home/guogh/work/pandorBox-SDK-mt7620/staging_dir/toolchain-mipsel_24kec+dsp_gcc-4.8-linaro_uClibc-1.0.x/bin/../libexec/gcc/mipsel-openwrt-linux-uclibc/4.8.3/lto-wrapper
Target: mipsel-openwrt-linux-uclibc
Configured with: /home/lintel/PandoraBox-MT7620/build_dir/toolchain-mipsel_24kec+dsp_gcc-4.8-linaro_uClibc-1.0.x/gcc-linaro-4.8-2014.04/configure --with-bugurl=https://dev.openwrt.org/ --with-pkgversion='PandoraBox/Linaro GCC 4.8-2014.04 2017-01-03-git-6c24a7a' --prefix=/home/lintel/PandoraBox-MT7620/staging_dir/toolchain-mipsel_24kec+dsp_gcc-4.8-linaro_uClibc-1.0.x --build=x86_64-linux-gnu --host=x86_64-linux-gnu --target=mipsel-openwrt-linux-uclibc --with-gnu-ld --enable-target-optspace --disable-libgomp --disable-libmudflap --disable-multilib --disable-nls --with-host-libstdcxx=-lstdc++ --with-float=soft --with-gmp=/home/lintel/PandoraBox-MT7620/staging_dir/host --with-mpfr=/home/lintel/PandoraBox-MT7620/staging_dir/host --with-mpc=/home/lintel/PandoraBox-MT7620/staging_dir/host --disable-decimal-float --with-mips-plt --disable-libssp --disable-__cxa_atexit --with-headers=/home/lintel/PandoraBox-MT7620/staging_dir/toolchain-mipsel_24kec+dsp_gcc-4.8-linaro_uClibc-1.0.x/include --disable-libsanitizer --enable-languages=c,c++ --enable-shared --enable-threads --with-slibdir=/home/lintel/PandoraBox-MT7620/staging_dir/toolchain-mipsel_24kec+dsp_gcc-4.8-linaro_uClibc-1.0.x/lib
Thread model: posix
gcc version 4.8.3 (PandoraBox/Linaro GCC 4.8-2014.04 2017-01-03-git-6c24a7a) 
configure:3257: $? = 0
configure:3246: mipsel-openwrt-linux-uclibc-gcc -V >&5
mipsel-openwrt-linux-uclibc-gcc: error: unrecognized command line option '-V'
mipsel-openwrt-linux-uclibc-gcc: fatal error: no input files
compilation terminated.
configure:3257: $? = 1
configure:3246: mipsel-openwrt-linux-uclibc-gcc -qversion >&5
mipsel-openwrt-linux-uclibc-gcc: error: unrecognized command line option '-qversion'
mipsel-openwrt-linux-uclibc-gcc: fatal error: no input files
compilation terminated.
configure:3257: $? = 1
configure:3277: checking whether the C compiler works
configure:3299: mipsel-openwrt-linux-uclibc-gcc -Os -pipe -mno-branch-likely -mips32r2 -mtune=24kec -mdsp -fno-caller-saves -fhonour-copts -Wno-error=unused-but-set-variable -Wno-error=unused-result -msoft-float  -D_FORTIFY_SOURCE=1 -Wl,-z,now -Wl,-z,relro -fpic  -I/home/guogh/work/pandorBox-SDK-mt7620/staging_dir/target-mipsel_24kec+dsp_uClibc-1.0.x/usr/include -I/home/guogh/work/pandorBox-SDK-mt7620/staging_dir/target-mipsel_24kec+dsp_uClibc-1.0.x/include -I/home/guogh/work/pandorBox-SDK-mt7620/staging_dir/toolchain-mipsel_24kec+dsp_gcc-4.8-linaro_uClibc-1.0.x/usr/include -I/home/guogh/work/pandorBox-SDK-mt7620/staging_dir/toolchain-mipsel_24kec+dsp_gcc-4.8-linaro_uClibc-1.0.x/include  -L/home/guogh/work/pandorBox-SDK-mt7620/staging_dir/target-mipsel_24kec+dsp_uClibc-1.0.x/usr/lib -L/home/guogh/work/pandorBox-SDK-mt7620/staging_dir/target-mipsel_24kec+dsp_uClibc-1.0.x/lib -L/home/guogh/work/pandorBox-SDK-mt7620/staging_dir/toolchain-mipsel_24kec+dsp_gcc-4.8-linaro_uClibc-1.0.x/usr/lib -L/home/guogh/work/pandorBox-SDK-mt7620/staging_dir/toolchain-mipsel_24kec+dsp_gcc-4.8-linaro_uClibc-1.0.x/lib -znow -zrelro  conftest.c  >&5
configure:3303: $? = 0
configure:3351: result: yes
configure:3354: checking for C compiler default output file name
configure:3356: result: a.out
configure:3362: checking for suffix of executables
configure:3369: mipsel-openwrt-linux-uclibc-gcc -o conftest -Os -pipe -mno-branch-likely -mips32r2 -mtune=24kec -mdsp -fno-caller-saves -fhonour-copts -Wno-error=unused-but-set-variable -Wno-error=unused-result -msoft-float  -D_FORTIFY_SOURCE=1 -Wl,-z,now -Wl,-z,relro -fpic  -I/home/guogh/work/pandorBox-SDK-mt7620/staging_dir/target-mipsel_24kec+dsp_uClibc-1.0.x/usr/include -I/home/guogh/work/pandorBox-SDK-mt7620/staging_dir/target-mipsel_24kec+dsp_uClibc-1.0.x/include -I/home/guogh/work/pandorBox-SDK-mt7620/staging_dir/toolchain-mipsel_24kec+dsp_gcc-4.8-linaro_uClibc-1.0.x/usr/include -I/home/guogh/work/pandorBox-SDK-mt7620/staging_dir/toolchain-mipsel_24kec+dsp_gcc-4.8-linaro_uClibc-1.0.x/include  -L/home/guogh/work/pandorBox-SDK-mt7620/staging_dir/target-mipsel_24kec+dsp_uClibc-1.0.x/usr/lib -L/home/guogh/work/pandorBox-SDK-mt7620/staging_dir/target-mipsel_24kec+dsp_uClibc-1.0.x/lib -L/home/guogh/work/pandorBox-SDK-mt7620/staging_dir/toolchain-mipsel_24kec+dsp_gcc-4.8-linaro_uClibc-1.0.x/usr/lib -L/home/guogh/work/pandorBox-SDK-mt7620/staging_dir/toolchain-mipsel_24kec+dsp_gcc-4.8-linaro_uClibc-1.0.x/lib -znow -zrelro  conftest.c  >&5
configure:3373: $? = 0
configure:3395: result: 
configure:3417: checking whether we are cross compiling
configure:3455: result: yes
configure:3460: checking for suffix of object files
configure:3482: mipsel-openwrt-linux-uclibc-gcc -c -Os -pipe -mno-branch-likely -mips32r2 -mtune=24kec -mdsp -fno-caller-saves -fhonour-copts -Wno-error=unused-but-set-variable -Wno-error=unused-result -msoft-float  -D_FORTIFY_SOURCE=1 -Wl,-z,now -Wl,-z,relro -fpic  -I/home/guogh/work/pandorBox-SDK-mt7620/staging_dir/target-mipsel_24kec+dsp_uClibc-1.0.x/usr/include -I/home/guogh/work/pandorBox-SDK-mt7620/staging_dir/target-mipsel_24kec+dsp_uClibc-1.0.x/include -I/home/guogh/work/pandorBox-SDK-mt7620/staging_dir/toolchain-mipsel_24kec+dsp_gcc-4.8-linaro_uClibc-1.0.x/usr/include -I/home/guogh/work/pandorBox-SDK-mt7620/staging_dir/toolchain-mipsel_24kec+dsp_gcc-4.8-linaro_uClibc-1.0.x/include  conftest.c >&5
configure:3486: $? = 0
configure:3507: result: o
configure:3511: checking whether we are using the GNU C compiler
configure:3530: mipsel-openwrt-linux-uclibc-gcc -c -Os -pipe -mno-branch-likely -mips32r2 -mtune=24kec -mdsp -fno-caller-saves -fhonour-copts -Wno-error=unused-but-set-variable -Wno-error=unused-result -msoft-float  -D_FORTIFY_SOURCE=1 -Wl,-z,now -Wl,-z,relro -fpic  -I/home/guogh/work/pandorBox-SDK-mt7620/staging_dir/target-mipsel_24kec+dsp_uClibc-1.0.x/usr/include -I/home/guogh/work/pandorBox-SDK-mt7620/staging_dir/target-mipsel_24kec+dsp_uClibc-1.0.x/include -I/home/guogh/work/pandorBox-SDK-mt7620/staging_dir/toolchain-mipsel_24kec+dsp_gcc-4.8-linaro_uClibc-1.0.x/usr/include -I/home/guogh/work/pandorBox-SDK-mt7620/staging_dir/toolchain-mipsel_24kec+dsp_gcc-4.8-linaro_uClibc-1.0.x/include  conftest.c >&5
configure:3530: $? = 0
configure:3539: result: yes
configure:3548: checking whether mipsel-openwrt-linux-uclibc-gcc accepts -g
configure:3568: mipsel-openwrt-linux-uclibc-gcc -c -g -I/home/guogh/work/pandorBox-SDK-mt7620/staging_dir/target-mipsel_24kec+dsp_uClibc-1.0.x/usr/include -I/home/guogh/work/pandorBox-SDK-mt7620/staging_dir/target-mipsel_24kec+dsp_uClibc-1.0.x/include -I/home/guogh/work/pandorBox-SDK-mt7620/staging_dir/toolchain-mipsel_24kec+dsp_gcc-4.8-linaro_uClibc-1.0.x/usr/include -I/home/guogh/work/pandorBox-SDK-mt7620/staging_dir/toolchain-mipsel_24kec+dsp_gcc-4.8-linaro_uClibc-1.0.x/include  conftest.c >&5
cc1: note: someone does not honour COPTS correctly, passed 0 times
configure:3568: $? = 0
configure: failed program was:
| /* confdefs.h */
| #define PACKAGE_NAME "libpng"
| #define PACKAGE_TARNAME "libpng"
| #define PACKAGE_VERSION "1.2.57"
| #define PACKAGE_STRING "libpng 1.2.57"
| #define PACKAGE_BUGREPORT "png-mng-implement@lists.sourceforge.net"
| #define PACKAGE_URL ""
| #define PACKAGE "libpng"
| #define VERSION "1.2.57"
| /* end confdefs.h.  */
| 
| int
| main ()
| {
| 
|   ;
|   return 0;
| }
configure:3583: mipsel-openwrt-linux-uclibc-gcc -c  -I/home/guogh/work/pandorBox-SDK-mt7620/staging_dir/target-mipsel_24kec+dsp_uClibc-1.0.x/usr/include -I/home/guogh/work/pandorBox-SDK-mt7620/staging_dir/target-mipsel_24kec+dsp_uClibc-1.0.x/include -I/home/guogh/work/pandorBox-SDK-mt7620/staging_dir/toolchain-mipsel_24kec+dsp_gcc-4.8-linaro_uClibc-1.0.x/usr/include -I/home/guogh/work/pandorBox-SDK-mt7620/staging_dir/toolchain-mipsel_24kec+dsp_gcc-4.8-linaro_uClibc-1.0.x/include  conftest.c >&5
cc1: note: someone does not honour COPTS correctly, passed 0 times
configure:3583: $? = 0
configure: failed program was:
| /* confdefs.h */
| #define PACKAGE_NAME "libpng"
| #define PACKAGE_TARNAME "libpng"
| #define PACKAGE_VERSION "1.2.57"
| #define PACKAGE_STRING "libpng 1.2.57"
| #define PACKAGE_BUGREPORT "png-mng-implement@lists.sourceforge.net"
| #define PACKAGE_URL ""
| #define PACKAGE "libpng"
| #define VERSION "1.2.57"
| /* end confdefs.h.  */
| 
| int
| main ()
| {
| 
|   ;
|   return 0;
| }
configure:3599: mipsel-openwrt-linux-uclibc-gcc -c -g -I/home/guogh/work/pandorBox-SDK-mt7620/staging_dir/target-mipsel_24kec+dsp_uClibc-1.0.x/usr/include -I/home/guogh/work/pandorBox-SDK-mt7620/staging_dir/target-mipsel_24kec+dsp_uClibc-1.0.x/include -I/home/guogh/work/pandorBox-SDK-mt7620/staging_dir/toolchain-mipsel_24kec+dsp_gcc-4.8-linaro_uClibc-1.0.x/usr/include -I/home/guogh/work/pandorBox-SDK-mt7620/staging_dir/toolchain-mipsel_24kec+dsp_gcc-4.8-linaro_uClibc-1.0.x/include  conftest.c >&5
cc1: note: someone does not honour COPTS correctly, passed 0 times
configure:3599: $? = 0
configure:3609: result: yes
configure:3626: checking for mipsel-openwrt-linux-uclibc-gcc option to accept ISO C89
configure:3689: mipsel-openwrt-linux-uclibc-gcc  -c -Os -pipe -mno-branch-likely -mips32r2 -mtune=24kec -mdsp -fno-caller-saves -fhonour-copts -Wno-error=unused-but-set-variable -Wno-error=unused-result -msoft-float  -D_FORTIFY_SOURCE=1 -Wl,-z,now -Wl,-z,relro -fpic  -I/home/guogh/work/pandorBox-SDK-mt7620/staging_dir/target-mipsel_24kec+dsp_uClibc-1.0.x/usr/include -I/home/guogh/work/pandorBox-SDK-mt7620/staging_dir/target-mipsel_24kec+dsp_uClibc-1.0.x/include -I/home/guogh/work/pandorBox-SDK-mt7620/staging_dir/toolchain-mipsel_24kec+dsp_gcc-4.8-linaro_uClibc-1.0.x/usr/include -I/home/guogh/work/pandorBox-SDK-mt7620/staging_dir/toolchain-mipsel_24kec+dsp_gcc-4.8-linaro_uClibc-1.0.x/include  conftest.c >&5
configure:3689: $? = 0
configure:3702: result: none needed
configure:3727: checking whether mipsel-openwrt-linux-uclibc-gcc understands -c and -o together
configure:3749: mipsel-openwrt-linux-uclibc-gcc -c conftest.c -o conftest2.o
cc1: note: someone does not honour COPTS correctly, passed 0 times
configure:3752: $? = 0
configure:3749: mipsel-openwrt-linux-uclibc-gcc -c conftest.c -o conftest2.o
cc1: note: someone does not honour COPTS correctly, passed 0 times
configure:3752: $? = 0
configure:3764: result: yes
configure:3792: checking for style of include used by make
configure:3820: result: GNU
configure:3846: checking dependency style of mipsel-openwrt-linux-uclibc-gcc
configure:3957: result: gcc3
configure:3976: checking build system type
configure:3990: result: x86_64-pc-linux-gnu
configure:4010: checking host system type
configure:4023: result: mipsel-openwrt-linux-gnu
configure:4043: checking for a sed that does not truncate output
configure:4107: result: /home/guogh/work/pandorBox-SDK-mt7620/staging_dir/host/bin/sed
configure:4124: checking for grep that handles long lines and -e
configure:4182: result: /home/guogh/work/pandorBox-SDK-mt7620/staging_dir/host/bin/grep
configure:4187: checking for egrep
configure:4249: result: /home/guogh/work/pandorBox-SDK-mt7620/staging_dir/host/bin/grep -E
configure:4254: checking for fgrep
configure:4316: result: /home/guogh/work/pandorBox-SDK-mt7620/staging_dir/host/bin/grep -F
configure:4343: checking how to print strings
configure:4370: result: printf
configure:4403: checking for ld used by mipsel-openwrt-linux-uclibc-gcc
configure:4470: result: mipsel-openwrt-linux-uclibc-ld
configure:4477: checking if the linker (mipsel-openwrt-linux-uclibc-ld) is GNU ld
configure:4492: result: yes
configure:4509: checking how to run the C preprocessor
configure:4540: mipsel-openwrt-linux-uclibc-gcc -E -I/home/guogh/work/pandorBox-SDK-mt7620/staging_dir/target-mipsel_24kec+dsp_uClibc-1.0.x/usr/include -I/home/guogh/work/pandorBox-SDK-mt7620/staging_dir/target-mipsel_24kec+dsp_uClibc-1.0.x/include -I/home/guogh/work/pandorBox-SDK-mt7620/staging_dir/toolchain-mipsel_24kec+dsp_gcc-4.8-linaro_uClibc-1.0.x/usr/include -I/home/guogh/work/pandorBox-SDK-mt7620/staging_dir/toolchain-mipsel_24kec+dsp_gcc-4.8-linaro_uClibc-1.0.x/include  conftest.c
configure:4540: $? = 0
configure:4554: mipsel-openwrt-linux-uclibc-gcc -E -I/home/guogh/work/pandorBox-SDK-mt7620/staging_dir/target-mipsel_24kec+dsp_uClibc-1.0.x/usr/include -I/home/guogh/work/pandorBox-SDK-mt7620/staging_dir/target-mipsel_24kec+dsp_uClibc-1.0.x/include -I/home/guogh/work/pandorBox-SDK-mt7620/staging_dir/toolchain-mipsel_24kec+dsp_gcc-4.8-linaro_uClibc-1.0.x/usr/include -I/home/guogh/work/pandorBox-SDK-mt7620/staging_dir/toolchain-mipsel_24kec+dsp_gcc-4.8-linaro_uClibc-1.0.x/include  conftest.c
conftest.c:11:28: fatal error: ac_nonexistent.h: No such file or directory
 #include <ac_nonexistent.h>
                            ^
compilation terminated.
configure:4554: $? = 1
configure: failed program was:
| /* confdefs.h */
| #define PACKAGE_NAME "libpng"
| #define PACKAGE_TARNAME "libpng"
| #define PACKAGE_VERSION "1.2.57"
| #define PACKAGE_STRING "libpng 1.2.57"
| #define PACKAGE_BUGREPORT "png-mng-implement@lists.sourceforge.net"
| #define PACKAGE_URL ""
| #define PACKAGE "libpng"
| #define VERSION "1.2.57"
| /* end confdefs.h.  */
| #include <ac_nonexistent.h>
configure:4579: result: mipsel-openwrt-linux-uclibc-gcc -E
configure:4599: mipsel-openwrt-linux-uclibc-gcc -E -I/home/guogh/work/pandorBox-SDK-mt7620/staging_dir/target-mipsel_24kec+dsp_uClibc-1.0.x/usr/include -I/home/guogh/work/pandorBox-SDK-mt7620/staging_dir/target-mipsel_24kec+dsp_uClibc-1.0.x/include -I/home/guogh/work/pandorBox-SDK-mt7620/staging_dir/toolchain-mipsel_24kec+dsp_gcc-4.8-linaro_uClibc-1.0.x/usr/include -I/home/guogh/work/pandorBox-SDK-mt7620/staging_dir/toolchain-mipsel_24kec+dsp_gcc-4.8-linaro_uClibc-1.0.x/include  conftest.c
configure:4599: $? = 0
configure:4613: mipsel-openwrt-linux-uclibc-gcc -E -I/home/guogh/work/pandorBox-SDK-mt7620/staging_dir/target-mipsel_24kec+dsp_uClibc-1.0.x/usr/include -I/home/guogh/work/pandorBox-SDK-mt7620/staging_dir/target-mipsel_24kec+dsp_uClibc-1.0.x/include -I/home/guogh/work/pandorBox-SDK-mt7620/staging_dir/toolchain-mipsel_24kec+dsp_gcc-4.8-linaro_uClibc-1.0.x/usr/include -I/home/guogh/work/pandorBox-SDK-mt7620/staging_dir/toolchain-mipsel_24kec+dsp_gcc-4.8-linaro_uClibc-1.0.x/include  conftest.c
conftest.c:11:28: fatal error: ac_nonexistent.h: No such file or directory
 #include <ac_nonexistent.h>
                            ^
compilation terminated.
configure:4613: $? = 1
configure: failed program was:
| /* confdefs.h */
| #define PACKAGE_NAME "libpng"
| #define PACKAGE_TARNAME "libpng"
| #define PACKAGE_VERSION "1.2.57"
| #define PACKAGE_STRING "libpng 1.2.57"
| #define PACKAGE_BUGREPORT "png-mng-implement@lists.sourceforge.net"
| #define PACKAGE_URL ""
| #define PACKAGE "libpng"
| #define VERSION "1.2.57"
| /* end confdefs.h.  */
| #include <ac_nonexistent.h>
configure:4644: checking for mipsel-openwrt-linux-sed
configure:4671: result: /home/guogh/work/pandorBox-SDK-mt7620/staging_dir/host/bin/sed
configure:5037: checking whether ln -s works
configure:5041: result: yes
configure:5048: checking whether make sets $(MAKE)
configure:5070: result: yes
configure:5121: checking for BSD- or MS-compatible name lister (nm)
configure:5170: result: mipsel-openwrt-linux-uclibc-gcc-nm
configure:5300: checking the name lister (mipsel-openwrt-linux-uclibc-gcc-nm) interface
configure:5307: mipsel-openwrt-linux-uclibc-gcc -c -Os -pipe -mno-branch-likely -mips32r2 -mtune=24kec -mdsp -fno-caller-saves -fhonour-copts -Wno-error=unused-but-set-variable -Wno-error=unused-result -msoft-float  -D_FORTIFY_SOURCE=1 -Wl,-z,now -Wl,-z,relro -fpic  -I/home/guogh/work/pandorBox-SDK-mt7620/staging_dir/target-mipsel_24kec+dsp_uClibc-1.0.x/usr/include -I/home/guogh/work/pandorBox-SDK-mt7620/staging_dir/target-mipsel_24kec+dsp_uClibc-1.0.x/include -I/home/guogh/work/pandorBox-SDK-mt7620/staging_dir/toolchain-mipsel_24kec+dsp_gcc-4.8-linaro_uClibc-1.0.x/usr/include -I/home/guogh/work/pandorBox-SDK-mt7620/staging_dir/toolchain-mipsel_24kec+dsp_gcc-4.8-linaro_uClibc-1.0.x/include  conftest.c >&5
configure:5310: mipsel-openwrt-linux-uclibc-gcc-nm "conftest.o"
configure:5313: output
00000000 B some_variable
configure:5320: result: BSD nm
configure:5324: checking the maximum length of command line arguments
configure:5449: result: 1572864
configure:5466: checking whether the shell understands some XSI constructs
configure:5476: result: yes
configure:5480: checking whether the shell understands "+="
configure:5486: result: yes
configure:5521: checking how to convert x86_64-pc-linux-gnu file names to mipsel-openwrt-linux-gnu format
configure:5561: result: func_convert_file_noop
configure:5568: checking how to convert x86_64-pc-linux-gnu file names to toolchain format
configure:5588: result: func_convert_file_noop
configure:5595: checking for mipsel-openwrt-linux-uclibc-ld option to reload object files
configure:5602: result: -r
configure:5636: checking for mipsel-openwrt-linux-objdump
configure:5663: result: mipsel-openwrt-linux-uclibc-objdump
configure:5732: checking how to recognize dependent libraries
configure:5934: result: pass_all
configure:5979: checking for mipsel-openwrt-linux-dlltool
configure:6006: result: dlltool
configure:6076: checking how to associate runtime and link libraries
configure:6103: result: printf %s\n
configure:6120: checking for mipsel-openwrt-linux-ar
configure:6147: result: mipsel-openwrt-linux-uclibc-gcc-ar
configure:6228: checking for archiver @FILE support
configure:6245: mipsel-openwrt-linux-uclibc-gcc -c -Os -pipe -mno-branch-likely -mips32r2 -mtune=24kec -mdsp -fno-caller-saves -fhonour-copts -Wno-error=unused-but-set-variable -Wno-error=unused-result -msoft-float  -D_FORTIFY_SOURCE=1 -Wl,-z,now -Wl,-z,relro -fpic  -I/home/guogh/work/pandorBox-SDK-mt7620/staging_dir/target-mipsel_24kec+dsp_uClibc-1.0.x/usr/include -I/home/guogh/work/pandorBox-SDK-mt7620/staging_dir/target-mipsel_24kec+dsp_uClibc-1.0.x/include -I/home/guogh/work/pandorBox-SDK-mt7620/staging_dir/toolchain-mipsel_24kec+dsp_gcc-4.8-linaro_uClibc-1.0.x/usr/include -I/home/guogh/work/pandorBox-SDK-mt7620/staging_dir/toolchain-mipsel_24kec+dsp_gcc-4.8-linaro_uClibc-1.0.x/include  conftest.c >&5
configure:6245: $? = 0
configure:6248: mipsel-openwrt-linux-uclibc-gcc-ar cru libconftest.a @conftest.lst >&5
configure:6251: $? = 0
configure:6256: mipsel-openwrt-linux-uclibc-gcc-ar cru libconftest.a @conftest.lst >&5
/home/guogh/work/pandorBox-SDK-mt7620/staging_dir/toolchain-mipsel_24kec+dsp_gcc-4.8-linaro_uClibc-1.0.x/bin/../lib/gcc/mipsel-openwrt-linux-uclibc/4.8.3/../../../../mipsel-openwrt-linux-uclibc/bin/ar: conftest.o: No such file or directory
configure:6259: $? = 1
configure:6271: result: @
configure:6289: checking for mipsel-openwrt-linux-strip
configure:6316: result: mipsel-openwrt-linux-uclibc-strip
configure:6388: checking for mipsel-openwrt-linux-ranlib
configure:6415: result: mipsel-openwrt-linux-uclibc-gcc-ranlib
configure:6556: checking command to parse mipsel-openwrt-linux-uclibc-gcc-nm output from mipsel-openwrt-linux-uclibc-gcc object
configure:6675: mipsel-openwrt-linux-uclibc-gcc -c -Os -pipe -mno-branch-likely -mips32r2 -mtune=24kec -mdsp -fno-caller-saves -fhonour-copts -Wno-error=unused-but-set-variable -Wno-error=unused-result -msoft-float  -D_FORTIFY_SOURCE=1 -Wl,-z,now -Wl,-z,relro -fpic  -I/home/guogh/work/pandorBox-SDK-mt7620/staging_dir/target-mipsel_24kec+dsp_uClibc-1.0.x/usr/include -I/home/guogh/work/pandorBox-SDK-mt7620/staging_dir/target-mipsel_24kec+dsp_uClibc-1.0.x/include -I/home/guogh/work/pandorBox-SDK-mt7620/staging_dir/toolchain-mipsel_24kec+dsp_gcc-4.8-linaro_uClibc-1.0.x/usr/include -I/home/guogh/work/pandorBox-SDK-mt7620/staging_dir/toolchain-mipsel_24kec+dsp_gcc-4.8-linaro_uClibc-1.0.x/include  conftest.c >&5
configure:6678: $? = 0
configure:6682: mipsel-openwrt-linux-uclibc-gcc-nm conftest.o \| sed -n -e 's/^.*[ ]\([ABCDGIRSTW][ABCDGIRSTW]*\)[ ][ ]*\([_A-Za-z][_A-Za-z0-9]*\)$/\1 \2 \2/p' | sed '/ __gnu_lto/d' \> conftest.nm
configure:6685: $? = 0
configure:6751: mipsel-openwrt-linux-uclibc-gcc -o conftest -Os -pipe -mno-branch-likely -mips32r2 -mtune=24kec -mdsp -fno-caller-saves -fhonour-copts -Wno-error=unused-but-set-variable -Wno-error=unused-result -msoft-float  -D_FORTIFY_SOURCE=1 -Wl,-z,now -Wl,-z,relro -fpic  -I/home/guogh/work/pandorBox-SDK-mt7620/staging_dir/target-mipsel_24kec+dsp_uClibc-1.0.x/usr/include -I/home/guogh/work/pandorBox-SDK-mt7620/staging_dir/target-mipsel_24kec+dsp_uClibc-1.0.x/include -I/home/guogh/work/pandorBox-SDK-mt7620/staging_dir/toolchain-mipsel_24kec+dsp_gcc-4.8-linaro_uClibc-1.0.x/usr/include -I/home/guogh/work/pandorBox-SDK-mt7620/staging_dir/toolchain-mipsel_24kec+dsp_gcc-4.8-linaro_uClibc-1.0.x/include  -L/home/guogh/work/pandorBox-SDK-mt7620/staging_dir/target-mipsel_24kec+dsp_uClibc-1.0.x/usr/lib -L/home/guogh/work/pandorBox-SDK-mt7620/staging_dir/target-mipsel_24kec+dsp_uClibc-1.0.x/lib -L/home/guogh/work/pandorBox-SDK-mt7620/staging_dir/toolchain-mipsel_24kec+dsp_gcc-4.8-linaro_uClibc-1.0.x/usr/lib -L/home/guogh/work/pandorBox-SDK-mt7620/staging_dir/toolchain-mipsel_24kec+dsp_gcc-4.8-linaro_uClibc-1.0.x/lib -znow -zrelro  conftest.c conftstm.o >&5
configure:6754: $? = 0
configure:6792: result: ok
configure:6829: checking for sysroot
configure:6859: result: no
configure:7062: checking for mipsel-openwrt-linux-mt
configure:7092: result: no
configure:7102: checking for mt
configure:7118: found /bin/mt
configure:7129: result: mt
configure:7141: WARNING: using cross tools not prefixed with host triplet
configure:7152: checking if mt is a manifest tool
configure:7158: mt '-?'
configure:7166: result: no
configure:7794: checking for ANSI C header files
configure:7814: mipsel-openwrt-linux-uclibc-gcc -c -Os -pipe -mno-branch-likely -mips32r2 -mtune=24kec -mdsp -fno-caller-saves -fhonour-copts -Wno-error=unused-but-set-variable -Wno-error=unused-result -msoft-float  -D_FORTIFY_SOURCE=1 -Wl,-z,now -Wl,-z,relro -fpic  -I/home/guogh/work/pandorBox-SDK-mt7620/staging_dir/target-mipsel_24kec+dsp_uClibc-1.0.x/usr/include -I/home/guogh/work/pandorBox-SDK-mt7620/staging_dir/target-mipsel_24kec+dsp_uClibc-1.0.x/include -I/home/guogh/work/pandorBox-SDK-mt7620/staging_dir/toolchain-mipsel_24kec+dsp_gcc-4.8-linaro_uClibc-1.0.x/usr/include -I/home/guogh/work/pandorBox-SDK-mt7620/staging_dir/toolchain-mipsel_24kec+dsp_gcc-4.8-linaro_uClibc-1.0.x/include  conftest.c >&5
configure:7814: $? = 0
configure:7898: result: yes
configure:7911: checking for sys/types.h
configure:7911: mipsel-openwrt-linux-uclibc-gcc -c -Os -pipe -mno-branch-likely -mips32r2 -mtune=24kec -mdsp -fno-caller-saves -fhonour-copts -Wno-error=unused-but-set-variable -Wno-error=unused-result -msoft-float  -D_FORTIFY_SOURCE=1 -Wl,-z,now -Wl,-z,relro -fpic  -I/home/guogh/work/pandorBox-SDK-mt7620/staging_dir/target-mipsel_24kec+dsp_uClibc-1.0.x/usr/include -I/home/guogh/work/pandorBox-SDK-mt7620/staging_dir/target-mipsel_24kec+dsp_uClibc-1.0.x/include -I/home/guogh/work/pandorBox-SDK-mt7620/staging_dir/toolchain-mipsel_24kec+dsp_gcc-4.8-linaro_uClibc-1.0.x/usr/include -I/home/guogh/work/pandorBox-SDK-mt7620/staging_dir/toolchain-mipsel_24kec+dsp_gcc-4.8-linaro_uClibc-1.0.x/include  conftest.c >&5
configure:7911: $? = 0
configure:7911: result: yes
configure:7911: checking for sys/stat.h
configure:7911: mipsel-openwrt-linux-uclibc-gcc -c -Os -pipe -mno-branch-likely -mips32r2 -mtune=24kec -mdsp -fno-caller-saves -fhonour-copts -Wno-error=unused-but-set-variable -Wno-error=unused-result -msoft-float  -D_FORTIFY_SOURCE=1 -Wl,-z,now -Wl,-z,relro -fpic  -I/home/guogh/work/pandorBox-SDK-mt7620/staging_dir/target-mipsel_24kec+dsp_uClibc-1.0.x/usr/include -I/home/guogh/work/pandorBox-SDK-mt7620/staging_dir/target-mipsel_24kec+dsp_uClibc-1.0.x/include -I/home/guogh/work/pandorBox-SDK-mt7620/staging_dir/toolchain-mipsel_24kec+dsp_gcc-4.8-linaro_uClibc-1.0.x/usr/include -I/home/guogh/work/pandorBox-SDK-mt7620/staging_dir/toolchain-mipsel_24kec+dsp_gcc-4.8-linaro_uClibc-1.0.x/include  conftest.c >&5
configure:7911: $? = 0
configure:7911: result: yes
configure:7911: checking for stdlib.h
configure:7911: mipsel-openwrt-linux-uclibc-gcc -c -Os -pipe -mno-branch-likely -mips32r2 -mtune=24kec -mdsp -fno-caller-saves -fhonour-copts -Wno-error=unused-but-set-variable -Wno-error=unused-result -msoft-float  -D_FORTIFY_SOURCE=1 -Wl,-z,now -Wl,-z,relro -fpic  -I/home/guogh/work/pandorBox-SDK-mt7620/staging_dir/target-mipsel_24kec+dsp_uClibc-1.0.x/usr/include -I/home/guogh/work/pandorBox-SDK-mt7620/staging_dir/target-mipsel_24kec+dsp_uClibc-1.0.x/include -I/home/guogh/work/pandorBox-SDK-mt7620/staging_dir/toolchain-mipsel_24kec+dsp_gcc-4.8-linaro_uClibc-1.0.x/usr/include -I/home/guogh/work/pandorBox-SDK-mt7620/staging_dir/toolchain-mipsel_24kec+dsp_gcc-4.8-linaro_uClibc-1.0.x/include  conftest.c >&5
configure:7911: $? = 0
configure:7911: result: yes
configure:7911: checking for string.h
configure:7911: mipsel-openwrt-linux-uclibc-gcc -c -Os -pipe -mno-branch-likely -mips32r2 -mtune=24kec -mdsp -fno-caller-saves -fhonour-copts -Wno-error=unused-but-set-variable -Wno-error=unused-result -msoft-float  -D_FORTIFY_SOURCE=1 -Wl,-z,now -Wl,-z,relro -fpic  -I/home/guogh/work/pandorBox-SDK-mt7620/staging_dir/target-mipsel_24kec+dsp_uClibc-1.0.x/usr/include -I/home/guogh/work/pandorBox-SDK-mt7620/staging_dir/target-mipsel_24kec+dsp_uClibc-1.0.x/include -I/home/guogh/work/pandorBox-SDK-mt7620/staging_dir/toolchain-mipsel_24kec+dsp_gcc-4.8-linaro_uClibc-1.0.x/usr/include -I/home/guogh/work/pandorBox-SDK-mt7620/staging_dir/toolchain-mipsel_24kec+dsp_gcc-4.8-linaro_uClibc-1.0.x/include  conftest.c >&5
configure:7911: $? = 0
configure:7911: result: yes
configure:7911: checking for memory.h
configure:7911: mipsel-openwrt-linux-uclibc-gcc -c -Os -pipe -mno-branch-likely -mips32r2 -mtune=24kec -mdsp -fno-caller-saves -fhonour-copts -Wno-error=unused-but-set-variable -Wno-error=unused-result -msoft-float  -D_FORTIFY_SOURCE=1 -Wl,-z,now -Wl,-z,relro -fpic  -I/home/guogh/work/pandorBox-SDK-mt7620/staging_dir/target-mipsel_24kec+dsp_uClibc-1.0.x/usr/include -I/home/guogh/work/pandorBox-SDK-mt7620/staging_dir/target-mipsel_24kec+dsp_uClibc-1.0.x/include -I/home/guogh/work/pandorBox-SDK-mt7620/staging_dir/toolchain-mipsel_24kec+dsp_gcc-4.8-linaro_uClibc-1.0.x/usr/include -I/home/guogh/work/pandorBox-SDK-mt7620/staging_dir/toolchain-mipsel_24kec+dsp_gcc-4.8-linaro_uClibc-1.0.x/include  conftest.c >&5
configure:7911: $? = 0
configure:7911: result: yes
configure:7911: checking for strings.h
configure:7911: mipsel-openwrt-linux-uclibc-gcc -c -Os -pipe -mno-branch-likely -mips32r2 -mtune=24kec -mdsp -fno-caller-saves -fhonour-copts -Wno-error=unused-but-set-variable -Wno-error=unused-result -msoft-float  -D_FORTIFY_SOURCE=1 -Wl,-z,now -Wl,-z,relro -fpic  -I/home/guogh/work/pandorBox-SDK-mt7620/staging_dir/target-mipsel_24kec+dsp_uClibc-1.0.x/usr/include -I/home/guogh/work/pandorBox-SDK-mt7620/staging_dir/target-mipsel_24kec+dsp_uClibc-1.0.x/include -I/home/guogh/work/pandorBox-SDK-mt7620/staging_dir/toolchain-mipsel_24kec+dsp_gcc-4.8-linaro_uClibc-1.0.x/usr/include -I/home/guogh/work/pandorBox-SDK-mt7620/staging_dir/toolchain-mipsel_24kec+dsp_gcc-4.8-linaro_uClibc-1.0.x/include  conftest.c >&5
configure:7911: $? = 0
configure:7911: result: yes
configure:7911: checking for inttypes.h
configure:7911: mipsel-openwrt-linux-uclibc-gcc -c -Os -pipe -mno-branch-likely -mips32r2 -mtune=24kec -mdsp -fno-caller-saves -fhonour-copts -Wno-error=unused-but-set-variable -Wno-error=unused-result -msoft-float  -D_FORTIFY_SOURCE=1 -Wl,-z,now -Wl,-z,relro -fpic  -I/home/guogh/work/pandorBox-SDK-mt7620/staging_dir/target-mipsel_24kec+dsp_uClibc-1.0.x/usr/include -I/home/guogh/work/pandorBox-SDK-mt7620/staging_dir/target-mipsel_24kec+dsp_uClibc-1.0.x/include -I/home/guogh/work/pandorBox-SDK-mt7620/staging_dir/toolchain-mipsel_24kec+dsp_gcc-4.8-linaro_uClibc-1.0.x/usr/include -I/home/guogh/work/pandorBox-SDK-mt7620/staging_dir/toolchain-mipsel_24kec+dsp_gcc-4.8-linaro_uClibc-1.0.x/include  conftest.c >&5
configure:7911: $? = 0
configure:7911: result: yes
configure:7911: checking for stdint.h
configure:7911: mipsel-openwrt-linux-uclibc-gcc -c -Os -pipe -mno-branch-likely -mips32r2 -mtune=24kec -mdsp -fno-caller-saves -fhonour-copts -Wno-error=unused-but-set-variable -Wno-error=unused-result -msoft-float  -D_FORTIFY_SOURCE=1 -Wl,-z,now -Wl,-z,relro -fpic  -I/home/guogh/work/pandorBox-SDK-mt7620/staging_dir/target-mipsel_24kec+dsp_uClibc-1.0.x/usr/include -I/home/guogh/work/pandorBox-SDK-mt7620/staging_dir/target-mipsel_24kec+dsp_uClibc-1.0.x/include -I/home/guogh/work/pandorBox-SDK-mt7620/staging_dir/toolchain-mipsel_24kec+dsp_gcc-4.8-linaro_uClibc-1.0.x/usr/include -I/home/guogh/work/pandorBox-SDK-mt7620/staging_dir/toolchain-mipsel_24kec+dsp_gcc-4.8-linaro_uClibc-1.0.x/include  conftest.c >&5
configure:7911: $? = 0
configure:7911: result: yes
configure:7911: checking for unistd.h
configure:7911: mipsel-openwrt-linux-uclibc-gcc -c -Os -pipe -mno-branch-likely -mips32r2 -mtune=24kec -mdsp -fno-caller-saves -fhonour-copts -Wno-error=unused-but-set-variable -Wno-error=unused-result -msoft-float  -D_FORTIFY_SOURCE=1 -Wl,-z,now -Wl,-z,relro -fpic  -I/home/guogh/work/pandorBox-SDK-mt7620/staging_dir/target-mipsel_24kec+dsp_uClibc-1.0.x/usr/include -I/home/guogh/work/pandorBox-SDK-mt7620/staging_dir/target-mipsel_24kec+dsp_uClibc-1.0.x/include -I/home/guogh/work/pandorBox-SDK-mt7620/staging_dir/toolchain-mipsel_24kec+dsp_gcc-4.8-linaro_uClibc-1.0.x/usr/include -I/home/guogh/work/pandorBox-SDK-mt7620/staging_dir/toolchain-mipsel_24kec+dsp_gcc-4.8-linaro_uClibc-1.0.x/include  conftest.c >&5
configure:7911: $? = 0
configure:7911: result: yes
configure:7925: checking for dlfcn.h
configure:7925: mipsel-openwrt-linux-uclibc-gcc -c -Os -pipe -mno-branch-likely -mips32r2 -mtune=24kec -mdsp -fno-caller-saves -fhonour-copts -Wno-error=unused-but-set-variable -Wno-error=unused-result -msoft-float  -D_FORTIFY_SOURCE=1 -Wl,-z,now -Wl,-z,relro -fpic  -I/home/guogh/work/pandorBox-SDK-mt7620/staging_dir/target-mipsel_24kec+dsp_uClibc-1.0.x/usr/include -I/home/guogh/work/pandorBox-SDK-mt7620/staging_dir/target-mipsel_24kec+dsp_uClibc-1.0.x/include -I/home/guogh/work/pandorBox-SDK-mt7620/staging_dir/toolchain-mipsel_24kec+dsp_gcc-4.8-linaro_uClibc-1.0.x/usr/include -I/home/guogh/work/pandorBox-SDK-mt7620/staging_dir/toolchain-mipsel_24kec+dsp_gcc-4.8-linaro_uClibc-1.0.x/include  conftest.c >&5
configure:7925: $? = 0
configure:7925: result: yes
configure:8110: checking for objdir
configure:8125: result: .libs
configure:8391: checking if mipsel-openwrt-linux-uclibc-gcc supports -fno-rtti -fno-exceptions
configure:8409: mipsel-openwrt-linux-uclibc-gcc -c -Os -pipe -mno-branch-likely -mips32r2 -mtune=24kec -mdsp -fno-caller-saves -fhonour-copts -Wno-error=unused-but-set-variable -Wno-error=unused-result -msoft-float  -D_FORTIFY_SOURCE=1 -Wl,-z,now -Wl,-z,relro -fpic  -I/home/guogh/work/pandorBox-SDK-mt7620/staging_dir/target-mipsel_24kec+dsp_uClibc-1.0.x/usr/include -I/home/guogh/work/pandorBox-SDK-mt7620/staging_dir/target-mipsel_24kec+dsp_uClibc-1.0.x/include -I/home/guogh/work/pandorBox-SDK-mt7620/staging_dir/toolchain-mipsel_24kec+dsp_gcc-4.8-linaro_uClibc-1.0.x/usr/include -I/home/guogh/work/pandorBox-SDK-mt7620/staging_dir/toolchain-mipsel_24kec+dsp_gcc-4.8-linaro_uClibc-1.0.x/include  -fno-rtti -fno-exceptions conftest.c >&5
cc1: warning: command line option '-fno-rtti' is valid for C++/ObjC++ but not for C [enabled by default]
configure:8413: $? = 0
configure:8426: result: no
configure:8736: checking for mipsel-openwrt-linux-uclibc-gcc option to produce PIC
configure:8743: result: -fPIC -DPIC
configure:8751: checking if mipsel-openwrt-linux-uclibc-gcc PIC flag -fPIC -DPIC works
configure:8769: mipsel-openwrt-linux-uclibc-gcc -c -Os -pipe -mno-branch-likely -mips32r2 -mtune=24kec -mdsp -fno-caller-saves -fhonour-copts -Wno-error=unused-but-set-variable -Wno-error=unused-result -msoft-float  -D_FORTIFY_SOURCE=1 -Wl,-z,now -Wl,-z,relro -fpic  -I/home/guogh/work/pandorBox-SDK-mt7620/staging_dir/target-mipsel_24kec+dsp_uClibc-1.0.x/usr/include -I/home/guogh/work/pandorBox-SDK-mt7620/staging_dir/target-mipsel_24kec+dsp_uClibc-1.0.x/include -I/home/guogh/work/pandorBox-SDK-mt7620/staging_dir/toolchain-mipsel_24kec+dsp_gcc-4.8-linaro_uClibc-1.0.x/usr/include -I/home/guogh/work/pandorBox-SDK-mt7620/staging_dir/toolchain-mipsel_24kec+dsp_gcc-4.8-linaro_uClibc-1.0.x/include  -fPIC -DPIC -DPIC conftest.c >&5
configure:8773: $? = 0
configure:8786: result: yes
configure:8815: checking if mipsel-openwrt-linux-uclibc-gcc static flag -static works
configure:8843: result: no
configure:8858: checking if mipsel-openwrt-linux-uclibc-gcc supports -c -o file.o
configure:8879: mipsel-openwrt-linux-uclibc-gcc -c -Os -pipe -mno-branch-likely -mips32r2 -mtune=24kec -mdsp -fno-caller-saves -fhonour-copts -Wno-error=unused-but-set-variable -Wno-error=unused-result -msoft-float  -D_FORTIFY_SOURCE=1 -Wl,-z,now -Wl,-z,relro -fpic  -I/home/guogh/work/pandorBox-SDK-mt7620/staging_dir/target-mipsel_24kec+dsp_uClibc-1.0.x/usr/include -I/home/guogh/work/pandorBox-SDK-mt7620/staging_dir/target-mipsel_24kec+dsp_uClibc-1.0.x/include -I/home/guogh/work/pandorBox-SDK-mt7620/staging_dir/toolchain-mipsel_24kec+dsp_gcc-4.8-linaro_uClibc-1.0.x/usr/include -I/home/guogh/work/pandorBox-SDK-mt7620/staging_dir/toolchain-mipsel_24kec+dsp_gcc-4.8-linaro_uClibc-1.0.x/include  -o out/conftest2.o conftest.c >&5
configure:8883: $? = 0
configure:8905: result: yes
configure:8913: checking if mipsel-openwrt-linux-uclibc-gcc supports -c -o file.o
configure:8960: result: yes
configure:8993: checking whether the mipsel-openwrt-linux-uclibc-gcc linker (mipsel-openwrt-linux-uclibc-ld) supports shared libraries
configure:10151: result: yes
configure:10188: checking whether -lc should be explicitly linked in
configure:10196: mipsel-openwrt-linux-uclibc-gcc -c -Os -pipe -mno-branch-likely -mips32r2 -mtune=24kec -mdsp -fno-caller-saves -fhonour-copts -Wno-error=unused-but-set-variable -Wno-error=unused-result -msoft-float  -D_FORTIFY_SOURCE=1 -Wl,-z,now -Wl,-z,relro -fpic  -I/home/guogh/work/pandorBox-SDK-mt7620/staging_dir/target-mipsel_24kec+dsp_uClibc-1.0.x/usr/include -I/home/guogh/work/pandorBox-SDK-mt7620/staging_dir/target-mipsel_24kec+dsp_uClibc-1.0.x/include -I/home/guogh/work/pandorBox-SDK-mt7620/staging_dir/toolchain-mipsel_24kec+dsp_gcc-4.8-linaro_uClibc-1.0.x/usr/include -I/home/guogh/work/pandorBox-SDK-mt7620/staging_dir/toolchain-mipsel_24kec+dsp_gcc-4.8-linaro_uClibc-1.0.x/include  conftest.c >&5
configure:10199: $? = 0
configure:10214: mipsel-openwrt-linux-uclibc-gcc -shared  -fPIC -DPIC conftest.o  -v -Wl,-soname -Wl,conftest -o conftest 2\>\&1 \| /home/guogh/work/pandorBox-SDK-mt7620/staging_dir/host/bin/grep  -lc  \>/dev/null 2\>\&1
configure:10217: $? = 0
configure:10231: result: no
configure:10396: checking dynamic linker characteristics
configure:10910: mipsel-openwrt-linux-uclibc-gcc -o conftest -Os -pipe -mno-branch-likely -mips32r2 -mtune=24kec -mdsp -fno-caller-saves -fhonour-copts -Wno-error=unused-but-set-variable -Wno-error=unused-result -msoft-float  -D_FORTIFY_SOURCE=1 -Wl,-z,now -Wl,-z,relro -fpic  -I/home/guogh/work/pandorBox-SDK-mt7620/staging_dir/target-mipsel_24kec+dsp_uClibc-1.0.x/usr/include -I/home/guogh/work/pandorBox-SDK-mt7620/staging_dir/target-mipsel_24kec+dsp_uClibc-1.0.x/include -I/home/guogh/work/pandorBox-SDK-mt7620/staging_dir/toolchain-mipsel_24kec+dsp_gcc-4.8-linaro_uClibc-1.0.x/usr/include -I/home/guogh/work/pandorBox-SDK-mt7620/staging_dir/toolchain-mipsel_24kec+dsp_gcc-4.8-linaro_uClibc-1.0.x/include  -L/home/guogh/work/pandorBox-SDK-mt7620/staging_dir/target-mipsel_24kec+dsp_uClibc-1.0.x/usr/lib -L/home/guogh/work/pandorBox-SDK-mt7620/staging_dir/target-mipsel_24kec+dsp_uClibc-1.0.x/lib -L/home/guogh/work/pandorBox-SDK-mt7620/staging_dir/toolchain-mipsel_24kec+dsp_gcc-4.8-linaro_uClibc-1.0.x/usr/lib -L/home/guogh/work/pandorBox-SDK-mt7620/staging_dir/toolchain-mipsel_24kec+dsp_gcc-4.8-linaro_uClibc-1.0.x/lib -znow -zrelro  -Wl,-rpath -Wl,/foo conftest.c  >&5
configure:10910: $? = 0
configure:11132: result: GNU/Linux ld.so
configure:11239: checking how to hardcode library paths into programs
configure:11264: result: immediate
configure:11804: checking whether stripping libraries is possible
configure:11809: result: yes
configure:11844: checking if libtool supports shared libraries
configure:11846: result: yes
configure:11849: checking whether to build shared libraries
configure:11870: result: yes
configure:11873: checking whether to build static libraries
configure:11877: result: yes
configure:11914: checking for ANSI C header files
configure:12018: result: yes
configure:12029: checking malloc.h usability
configure:12029: mipsel-openwrt-linux-uclibc-gcc -c -Os -pipe -mno-branch-likely -mips32r2 -mtune=24kec -mdsp -fno-caller-saves -fhonour-copts -Wno-error=unused-but-set-variable -Wno-error=unused-result -msoft-float  -D_FORTIFY_SOURCE=1 -Wl,-z,now -Wl,-z,relro -fpic  -I/home/guogh/work/pandorBox-SDK-mt7620/staging_dir/target-mipsel_24kec+dsp_uClibc-1.0.x/usr/include -I/home/guogh/work/pandorBox-SDK-mt7620/staging_dir/target-mipsel_24kec+dsp_uClibc-1.0.x/include -I/home/guogh/work/pandorBox-SDK-mt7620/staging_dir/toolchain-mipsel_24kec+dsp_gcc-4.8-linaro_uClibc-1.0.x/usr/include -I/home/guogh/work/pandorBox-SDK-mt7620/staging_dir/toolchain-mipsel_24kec+dsp_gcc-4.8-linaro_uClibc-1.0.x/include  conftest.c >&5
configure:12029: $? = 0
configure:12029: result: yes
configure:12029: checking malloc.h presence
configure:12029: mipsel-openwrt-linux-uclibc-gcc -E -I/home/guogh/work/pandorBox-SDK-mt7620/staging_dir/target-mipsel_24kec+dsp_uClibc-1.0.x/usr/include -I/home/guogh/work/pandorBox-SDK-mt7620/staging_dir/target-mipsel_24kec+dsp_uClibc-1.0.x/include -I/home/guogh/work/pandorBox-SDK-mt7620/staging_dir/toolchain-mipsel_24kec+dsp_gcc-4.8-linaro_uClibc-1.0.x/usr/include -I/home/guogh/work/pandorBox-SDK-mt7620/staging_dir/toolchain-mipsel_24kec+dsp_gcc-4.8-linaro_uClibc-1.0.x/include  conftest.c
configure:12029: $? = 0
configure:12029: result: yes
configure:12029: checking for malloc.h
configure:12029: result: yes
configure:12029: checking for stdlib.h
configure:12029: result: yes
configure:12029: checking for string.h
configure:12029: result: yes
configure:12029: checking for strings.h
configure:12029: result: yes
configure:12041: checking for an ANSI C-conforming const
configure:12107: mipsel-openwrt-linux-uclibc-gcc -c -Os -pipe -mno-branch-likely -mips32r2 -mtune=24kec -mdsp -fno-caller-saves -fhonour-copts -Wno-error=unused-but-set-variable -Wno-error=unused-result -msoft-float  -D_FORTIFY_SOURCE=1 -Wl,-z,now -Wl,-z,relro -fpic  -I/home/guogh/work/pandorBox-SDK-mt7620/staging_dir/target-mipsel_24kec+dsp_uClibc-1.0.x/usr/include -I/home/guogh/work/pandorBox-SDK-mt7620/staging_dir/target-mipsel_24kec+dsp_uClibc-1.0.x/include -I/home/guogh/work/pandorBox-SDK-mt7620/staging_dir/toolchain-mipsel_24kec+dsp_gcc-4.8-linaro_uClibc-1.0.x/usr/include -I/home/guogh/work/pandorBox-SDK-mt7620/staging_dir/toolchain-mipsel_24kec+dsp_gcc-4.8-linaro_uClibc-1.0.x/include  conftest.c >&5
configure:12107: $? = 0
configure:12114: result: yes
configure:12122: checking for size_t
configure:12122: mipsel-openwrt-linux-uclibc-gcc -c -Os -pipe -mno-branch-likely -mips32r2 -mtune=24kec -mdsp -fno-caller-saves -fhonour-copts -Wno-error=unused-but-set-variable -Wno-error=unused-result -msoft-float  -D_FORTIFY_SOURCE=1 -Wl,-z,now -Wl,-z,relro -fpic  -I/home/guogh/work/pandorBox-SDK-mt7620/staging_dir/target-mipsel_24kec+dsp_uClibc-1.0.x/usr/include -I/home/guogh/work/pandorBox-SDK-mt7620/staging_dir/target-mipsel_24kec+dsp_uClibc-1.0.x/include -I/home/guogh/work/pandorBox-SDK-mt7620/staging_dir/toolchain-mipsel_24kec+dsp_gcc-4.8-linaro_uClibc-1.0.x/usr/include -I/home/guogh/work/pandorBox-SDK-mt7620/staging_dir/toolchain-mipsel_24kec+dsp_gcc-4.8-linaro_uClibc-1.0.x/include  conftest.c >&5
configure:12122: $? = 0
configure:12122: mipsel-openwrt-linux-uclibc-gcc -c -Os -pipe -mno-branch-likely -mips32r2 -mtune=24kec -mdsp -fno-caller-saves -fhonour-copts -Wno-error=unused-but-set-variable -Wno-error=unused-result -msoft-float  -D_FORTIFY_SOURCE=1 -Wl,-z,now -Wl,-z,relro -fpic  -I/home/guogh/work/pandorBox-SDK-mt7620/staging_dir/target-mipsel_24kec+dsp_uClibc-1.0.x/usr/include -I/home/guogh/work/pandorBox-SDK-mt7620/staging_dir/target-mipsel_24kec+dsp_uClibc-1.0.x/include -I/home/guogh/work/pandorBox-SDK-mt7620/staging_dir/toolchain-mipsel_24kec+dsp_gcc-4.8-linaro_uClibc-1.0.x/usr/include -I/home/guogh/work/pandorBox-SDK-mt7620/staging_dir/toolchain-mipsel_24kec+dsp_gcc-4.8-linaro_uClibc-1.0.x/include  conftest.c >&5
conftest.c: In function 'main':
conftest.c:64:21: error: expected expression before ')' token
 if (sizeof ((size_t)))
                     ^
configure:12122: $? = 1
configure: failed program was:
| /* confdefs.h */
| #define PACKAGE_NAME "libpng"
| #define PACKAGE_TARNAME "libpng"
| #define PACKAGE_VERSION "1.2.57"
| #define PACKAGE_STRING "libpng 1.2.57"
| #define PACKAGE_BUGREPORT "png-mng-implement@lists.sourceforge.net"
| #define PACKAGE_URL ""
| #define PACKAGE "libpng"
| #define VERSION "1.2.57"
| #define STDC_HEADERS 1
| #define HAVE_SYS_TYPES_H 1
| #define HAVE_SYS_STAT_H 1
| #define HAVE_STDLIB_H 1
| #define HAVE_STRING_H 1
| #define HAVE_MEMORY_H 1
| #define HAVE_STRINGS_H 1
| #define HAVE_INTTYPES_H 1
| #define HAVE_STDINT_H 1
| #define HAVE_UNISTD_H 1
| #define HAVE_DLFCN_H 1
| #define LT_OBJDIR ".libs/"
| #define STDC_HEADERS 1
| #define HAVE_MALLOC_H 1
| #define HAVE_STDLIB_H 1
| #define HAVE_STRING_H 1
| #define HAVE_STRINGS_H 1
| /* end confdefs.h.  */
| #include <stdio.h>
| #ifdef HAVE_SYS_TYPES_H
| # include <sys/types.h>
| #endif
| #ifdef HAVE_SYS_STAT_H
| # include <sys/stat.h>
| #endif
| #ifdef STDC_HEADERS
| # include <stdlib.h>
| # include <stddef.h>
| #else
| # ifdef HAVE_STDLIB_H
| #  include <stdlib.h>
| # endif
| #endif
| #ifdef HAVE_STRING_H
| # if !defined STDC_HEADERS && defined HAVE_MEMORY_H
| #  include <memory.h>
| # endif
| # include <string.h>
| #endif
| #ifdef HAVE_STRINGS_H
| # include <strings.h>
| #endif
| #ifdef HAVE_INTTYPES_H
| # include <inttypes.h>
| #endif
| #ifdef HAVE_STDINT_H
| # include <stdint.h>
| #endif
| #ifdef HAVE_UNISTD_H
| # include <unistd.h>
| #endif
| int
| main ()
| {
| if (sizeof ((size_t)))
| 	    return 0;
|   ;
|   return 0;
| }
configure:12122: result: yes
configure:12133: checking whether struct tm is in sys/time.h or time.h
configure:12153: mipsel-openwrt-linux-uclibc-gcc -c -Os -pipe -mno-branch-likely -mips32r2 -mtune=24kec -mdsp -fno-caller-saves -fhonour-copts -Wno-error=unused-but-set-variable -Wno-error=unused-result -msoft-float  -D_FORTIFY_SOURCE=1 -Wl,-z,now -Wl,-z,relro -fpic  -I/home/guogh/work/pandorBox-SDK-mt7620/staging_dir/target-mipsel_24kec+dsp_uClibc-1.0.x/usr/include -I/home/guogh/work/pandorBox-SDK-mt7620/staging_dir/target-mipsel_24kec+dsp_uClibc-1.0.x/include -I/home/guogh/work/pandorBox-SDK-mt7620/staging_dir/toolchain-mipsel_24kec+dsp_gcc-4.8-linaro_uClibc-1.0.x/usr/include -I/home/guogh/work/pandorBox-SDK-mt7620/staging_dir/toolchain-mipsel_24kec+dsp_gcc-4.8-linaro_uClibc-1.0.x/include  conftest.c >&5
configure:12153: $? = 0
configure:12160: result: time.h
configure:12170: checking for working strtod
configure:12221: result: no
configure:12230: checking for pow
configure:12230: mipsel-openwrt-linux-uclibc-gcc -o conftest -Os -pipe -mno-branch-likely -mips32r2 -mtune=24kec -mdsp -fno-caller-saves -fhonour-copts -Wno-error=unused-but-set-variable -Wno-error=unused-result -msoft-float  -D_FORTIFY_SOURCE=1 -Wl,-z,now -Wl,-z,relro -fpic  -I/home/guogh/work/pandorBox-SDK-mt7620/staging_dir/target-mipsel_24kec+dsp_uClibc-1.0.x/usr/include -I/home/guogh/work/pandorBox-SDK-mt7620/staging_dir/target-mipsel_24kec+dsp_uClibc-1.0.x/include -I/home/guogh/work/pandorBox-SDK-mt7620/staging_dir/toolchain-mipsel_24kec+dsp_gcc-4.8-linaro_uClibc-1.0.x/usr/include -I/home/guogh/work/pandorBox-SDK-mt7620/staging_dir/toolchain-mipsel_24kec+dsp_gcc-4.8-linaro_uClibc-1.0.x/include  -L/home/guogh/work/pandorBox-SDK-mt7620/staging_dir/target-mipsel_24kec+dsp_uClibc-1.0.x/usr/lib -L/home/guogh/work/pandorBox-SDK-mt7620/staging_dir/target-mipsel_24kec+dsp_uClibc-1.0.x/lib -L/home/guogh/work/pandorBox-SDK-mt7620/staging_dir/toolchain-mipsel_24kec+dsp_gcc-4.8-linaro_uClibc-1.0.x/usr/lib -L/home/guogh/work/pandorBox-SDK-mt7620/staging_dir/toolchain-mipsel_24kec+dsp_gcc-4.8-linaro_uClibc-1.0.x/lib -znow -zrelro  conftest.c  >&5
conftest.c:51:6: warning: conflicting types for built-in function 'pow' [enabled by default]
 char pow ();
      ^
configure:12230: $? = 0
configure:12230: result: yes
configure:12285: checking for memset
configure:12285: mipsel-openwrt-linux-uclibc-gcc -o conftest -Os -pipe -mno-branch-likely -mips32r2 -mtune=24kec -mdsp -fno-caller-saves -fhonour-copts -Wno-error=unused-but-set-variable -Wno-error=unused-result -msoft-float  -D_FORTIFY_SOURCE=1 -Wl,-z,now -Wl,-z,relro -fpic  -I/home/guogh/work/pandorBox-SDK-mt7620/staging_dir/target-mipsel_24kec+dsp_uClibc-1.0.x/usr/include -I/home/guogh/work/pandorBox-SDK-mt7620/staging_dir/target-mipsel_24kec+dsp_uClibc-1.0.x/include -I/home/guogh/work/pandorBox-SDK-mt7620/staging_dir/toolchain-mipsel_24kec+dsp_gcc-4.8-linaro_uClibc-1.0.x/usr/include -I/home/guogh/work/pandorBox-SDK-mt7620/staging_dir/toolchain-mipsel_24kec+dsp_gcc-4.8-linaro_uClibc-1.0.x/include  -L/home/guogh/work/pandorBox-SDK-mt7620/staging_dir/target-mipsel_24kec+dsp_uClibc-1.0.x/usr/lib -L/home/guogh/work/pandorBox-SDK-mt7620/staging_dir/target-mipsel_24kec+dsp_uClibc-1.0.x/lib -L/home/guogh/work/pandorBox-SDK-mt7620/staging_dir/toolchain-mipsel_24kec+dsp_gcc-4.8-linaro_uClibc-1.0.x/usr/lib -L/home/guogh/work/pandorBox-SDK-mt7620/staging_dir/toolchain-mipsel_24kec+dsp_gcc-4.8-linaro_uClibc-1.0.x/lib -znow -zrelro  conftest.c  >&5
conftest.c:51:6: warning: conflicting types for built-in function 'memset' [enabled by default]
 char memset ();
      ^
configure:12285: $? = 0
configure:12285: result: yes
configure:12298: checking for pow
configure:12298: result: yes
configure:12355: checking for zlibVersion in -lz
configure:12380: mipsel-openwrt-linux-uclibc-gcc -o conftest -Os -pipe -mno-branch-likely -mips32r2 -mtune=24kec -mdsp -fno-caller-saves -fhonour-copts -Wno-error=unused-but-set-variable -Wno-error=unused-result -msoft-float  -D_FORTIFY_SOURCE=1 -Wl,-z,now -Wl,-z,relro -fpic  -I/home/guogh/work/pandorBox-SDK-mt7620/staging_dir/target-mipsel_24kec+dsp_uClibc-1.0.x/usr/include -I/home/guogh/work/pandorBox-SDK-mt7620/staging_dir/target-mipsel_24kec+dsp_uClibc-1.0.x/include -I/home/guogh/work/pandorBox-SDK-mt7620/staging_dir/toolchain-mipsel_24kec+dsp_gcc-4.8-linaro_uClibc-1.0.x/usr/include -I/home/guogh/work/pandorBox-SDK-mt7620/staging_dir/toolchain-mipsel_24kec+dsp_gcc-4.8-linaro_uClibc-1.0.x/include  -L/home/guogh/work/pandorBox-SDK-mt7620/staging_dir/target-mipsel_24kec+dsp_uClibc-1.0.x/usr/lib -L/home/guogh/work/pandorBox-SDK-mt7620/staging_dir/target-mipsel_24kec+dsp_uClibc-1.0.x/lib -L/home/guogh/work/pandorBox-SDK-mt7620/staging_dir/toolchain-mipsel_24kec+dsp_gcc-4.8-linaro_uClibc-1.0.x/usr/lib -L/home/guogh/work/pandorBox-SDK-mt7620/staging_dir/toolchain-mipsel_24kec+dsp_gcc-4.8-linaro_uClibc-1.0.x/lib -znow -zrelro  conftest.c -lz   >&5
configure:12380: $? = 0
configure:12389: result: yes
configure:12409: checking if assembler code in pnggccrd.c can be compiled without PNG_NO_MMX_CODE
configure:12422: mipsel-openwrt-linux-uclibc-gcc -c -Os -pipe -mno-branch-likely -mips32r2 -mtune=24kec -mdsp -fno-caller-saves -fhonour-copts -Wno-error=unused-but-set-variable -Wno-error=unused-result -msoft-float  -D_FORTIFY_SOURCE=1 -Wl,-z,now -Wl,-z,relro -fpic  -I/home/guogh/work/pandorBox-SDK-mt7620/staging_dir/target-mipsel_24kec+dsp_uClibc-1.0.x/usr/include -I/home/guogh/work/pandorBox-SDK-mt7620/staging_dir/target-mipsel_24kec+dsp_uClibc-1.0.x/include -I/home/guogh/work/pandorBox-SDK-mt7620/staging_dir/toolchain-mipsel_24kec+dsp_gcc-4.8-linaro_uClibc-1.0.x/usr/include -I/home/guogh/work/pandorBox-SDK-mt7620/staging_dir/toolchain-mipsel_24kec+dsp_gcc-4.8-linaro_uClibc-1.0.x/include  conftest.c >&5
configure:12422: $? = 0
configure:12423: result: yes
configure:12436: checking if libraries can be versioned
configure:12441: result: yes
configure:12460: checking for symbol prefix
configure:12467: result: 
configure:12489: pkgconfig directory is ${libdir}/pkgconfig
configure:12642: checking that generated files are newer than configure
configure:12648: result: done
configure:12679: creating ./config.status

## ---------------------- ##
## Running config.status. ##
## ---------------------- ##

This file was extended by libpng config.status 1.2.57, which was
generated by GNU Autoconf 2.69.  Invocation command line was

  CONFIG_FILES    = 
  CONFIG_HEADERS  = 
  CONFIG_LINKS    = 
  CONFIG_COMMANDS = 
  $ ./config.status 

on guogh-openwrt

config.status:1114: creating Makefile
config.status:1114: creating libpng.pc
config.status:1114: creating libpng-config
config.status:1114: creating config.h
config.status:1343: executing depfiles commands
config.status:1343: executing libtool commands
configure:14903: WARNING: unrecognized options: --disable-nls

## ---------------- ##
## Cache variables. ##
## ---------------- ##

ac_cv_build=x86_64-pc-linux-gnu
ac_cv_c_bigendian=no
ac_cv_c_compiler_gnu=yes
ac_cv_c_const=yes
ac_cv_c_gettext_without_libintl=yes
ac_cv_c_littleendian=yes
ac_cv_c_long_double=no
ac_cv_conv_longlong_to_float=yes
ac_cv_env_CC_set=set
ac_cv_env_CC_value=mipsel-openwrt-linux-uclibc-gcc
ac_cv_env_CFLAGS_set=set
ac_cv_env_CFLAGS_value='-Os -pipe -mno-branch-likely -mips32r2 -mtune=24kec -mdsp -fno-caller-saves -fhonour-copts -Wno-error=unused-but-set-variable -Wno-error=unused-result -msoft-float  -D_FORTIFY_SOURCE=1 -Wl,-z,now -Wl,-z,relro -fpic '
ac_cv_env_CPPFLAGS_set=set
ac_cv_env_CPPFLAGS_value='-I/home/guogh/work/pandorBox-SDK-mt7620/staging_dir/target-mipsel_24kec+dsp_uClibc-1.0.x/usr/include -I/home/guogh/work/pandorBox-SDK-mt7620/staging_dir/target-mipsel_24kec+dsp_uClibc-1.0.x/include -I/home/guogh/work/pandorBox-SDK-mt7620/staging_dir/toolchain-mipsel_24kec+dsp_gcc-4.8-linaro_uClibc-1.0.x/usr/include -I/home/guogh/work/pandorBox-SDK-mt7620/staging_dir/toolchain-mipsel_24kec+dsp_gcc-4.8-linaro_uClibc-1.0.x/include '
ac_cv_env_CPP_set=
ac_cv_env_CPP_value=
ac_cv_env_LDFLAGS_set=set
ac_cv_env_LDFLAGS_value='-L/home/guogh/work/pandorBox-SDK-mt7620/staging_dir/target-mipsel_24kec+dsp_uClibc-1.0.x/usr/lib -L/home/guogh/work/pandorBox-SDK-mt7620/staging_dir/target-mipsel_24kec+dsp_uClibc-1.0.x/lib -L/home/guogh/work/pandorBox-SDK-mt7620/staging_dir/toolchain-mipsel_24kec+dsp_gcc-4.8-linaro_uClibc-1.0.x/usr/lib -L/home/guogh/work/pandorBox-SDK-mt7620/staging_dir/toolchain-mipsel_24kec+dsp_gcc-4.8-linaro_uClibc-1.0.x/lib -znow -zrelro '
ac_cv_env_LIBS_set=
ac_cv_env_LIBS_value=
ac_cv_env_build_alias_set=set
ac_cv_env_build_alias_value=x86_64-linux-gnu
ac_cv_env_host_alias_set=set
ac_cv_env_host_alias_value=mipsel-openwrt-linux
ac_cv_env_target_alias_set=set
ac_cv_env_target_alias_value=mipsel-openwrt-linux
ac_cv_file__dev_zero=yes
ac_cv_func___adjtimex=yes
ac_cv_func___va_copy=no
ac_cv_func__exit=yes
ac_cv_func_bcmp=yes
ac_cv_func_bcopy=yes
ac_cv_func_bzero=yes
ac_cv_func_cimag=yes
ac_cv_func_creal=yes
ac_cv_func_fchmod=yes
ac_cv_func_getaddrinfo=yes
ac_cv_func_getcwd=yes
ac_cv_func_getdomainname=yes
ac_cv_func_getpgrp_void=yes
ac_cv_func_getpwuid_r=yes
ac_cv_func_gettimeofday=yes
ac_cv_func_index=yes
ac_cv_func_lstat=yes
ac_cv_func_lstat_dereferences_slashed_symlink=yes
ac_cv_func_lstat_empty_string_bug=no
ac_cv_func_malloc_0_nonnull=yes
ac_cv_func_malloc_works=yes
ac_cv_func_memcmp_clean=yes
ac_cv_func_memcmp_working=yes
ac_cv_func_memset=yes
ac_cv_func_posix_getgrgid_r=yes
ac_cv_func_posix_getpwuid_r=yes
ac_cv_func_pow=yes
ac_cv_func_psignal=yes
ac_cv_func_pthread_key_delete=yes
ac_cv_func_realloc_0_nonnull=yes
ac_cv_func_realloc_works=yes
ac_cv_func_rename=yes
ac_cv_func_rindex=yes
ac_cv_func_setgrent_void=yes
ac_cv_func_setlocale=yes
ac_cv_func_setpgrp_void=yes
ac_cv_func_setresuid=no
ac_cv_func_setvbuf_reversed=no
ac_cv_func_stat_empty_string_bug=no
ac_cv_func_stat_ignores_trailing_slash=no
ac_cv_func_strerror=yes
ac_cv_func_strftime=yes
ac_cv_func_strtod=no
ac_cv_func_utimes=yes
ac_cv_func_va_copy=no
ac_cv_func_vsnprintf=yes
ac_cv_have_accrights_in_msghdr=no
ac_cv_have_broken_snprintf=no
ac_cv_have_control_in_msghdr=yes
ac_cv_have_decl_sys_siglist=no
ac_cv_have_openpty_ctty_bug=yes
ac_cv_have_space_d_name_in_struct_dirent=yes
ac_cv_header_dlfcn_h=yes
ac_cv_header_inttypes_h=yes
ac_cv_header_malloc_h=yes
ac_cv_header_memory_h=yes
ac_cv_header_netinet_sctp_h=no
ac_cv_header_netinet_sctp_uio_h=no
ac_cv_header_stdc=yes
ac_cv_header_stdint_h=yes
ac_cv_header_stdlib_h=yes
ac_cv_header_string_h=yes
ac_cv_header_strings_h=yes
ac_cv_header_sys_stat_h=yes
ac_cv_header_sys_types_h=yes
ac_cv_header_unistd_h=yes
ac_cv_host=mipsel-openwrt-linux-gnu
ac_cv_int64_t=yes
ac_cv_lbl_unaligned_fail=no
ac_cv_lib_z_zlibVersion=yes
ac_cv_linux_kernel_pppoe=yes
ac_cv_linux_vers=2
ac_cv_objext=o
ac_cv_pack_bitfields_reversed=yes
ac_cv_path_EGREP='/home/guogh/work/pandorBox-SDK-mt7620/staging_dir/host/bin/grep -E'
ac_cv_path_FGREP='/home/guogh/work/pandorBox-SDK-mt7620/staging_dir/host/bin/grep -F'
ac_cv_path_GREP=/home/guogh/work/pandorBox-SDK-mt7620/staging_dir/host/bin/grep
ac_cv_path_LDCONFIG=
ac_cv_path_SED=/home/guogh/work/pandorBox-SDK-mt7620/staging_dir/host/bin/sed
ac_cv_path_install='/usr/bin/install -c'
ac_cv_path_mkdir=/bin/mkdir
ac_cv_prog_AR=mipsel-openwrt-linux-uclibc-gcc-ar
ac_cv_prog_AWK=gawk
ac_cv_prog_CC=mipsel-openwrt-linux-uclibc-gcc
ac_cv_prog_CPP='mipsel-openwrt-linux-uclibc-gcc -E'
ac_cv_prog_DLLTOOL=dlltool
ac_cv_prog_OBJDUMP=mipsel-openwrt-linux-uclibc-objdump
ac_cv_prog_RANLIB=mipsel-openwrt-linux-uclibc-gcc-ranlib
ac_cv_prog_SED=/home/guogh/work/pandorBox-SDK-mt7620/staging_dir/host/bin/sed
ac_cv_prog_STRIP=mipsel-openwrt-linux-uclibc-strip
ac_cv_prog_ac_ct_MANIFEST_TOOL=mt
ac_cv_prog_cc_c89=
ac_cv_prog_cc_g=yes
ac_cv_prog_make_make_set=yes
ac_cv_regexec_segfault_emptystr=no
ac_cv_sctp=no
ac_cv_sizeof___int64=0
ac_cv_sizeof_char=1
ac_cv_sizeof_int16_t=2
ac_cv_sizeof_int32_t=4
ac_cv_sizeof_int64_t=8
ac_cv_sizeof_int=4
ac_cv_sizeof_long=4
ac_cv_sizeof_long_int=4
ac_cv_sizeof_long_long=8
ac_cv_sizeof_off_t=8
ac_cv_sizeof_short=2
ac_cv_sizeof_short_int=2
ac_cv_sizeof_size_t=4
ac_cv_sizeof_ssize_t=4
ac_cv_sizeof_u_int16_t=2
ac_cv_sizeof_u_int32_t=4
ac_cv_sizeof_u_int64_t=8
ac_cv_sizeof_uint16_t=2
ac_cv_sizeof_uint32_t=4
ac_cv_sizeof_uint64_t=8
ac_cv_sizeof_unsigned_int=4
ac_cv_sizeof_unsigned_long=4
ac_cv_sizeof_unsigned_long_long=8
ac_cv_sizeof_unsigned_short=2
ac_cv_sizeof_void_p=4
ac_cv_struct_tm=time.h
ac_cv_sys_restartable_syscalls=yes
ac_cv_time_r_type=POSIX
ac_cv_type_size_t=yes
ac_cv_type_suseconds_t=yes
ac_cv_uchar=no
ac_cv_uint64_t=yes
ac_cv_uint=yes
ac_cv_ulong=yes
ac_cv_ushort=yes
ac_cv_va_copy=C99
ac_cv_va_val_copy=yes
am_cv_CC_dependencies_compiler_type=gcc3
am_cv_make_support_nested_variables=yes
am_cv_prog_cc_c_o=yes
as_cv_unaligned_access=yes
lt_cv_ar_at_file=@
lt_cv_archive_cmds_need_lc=no
lt_cv_deplibs_check_method=pass_all
lt_cv_file_magic_cmd='$MAGIC_CMD'
lt_cv_file_magic_test_file=
lt_cv_ld_reload_flag=-r
lt_cv_nm_interface='BSD nm'
lt_cv_objdir=.libs
lt_cv_path_LD=mipsel-openwrt-linux-uclibc-ld
lt_cv_path_NM=mipsel-openwrt-linux-uclibc-gcc-nm
lt_cv_path_mainfest_tool=no
lt_cv_prog_compiler_c_o=yes
lt_cv_prog_compiler_pic='-fPIC -DPIC'
lt_cv_prog_compiler_pic_works=yes
lt_cv_prog_compiler_rtti_exceptions=no
lt_cv_prog_compiler_static_works=no
lt_cv_prog_gnu_ld=yes
lt_cv_sharedlib_from_linklib_cmd='printf %s\n'
lt_cv_shlibpath_overrides_runpath=no
lt_cv_sys_global_symbol_pipe='sed -n -e '\''s/^.*[	 ]\([ABCDGIRSTW][ABCDGIRSTW]*\)[	 ][	 ]*\([_A-Za-z][_A-Za-z0-9]*\)$/\1 \2 \2/p'\'' | sed '\''/ __gnu_lto/d'\'''
lt_cv_sys_global_symbol_to_c_name_address='sed -n -e '\''s/^: \([^ ]*\)[ ]*$/  {\"\1\", (void *) 0},/p'\'' -e '\''s/^[ABCDGIRSTW]* \([^ ]*\) \([^ ]*\)$/  {"\2", (void *) \&\2},/p'\'''
lt_cv_sys_global_symbol_to_c_name_address_lib_prefix='sed -n -e '\''s/^: \([^ ]*\)[ ]*$/  {\"\1\", (void *) 0},/p'\'' -e '\''s/^[ABCDGIRSTW]* \([^ ]*\) \(lib[^ ]*\)$/  {"\2", (void *) \&\2},/p'\'' -e '\''s/^[ABCDGIRSTW]* \([^ ]*\) \([^ ]*\)$/  {"lib\2", (void *) \&\2},/p'\'''
lt_cv_sys_global_symbol_to_cdecl='sed -n -e '\''s/^T .* \(.*\)$/extern int \1();/p'\'' -e '\''s/^[ABCDGIRSTW]* .* \(.*\)$/extern char \1;/p'\'''
lt_cv_sys_max_cmd_len=1572864
lt_cv_to_host_file_cmd=func_convert_file_noop
lt_cv_to_tool_file_cmd=func_convert_file_noop

## ----------------- ##
## Output variables. ##
## ----------------- ##

ACLOCAL='${SHELL} /home/guogh/work/pandorBox-SDK-mt7620/build_dir/target-mipsel_24kec+dsp_uClibc-1.0.x/libpng-1.2.57/missing aclocal-1.15'
AMDEPBACKSLASH='\'
AMDEP_FALSE='#'
AMDEP_TRUE=''
AMTAR='$${TAR-tar}'
AM_BACKSLASH='\'
AM_DEFAULT_V='1'
AM_DEFAULT_VERBOSITY='1'
AM_V='1'
AR='mipsel-openwrt-linux-uclibc-gcc-ar'
AS='mipsel-openwrt-linux-uclibc-gcc -c -Os -pipe -mno-branch-likely -mips32r2 -mtune=24kec -mdsp -fno-caller-saves -fhonour-copts -Wno-error=unused-but-set-variable -Wno-error=unused-result -msoft-float  -D_FORTIFY_SOURCE=1 -Wl,-z,now -Wl,-z,relro -fpic'
AUTOCONF='${SHELL} /home/guogh/work/pandorBox-SDK-mt7620/build_dir/target-mipsel_24kec+dsp_uClibc-1.0.x/libpng-1.2.57/missing autoconf'
AUTOHEADER='${SHELL} /home/guogh/work/pandorBox-SDK-mt7620/build_dir/target-mipsel_24kec+dsp_uClibc-1.0.x/libpng-1.2.57/missing autoheader'
AUTOMAKE='${SHELL} /home/guogh/work/pandorBox-SDK-mt7620/build_dir/target-mipsel_24kec+dsp_uClibc-1.0.x/libpng-1.2.57/missing automake-1.15'
AWK='gawk'
CC='mipsel-openwrt-linux-uclibc-gcc'
CCDEPMODE='depmode=gcc3'
CFLAGS='-Os -pipe -mno-branch-likely -mips32r2 -mtune=24kec -mdsp -fno-caller-saves -fhonour-copts -Wno-error=unused-but-set-variable -Wno-error=unused-result -msoft-float  -D_FORTIFY_SOURCE=1 -Wl,-z,now -Wl,-z,relro -fpic '
CPP='mipsel-openwrt-linux-uclibc-gcc -E'
CPPFLAGS='-I/home/guogh/work/pandorBox-SDK-mt7620/staging_dir/target-mipsel_24kec+dsp_uClibc-1.0.x/usr/include -I/home/guogh/work/pandorBox-SDK-mt7620/staging_dir/target-mipsel_24kec+dsp_uClibc-1.0.x/include -I/home/guogh/work/pandorBox-SDK-mt7620/staging_dir/toolchain-mipsel_24kec+dsp_gcc-4.8-linaro_uClibc-1.0.x/usr/include -I/home/guogh/work/pandorBox-SDK-mt7620/staging_dir/toolchain-mipsel_24kec+dsp_gcc-4.8-linaro_uClibc-1.0.x/include '
CYGPATH_W='echo'
DEFS='-DHAVE_CONFIG_H'
DEPDIR='.deps'
DLLTOOL='dlltool'
DSYMUTIL=''
DUMPBIN=''
ECHO_C=''
ECHO_N='-n'
ECHO_T=''
EGREP='/home/guogh/work/pandorBox-SDK-mt7620/staging_dir/host/bin/grep -E'
EXEEXT=''
FGREP='/home/guogh/work/pandorBox-SDK-mt7620/staging_dir/host/bin/grep -F'
GREP='/home/guogh/work/pandorBox-SDK-mt7620/staging_dir/host/bin/grep'
HAVE_LD_VERSION_SCRIPT_FALSE='#'
HAVE_LD_VERSION_SCRIPT_TRUE=''
INSTALL_DATA='${INSTALL} -m 644'
INSTALL_PROGRAM='${INSTALL}'
INSTALL_SCRIPT='${INSTALL}'
INSTALL_STRIP_PROGRAM='$(install_sh) -c -s'
LD='mipsel-openwrt-linux-uclibc-ld'
LDFLAGS='-L/home/guogh/work/pandorBox-SDK-mt7620/staging_dir/target-mipsel_24kec+dsp_uClibc-1.0.x/usr/lib -L/home/guogh/work/pandorBox-SDK-mt7620/staging_dir/target-mipsel_24kec+dsp_uClibc-1.0.x/lib -L/home/guogh/work/pandorBox-SDK-mt7620/staging_dir/toolchain-mipsel_24kec+dsp_gcc-4.8-linaro_uClibc-1.0.x/usr/lib -L/home/guogh/work/pandorBox-SDK-mt7620/staging_dir/toolchain-mipsel_24kec+dsp_gcc-4.8-linaro_uClibc-1.0.x/lib -znow -zrelro '
LIBOBJS=' ${LIBOBJDIR}strtod$U.o'
LIBPNG_DEFINES='-DPNG_CONFIGURE_LIBPNG '
LIBPNG_NO_MMX=''
LIBS='-lz '
LIBTOOL='$(SHELL) $(top_builddir)/libtool'
LIPO=''
LN_S='ln -s'
LTLIBOBJS=' ${LIBOBJDIR}strtod$U.lo'
MAINT='#'
MAINTAINER_MODE_FALSE=''
MAINTAINER_MODE_TRUE='#'
MAKEINFO='${SHELL} /home/guogh/work/pandorBox-SDK-mt7620/build_dir/target-mipsel_24kec+dsp_uClibc-1.0.x/libpng-1.2.57/missing makeinfo'
MANIFEST_TOOL=':'
MKDIR_P='/bin/mkdir -p'
NM='mipsel-openwrt-linux-uclibc-gcc-nm'
NMEDIT=''
OBJDUMP='mipsel-openwrt-linux-uclibc-objdump'
OBJEXT='o'
OTOOL64=''
OTOOL=''
PACKAGE='libpng'
PACKAGE_BUGREPORT='png-mng-implement@lists.sourceforge.net'
PACKAGE_NAME='libpng'
PACKAGE_STRING='libpng 1.2.57'
PACKAGE_TARNAME='libpng'
PACKAGE_URL=''
PACKAGE_VERSION='1.2.57'
PATH_SEPARATOR=':'
PNGLIB_MAJOR='1'
PNGLIB_MINOR='2'
PNGLIB_RELEASE='57'
PNGLIB_VERSION='1.2.57'
POW_LIB=''
RANLIB='mipsel-openwrt-linux-uclibc-gcc-ranlib'
SED='/home/guogh/work/pandorBox-SDK-mt7620/staging_dir/host/bin/sed'
SET_MAKE=''
SHELL='/bin/bash'
STRIP='mipsel-openwrt-linux-uclibc-strip'
SYMBOL_PREFIX=''
VERSION='1.2.57'
ac_ct_AR=''
ac_ct_CC=''
ac_ct_DUMPBIN=''
am__EXEEXT_FALSE=''
am__EXEEXT_TRUE='#'
am__fastdepCC_FALSE='#'
am__fastdepCC_TRUE=''
am__include='include'
am__isrc=''
am__leading_dot='.'
am__nodep='_no'
am__quote=''
am__tar='$${TAR-tar} chof - "$$tardir"'
am__untar='$${TAR-tar} xf -'
binconfigs='${binconfigs}'
bindir='/usr/bin'
build='x86_64-pc-linux-gnu'
build_alias='x86_64-linux-gnu'
build_cpu='x86_64'
build_os='linux-gnu'
build_vendor='pc'
compatlib='libpng.la'
datadir='/usr/share'
datarootdir='${prefix}/share'
docdir='${datarootdir}/doc/${PACKAGE_TARNAME}'
dvidir='${docdir}'
exec_prefix='/usr'
host='mipsel-openwrt-linux-gnu'
host_alias='mipsel-openwrt-linux'
host_cpu='mipsel'
host_os='linux-gnu'
host_vendor='openwrt'
htmldir='${docdir}'
includedir='${prefix}/include'
infodir='/usr/info'
install_sh='${SHELL} /home/guogh/work/pandorBox-SDK-mt7620/build_dir/target-mipsel_24kec+dsp_uClibc-1.0.x/libpng-1.2.57/install-sh'
libdir='${exec_prefix}/lib'
libexecdir='/usr/lib'
localedir='${datarootdir}/locale'
localstatedir='/var'
mandir='/usr/man'
mkdir_p='$(MKDIR_P)'
oldincludedir='/usr/include'
pdfdir='${docdir}'
pkgconfigdir='${libdir}/pkgconfig'
prefix='/usr'
program_transform_name='s&$$&&;s&^&&'
psdir='${docdir}'
sbindir='/usr/sbin'
sharedstatedir='${prefix}/com'
sysconfdir='/etc'
target_alias='mipsel-openwrt-linux'

## ----------- ##
## confdefs.h. ##
## ----------- ##

/* confdefs.h */
#define PACKAGE_NAME "libpng"
#define PACKAGE_TARNAME "libpng"
#define PACKAGE_VERSION "1.2.57"
#define PACKAGE_STRING "libpng 1.2.57"
#define PACKAGE_BUGREPORT "png-mng-implement@lists.sourceforge.net"
#define PACKAGE_URL ""
#define PACKAGE "libpng"
#define VERSION "1.2.57"
#define STDC_HEADERS 1
#define HAVE_SYS_TYPES_H 1
#define HAVE_SYS_STAT_H 1
#define HAVE_STDLIB_H 1
#define HAVE_STRING_H 1
#define HAVE_MEMORY_H 1
#define HAVE_STRINGS_H 1
#define HAVE_INTTYPES_H 1
#define HAVE_STDINT_H 1
#define HAVE_UNISTD_H 1
#define HAVE_DLFCN_H 1
#define LT_OBJDIR ".libs/"
#define STDC_HEADERS 1
#define HAVE_MALLOC_H 1
#define HAVE_STDLIB_H 1
#define HAVE_STRING_H 1
#define HAVE_STRINGS_H 1
#define HAVE_MEMSET 1
#define HAVE_POW 1
#define HAVE_LIBZ 1

configure: exit 0
