This file contains any messages produced by compilers while
running configure, to aid debugging if configure makes a mistake.

It was created by spawn-fcgi configure 1.6.4, which was
generated by GNU Autoconf 2.69.  Invocation command line was

  $ ./configure --target=mipsel-openwrt-linux --host=mipsel-openwrt-linux --build=x86_64-linux-gnu --program-prefix= --program-suffix= --prefix=/usr --exec-prefix=/usr --bindir=/usr/bin --sbindir=/usr/sbin --libexecdir=/usr/lib --sysconfdir=/etc --datadir=/usr/share --localstatedir=/var --mandir=/usr/man --infodir=/usr/info --disable-nls

## --------- ##
## Platform. ##
## --------- ##

hostname = guogh-openwrt
uname -m = x86_64
uname -r = 4.8.0-36-generic
uname -s = Linux
uname -v = #36~16.04.1-Ubuntu SMP Sun Feb 5 09:39:57 UTC 2017

/usr/bin/uname -p = unknown
/bin/uname -X     = unknown

/bin/arch              = unknown
/usr/bin/arch -k       = unknown
/usr/convex/getsysinfo = unknown
/usr/bin/hostinfo      = unknown
/bin/machine           = unknown
/usr/bin/oslevel       = unknown
/bin/universe          = unknown

PATH: /home/guogh/work/pandorBox-SDK-mt7620/staging_dir/target-mipsel_24kec+dsp_uClibc-1.0.x/host/bin
PATH: /home/guogh/work/pandorBox-SDK-mt7620/staging_dir/toolchain-mipsel_24kec+dsp_gcc-4.8-linaro_uClibc-1.0.x/bin
PATH: /home/guogh/work/pandorBox-SDK-mt7620/staging_dir/toolchain-mipsel_24kec+dsp_gcc-4.8-linaro_uClibc-1.0.x/bin
PATH: /home/guogh/work/pandorBox-SDK-mt7620/staging_dir/host/bin
PATH: /home/guogh/work/pandorBox-SDK-mt7620/staging_dir/toolchain-mipsel_24kec+dsp_gcc-4.8-linaro_uClibc-1.0.x/bin
PATH: /home/guogh/work/pandorBox-SDK-mt7620/staging_dir/host/bin
PATH: /home/guogh/work/pandorBox-SDK-mt7620/staging_dir/host/bin
PATH: /home/guogh/bin
PATH: /home/guogh/.local/bin
PATH: /usr/local/sbin
PATH: /usr/local/bin
PATH: /usr/sbin
PATH: /usr/bin
PATH: /sbin
PATH: /bin
PATH: /usr/games
PATH: /usr/local/games
PATH: /snap/bin


## ----------- ##
## Core tests. ##
## ----------- ##

configure:2098: loading site script /home/guogh/work/pandorBox-SDK-mt7620/include/site/mipsel
| #!/bin/sh
| . $TOPDIR/include/site/linux
| ac_cv_c_littleendian=${ac_cv_c_littleendian=yes}
| ac_cv_c_bigendian=${ac_cv_c_bigendian=no}
| 
| ac_cv_sizeof___int64=0
| ac_cv_sizeof_char=1
| ac_cv_sizeof_int=4
| ac_cv_sizeof_int16_t=2
| ac_cv_sizeof_int32_t=4
| ac_cv_sizeof_int64_t=8
| ac_cv_sizeof_long_int=4
| ac_cv_sizeof_long_long=8
| ac_cv_sizeof_long=4
| ac_cv_sizeof_off_t=8
| ac_cv_sizeof_short_int=2
| ac_cv_sizeof_short=2
| ac_cv_sizeof_size_t=4
| ac_cv_sizeof_ssize_t=4
| ac_cv_sizeof_u_int16_t=2
| ac_cv_sizeof_u_int32_t=4
| ac_cv_sizeof_u_int64_t=8
| ac_cv_sizeof_uint16_t=2
| ac_cv_sizeof_uint32_t=4
| ac_cv_sizeof_uint64_t=8
| ac_cv_sizeof_unsigned_int=4
| ac_cv_sizeof_unsigned_long=4
| ac_cv_sizeof_unsigned_long_long=8
| ac_cv_sizeof_unsigned_short=2
| ac_cv_sizeof_void_p=4
configure:2243: checking for a BSD-compatible install
configure:2311: result: /usr/bin/install -c
configure:2322: checking whether build environment is sane
configure:2377: result: yes
configure:2436: checking for mipsel-openwrt-linux-strip
configure:2463: result: mipsel-openwrt-linux-uclibc-strip
configure:2528: checking for a thread-safe mkdir -p
configure:2567: result: /bin/mkdir -p
configure:2574: checking for gawk
configure:2590: found /usr/bin/gawk
configure:2601: result: gawk
configure:2612: checking whether make sets $(MAKE)
configure:2634: result: yes
configure:2663: checking whether make supports nested variables
configure:2680: result: yes
configure:2816: checking for mipsel-openwrt-linux-gcc
configure:2843: result: mipsel-openwrt-linux-uclibc-gcc
configure:3112: checking for C compiler version
configure:3121: mipsel-openwrt-linux-uclibc-gcc --version >&5
mipsel-openwrt-linux-uclibc-gcc (PandoraBox/Linaro GCC 4.8-2014.04 2017-01-03-git-6c24a7a) 4.8.3
Copyright (C) 2013 Free Software Foundation, Inc.
This is free software; see the source for copying conditions.  There is NO
warranty; not even for MERCHANTABILITY or FITNESS FOR A PARTICULAR PURPOSE.

configure:3132: $? = 0
configure:3121: mipsel-openwrt-linux-uclibc-gcc -v >&5
Reading specs from /home/guogh/work/pandorBox-SDK-mt7620/staging_dir/toolchain-mipsel_24kec+dsp_gcc-4.8-linaro_uClibc-1.0.x/bin/../lib/gcc/mipsel-openwrt-linux-uclibc/4.8.3/specs
COLLECT_GCC=mipsel-openwrt-linux-uclibc-gcc
COLLECT_LTO_WRAPPER=/home/guogh/work/pandorBox-SDK-mt7620/staging_dir/toolchain-mipsel_24kec+dsp_gcc-4.8-linaro_uClibc-1.0.x/bin/../libexec/gcc/mipsel-openwrt-linux-uclibc/4.8.3/lto-wrapper
Target: mipsel-openwrt-linux-uclibc
Configured with: /home/lintel/PandoraBox-MT7620/build_dir/toolchain-mipsel_24kec+dsp_gcc-4.8-linaro_uClibc-1.0.x/gcc-linaro-4.8-2014.04/configure --with-bugurl=https://dev.openwrt.org/ --with-pkgversion='PandoraBox/Linaro GCC 4.8-2014.04 2017-01-03-git-6c24a7a' --prefix=/home/lintel/PandoraBox-MT7620/staging_dir/toolchain-mipsel_24kec+dsp_gcc-4.8-linaro_uClibc-1.0.x --build=x86_64-linux-gnu --host=x86_64-linux-gnu --target=mipsel-openwrt-linux-uclibc --with-gnu-ld --enable-target-optspace --disable-libgomp --disable-libmudflap --disable-multilib --disable-nls --with-host-libstdcxx=-lstdc++ --with-float=soft --with-gmp=/home/lintel/PandoraBox-MT7620/staging_dir/host --with-mpfr=/home/lintel/PandoraBox-MT7620/staging_dir/host --with-mpc=/home/lintel/PandoraBox-MT7620/staging_dir/host --disable-decimal-float --with-mips-plt --disable-libssp --disable-__cxa_atexit --with-headers=/home/lintel/PandoraBox-MT7620/staging_dir/toolchain-mipsel_24kec+dsp_gcc-4.8-linaro_uClibc-1.0.x/include --disable-libsanitizer --enable-languages=c,c++ --enable-shared --enable-threads --with-slibdir=/home/lintel/PandoraBox-MT7620/staging_dir/toolchain-mipsel_24kec+dsp_gcc-4.8-linaro_uClibc-1.0.x/lib
Thread model: posix
gcc version 4.8.3 (PandoraBox/Linaro GCC 4.8-2014.04 2017-01-03-git-6c24a7a) 
configure:3132: $? = 0
configure:3121: mipsel-openwrt-linux-uclibc-gcc -V >&5
mipsel-openwrt-linux-uclibc-gcc: error: unrecognized command line option '-V'
mipsel-openwrt-linux-uclibc-gcc: fatal error: no input files
compilation terminated.
configure:3132: $? = 1
configure:3121: mipsel-openwrt-linux-uclibc-gcc -qversion >&5
mipsel-openwrt-linux-uclibc-gcc: error: unrecognized command line option '-qversion'
mipsel-openwrt-linux-uclibc-gcc: fatal error: no input files
compilation terminated.
configure:3132: $? = 1
configure:3152: checking whether the C compiler works
configure:3174: mipsel-openwrt-linux-uclibc-gcc -Os -pipe -mno-branch-likely -mips32r2 -mtune=24kec -mdsp -fno-caller-saves -fhonour-copts -Wno-error=unused-but-set-variable -Wno-error=unused-result -msoft-float  -D_FORTIFY_SOURCE=1 -Wl,-z,now -Wl,-z,relro  -I/home/guogh/work/pandorBox-SDK-mt7620/staging_dir/target-mipsel_24kec+dsp_uClibc-1.0.x/usr/include -I/home/guogh/work/pandorBox-SDK-mt7620/staging_dir/target-mipsel_24kec+dsp_uClibc-1.0.x/include -I/home/guogh/work/pandorBox-SDK-mt7620/staging_dir/toolchain-mipsel_24kec+dsp_gcc-4.8-linaro_uClibc-1.0.x/usr/include -I/home/guogh/work/pandorBox-SDK-mt7620/staging_dir/toolchain-mipsel_24kec+dsp_gcc-4.8-linaro_uClibc-1.0.x/include  -L/home/guogh/work/pandorBox-SDK-mt7620/staging_dir/target-mipsel_24kec+dsp_uClibc-1.0.x/usr/lib -L/home/guogh/work/pandorBox-SDK-mt7620/staging_dir/target-mipsel_24kec+dsp_uClibc-1.0.x/lib -L/home/guogh/work/pandorBox-SDK-mt7620/staging_dir/toolchain-mipsel_24kec+dsp_gcc-4.8-linaro_uClibc-1.0.x/usr/lib -L/home/guogh/work/pandorBox-SDK-mt7620/staging_dir/toolchain-mipsel_24kec+dsp_gcc-4.8-linaro_uClibc-1.0.x/lib -znow -zrelro  conftest.c  >&5
configure:3178: $? = 0
configure:3226: result: yes
configure:3229: checking for C compiler default output file name
configure:3231: result: a.out
configure:3237: checking for suffix of executables
configure:3244: mipsel-openwrt-linux-uclibc-gcc -o conftest -Os -pipe -mno-branch-likely -mips32r2 -mtune=24kec -mdsp -fno-caller-saves -fhonour-copts -Wno-error=unused-but-set-variable -Wno-error=unused-result -msoft-float  -D_FORTIFY_SOURCE=1 -Wl,-z,now -Wl,-z,relro  -I/home/guogh/work/pandorBox-SDK-mt7620/staging_dir/target-mipsel_24kec+dsp_uClibc-1.0.x/usr/include -I/home/guogh/work/pandorBox-SDK-mt7620/staging_dir/target-mipsel_24kec+dsp_uClibc-1.0.x/include -I/home/guogh/work/pandorBox-SDK-mt7620/staging_dir/toolchain-mipsel_24kec+dsp_gcc-4.8-linaro_uClibc-1.0.x/usr/include -I/home/guogh/work/pandorBox-SDK-mt7620/staging_dir/toolchain-mipsel_24kec+dsp_gcc-4.8-linaro_uClibc-1.0.x/include  -L/home/guogh/work/pandorBox-SDK-mt7620/staging_dir/target-mipsel_24kec+dsp_uClibc-1.0.x/usr/lib -L/home/guogh/work/pandorBox-SDK-mt7620/staging_dir/target-mipsel_24kec+dsp_uClibc-1.0.x/lib -L/home/guogh/work/pandorBox-SDK-mt7620/staging_dir/toolchain-mipsel_24kec+dsp_gcc-4.8-linaro_uClibc-1.0.x/usr/lib -L/home/guogh/work/pandorBox-SDK-mt7620/staging_dir/toolchain-mipsel_24kec+dsp_gcc-4.8-linaro_uClibc-1.0.x/lib -znow -zrelro  conftest.c  >&5
configure:3248: $? = 0
configure:3270: result: 
configure:3292: checking whether we are cross compiling
configure:3330: result: yes
configure:3335: checking for suffix of object files
configure:3357: mipsel-openwrt-linux-uclibc-gcc -c -Os -pipe -mno-branch-likely -mips32r2 -mtune=24kec -mdsp -fno-caller-saves -fhonour-copts -Wno-error=unused-but-set-variable -Wno-error=unused-result -msoft-float  -D_FORTIFY_SOURCE=1 -Wl,-z,now -Wl,-z,relro  -I/home/guogh/work/pandorBox-SDK-mt7620/staging_dir/target-mipsel_24kec+dsp_uClibc-1.0.x/usr/include -I/home/guogh/work/pandorBox-SDK-mt7620/staging_dir/target-mipsel_24kec+dsp_uClibc-1.0.x/include -I/home/guogh/work/pandorBox-SDK-mt7620/staging_dir/toolchain-mipsel_24kec+dsp_gcc-4.8-linaro_uClibc-1.0.x/usr/include -I/home/guogh/work/pandorBox-SDK-mt7620/staging_dir/toolchain-mipsel_24kec+dsp_gcc-4.8-linaro_uClibc-1.0.x/include  conftest.c >&5
configure:3361: $? = 0
configure:3382: result: o
configure:3386: checking whether we are using the GNU C compiler
configure:3405: mipsel-openwrt-linux-uclibc-gcc -c -Os -pipe -mno-branch-likely -mips32r2 -mtune=24kec -mdsp -fno-caller-saves -fhonour-copts -Wno-error=unused-but-set-variable -Wno-error=unused-result -msoft-float  -D_FORTIFY_SOURCE=1 -Wl,-z,now -Wl,-z,relro  -I/home/guogh/work/pandorBox-SDK-mt7620/staging_dir/target-mipsel_24kec+dsp_uClibc-1.0.x/usr/include -I/home/guogh/work/pandorBox-SDK-mt7620/staging_dir/target-mipsel_24kec+dsp_uClibc-1.0.x/include -I/home/guogh/work/pandorBox-SDK-mt7620/staging_dir/toolchain-mipsel_24kec+dsp_gcc-4.8-linaro_uClibc-1.0.x/usr/include -I/home/guogh/work/pandorBox-SDK-mt7620/staging_dir/toolchain-mipsel_24kec+dsp_gcc-4.8-linaro_uClibc-1.0.x/include  conftest.c >&5
configure:3405: $? = 0
configure:3414: result: yes
configure:3423: checking whether mipsel-openwrt-linux-uclibc-gcc accepts -g
configure:3443: mipsel-openwrt-linux-uclibc-gcc -c -g -I/home/guogh/work/pandorBox-SDK-mt7620/staging_dir/target-mipsel_24kec+dsp_uClibc-1.0.x/usr/include -I/home/guogh/work/pandorBox-SDK-mt7620/staging_dir/target-mipsel_24kec+dsp_uClibc-1.0.x/include -I/home/guogh/work/pandorBox-SDK-mt7620/staging_dir/toolchain-mipsel_24kec+dsp_gcc-4.8-linaro_uClibc-1.0.x/usr/include -I/home/guogh/work/pandorBox-SDK-mt7620/staging_dir/toolchain-mipsel_24kec+dsp_gcc-4.8-linaro_uClibc-1.0.x/include  conftest.c >&5
cc1: note: someone does not honour COPTS correctly, passed 0 times
configure:3443: $? = 0
configure: failed program was:
| /* confdefs.h */
| #define PACKAGE_NAME "spawn-fcgi"
| #define PACKAGE_TARNAME "spawn-fcgi"
| #define PACKAGE_VERSION "1.6.4"
| #define PACKAGE_STRING "spawn-fcgi 1.6.4"
| #define PACKAGE_BUGREPORT ""
| #define PACKAGE_URL ""
| #define PACKAGE "spawn-fcgi"
| #define VERSION "1.6.4"
| /* end confdefs.h.  */
| 
| int
| main ()
| {
| 
|   ;
|   return 0;
| }
configure:3458: mipsel-openwrt-linux-uclibc-gcc -c  -I/home/guogh/work/pandorBox-SDK-mt7620/staging_dir/target-mipsel_24kec+dsp_uClibc-1.0.x/usr/include -I/home/guogh/work/pandorBox-SDK-mt7620/staging_dir/target-mipsel_24kec+dsp_uClibc-1.0.x/include -I/home/guogh/work/pandorBox-SDK-mt7620/staging_dir/toolchain-mipsel_24kec+dsp_gcc-4.8-linaro_uClibc-1.0.x/usr/include -I/home/guogh/work/pandorBox-SDK-mt7620/staging_dir/toolchain-mipsel_24kec+dsp_gcc-4.8-linaro_uClibc-1.0.x/include  conftest.c >&5
cc1: note: someone does not honour COPTS correctly, passed 0 times
configure:3458: $? = 0
configure: failed program was:
| /* confdefs.h */
| #define PACKAGE_NAME "spawn-fcgi"
| #define PACKAGE_TARNAME "spawn-fcgi"
| #define PACKAGE_VERSION "1.6.4"
| #define PACKAGE_STRING "spawn-fcgi 1.6.4"
| #define PACKAGE_BUGREPORT ""
| #define PACKAGE_URL ""
| #define PACKAGE "spawn-fcgi"
| #define VERSION "1.6.4"
| /* end confdefs.h.  */
| 
| int
| main ()
| {
| 
|   ;
|   return 0;
| }
configure:3474: mipsel-openwrt-linux-uclibc-gcc -c -g -I/home/guogh/work/pandorBox-SDK-mt7620/staging_dir/target-mipsel_24kec+dsp_uClibc-1.0.x/usr/include -I/home/guogh/work/pandorBox-SDK-mt7620/staging_dir/target-mipsel_24kec+dsp_uClibc-1.0.x/include -I/home/guogh/work/pandorBox-SDK-mt7620/staging_dir/toolchain-mipsel_24kec+dsp_gcc-4.8-linaro_uClibc-1.0.x/usr/include -I/home/guogh/work/pandorBox-SDK-mt7620/staging_dir/toolchain-mipsel_24kec+dsp_gcc-4.8-linaro_uClibc-1.0.x/include  conftest.c >&5
cc1: note: someone does not honour COPTS correctly, passed 0 times
configure:3474: $? = 0
configure:3484: result: yes
configure:3501: checking for mipsel-openwrt-linux-uclibc-gcc option to accept ISO C89
configure:3564: mipsel-openwrt-linux-uclibc-gcc  -c -Os -pipe -mno-branch-likely -mips32r2 -mtune=24kec -mdsp -fno-caller-saves -fhonour-copts -Wno-error=unused-but-set-variable -Wno-error=unused-result -msoft-float  -D_FORTIFY_SOURCE=1 -Wl,-z,now -Wl,-z,relro  -I/home/guogh/work/pandorBox-SDK-mt7620/staging_dir/target-mipsel_24kec+dsp_uClibc-1.0.x/usr/include -I/home/guogh/work/pandorBox-SDK-mt7620/staging_dir/target-mipsel_24kec+dsp_uClibc-1.0.x/include -I/home/guogh/work/pandorBox-SDK-mt7620/staging_dir/toolchain-mipsel_24kec+dsp_gcc-4.8-linaro_uClibc-1.0.x/usr/include -I/home/guogh/work/pandorBox-SDK-mt7620/staging_dir/toolchain-mipsel_24kec+dsp_gcc-4.8-linaro_uClibc-1.0.x/include  conftest.c >&5
configure:3564: $? = 0
configure:3577: result: none needed
configure:3602: checking whether mipsel-openwrt-linux-uclibc-gcc understands -c and -o together
configure:3624: mipsel-openwrt-linux-uclibc-gcc -c conftest.c -o conftest2.o
cc1: note: someone does not honour COPTS correctly, passed 0 times
configure:3627: $? = 0
configure:3624: mipsel-openwrt-linux-uclibc-gcc -c conftest.c -o conftest2.o
cc1: note: someone does not honour COPTS correctly, passed 0 times
configure:3627: $? = 0
configure:3639: result: yes
configure:3667: checking for style of include used by make
configure:3695: result: GNU
configure:3721: checking dependency style of mipsel-openwrt-linux-uclibc-gcc
configure:3832: result: gcc3
configure:3847: checking whether make sets $(MAKE)
configure:3869: result: yes
configure:3890: checking how to run the C preprocessor
configure:3921: mipsel-openwrt-linux-uclibc-gcc -E -I/home/guogh/work/pandorBox-SDK-mt7620/staging_dir/target-mipsel_24kec+dsp_uClibc-1.0.x/usr/include -I/home/guogh/work/pandorBox-SDK-mt7620/staging_dir/target-mipsel_24kec+dsp_uClibc-1.0.x/include -I/home/guogh/work/pandorBox-SDK-mt7620/staging_dir/toolchain-mipsel_24kec+dsp_gcc-4.8-linaro_uClibc-1.0.x/usr/include -I/home/guogh/work/pandorBox-SDK-mt7620/staging_dir/toolchain-mipsel_24kec+dsp_gcc-4.8-linaro_uClibc-1.0.x/include  conftest.c
configure:3921: $? = 0
configure:3935: mipsel-openwrt-linux-uclibc-gcc -E -I/home/guogh/work/pandorBox-SDK-mt7620/staging_dir/target-mipsel_24kec+dsp_uClibc-1.0.x/usr/include -I/home/guogh/work/pandorBox-SDK-mt7620/staging_dir/target-mipsel_24kec+dsp_uClibc-1.0.x/include -I/home/guogh/work/pandorBox-SDK-mt7620/staging_dir/toolchain-mipsel_24kec+dsp_gcc-4.8-linaro_uClibc-1.0.x/usr/include -I/home/guogh/work/pandorBox-SDK-mt7620/staging_dir/toolchain-mipsel_24kec+dsp_gcc-4.8-linaro_uClibc-1.0.x/include  conftest.c
conftest.c:11:28: fatal error: ac_nonexistent.h: No such file or directory
 #include <ac_nonexistent.h>
                            ^
compilation terminated.
configure:3935: $? = 1
configure: failed program was:
| /* confdefs.h */
| #define PACKAGE_NAME "spawn-fcgi"
| #define PACKAGE_TARNAME "spawn-fcgi"
| #define PACKAGE_VERSION "1.6.4"
| #define PACKAGE_STRING "spawn-fcgi 1.6.4"
| #define PACKAGE_BUGREPORT ""
| #define PACKAGE_URL ""
| #define PACKAGE "spawn-fcgi"
| #define VERSION "1.6.4"
| /* end confdefs.h.  */
| #include <ac_nonexistent.h>
configure:3960: result: mipsel-openwrt-linux-uclibc-gcc -E
configure:3980: mipsel-openwrt-linux-uclibc-gcc -E -I/home/guogh/work/pandorBox-SDK-mt7620/staging_dir/target-mipsel_24kec+dsp_uClibc-1.0.x/usr/include -I/home/guogh/work/pandorBox-SDK-mt7620/staging_dir/target-mipsel_24kec+dsp_uClibc-1.0.x/include -I/home/guogh/work/pandorBox-SDK-mt7620/staging_dir/toolchain-mipsel_24kec+dsp_gcc-4.8-linaro_uClibc-1.0.x/usr/include -I/home/guogh/work/pandorBox-SDK-mt7620/staging_dir/toolchain-mipsel_24kec+dsp_gcc-4.8-linaro_uClibc-1.0.x/include  conftest.c
configure:3980: $? = 0
configure:3994: mipsel-openwrt-linux-uclibc-gcc -E -I/home/guogh/work/pandorBox-SDK-mt7620/staging_dir/target-mipsel_24kec+dsp_uClibc-1.0.x/usr/include -I/home/guogh/work/pandorBox-SDK-mt7620/staging_dir/target-mipsel_24kec+dsp_uClibc-1.0.x/include -I/home/guogh/work/pandorBox-SDK-mt7620/staging_dir/toolchain-mipsel_24kec+dsp_gcc-4.8-linaro_uClibc-1.0.x/usr/include -I/home/guogh/work/pandorBox-SDK-mt7620/staging_dir/toolchain-mipsel_24kec+dsp_gcc-4.8-linaro_uClibc-1.0.x/include  conftest.c
conftest.c:11:28: fatal error: ac_nonexistent.h: No such file or directory
 #include <ac_nonexistent.h>
                            ^
compilation terminated.
configure:3994: $? = 1
configure: failed program was:
| /* confdefs.h */
| #define PACKAGE_NAME "spawn-fcgi"
| #define PACKAGE_TARNAME "spawn-fcgi"
| #define PACKAGE_VERSION "1.6.4"
| #define PACKAGE_STRING "spawn-fcgi 1.6.4"
| #define PACKAGE_BUGREPORT ""
| #define PACKAGE_URL ""
| #define PACKAGE "spawn-fcgi"
| #define VERSION "1.6.4"
| /* end confdefs.h.  */
| #include <ac_nonexistent.h>
configure:4023: checking for grep that handles long lines and -e
configure:4081: result: /home/guogh/work/pandorBox-SDK-mt7620/staging_dir/host/bin/grep
configure:4086: checking for egrep
configure:4148: result: /home/guogh/work/pandorBox-SDK-mt7620/staging_dir/host/bin/grep -E
configure:4153: checking for ANSI C header files
configure:4173: mipsel-openwrt-linux-uclibc-gcc -c -Os -pipe -mno-branch-likely -mips32r2 -mtune=24kec -mdsp -fno-caller-saves -fhonour-copts -Wno-error=unused-but-set-variable -Wno-error=unused-result -msoft-float  -D_FORTIFY_SOURCE=1 -Wl,-z,now -Wl,-z,relro  -I/home/guogh/work/pandorBox-SDK-mt7620/staging_dir/target-mipsel_24kec+dsp_uClibc-1.0.x/usr/include -I/home/guogh/work/pandorBox-SDK-mt7620/staging_dir/target-mipsel_24kec+dsp_uClibc-1.0.x/include -I/home/guogh/work/pandorBox-SDK-mt7620/staging_dir/toolchain-mipsel_24kec+dsp_gcc-4.8-linaro_uClibc-1.0.x/usr/include -I/home/guogh/work/pandorBox-SDK-mt7620/staging_dir/toolchain-mipsel_24kec+dsp_gcc-4.8-linaro_uClibc-1.0.x/include  conftest.c >&5
configure:4173: $? = 0
configure:4257: result: yes
configure:4265: checking for sys/wait.h that is POSIX.1 compatible
configure:4291: mipsel-openwrt-linux-uclibc-gcc -c -Os -pipe -mno-branch-likely -mips32r2 -mtune=24kec -mdsp -fno-caller-saves -fhonour-copts -Wno-error=unused-but-set-variable -Wno-error=unused-result -msoft-float  -D_FORTIFY_SOURCE=1 -Wl,-z,now -Wl,-z,relro  -I/home/guogh/work/pandorBox-SDK-mt7620/staging_dir/target-mipsel_24kec+dsp_uClibc-1.0.x/usr/include -I/home/guogh/work/pandorBox-SDK-mt7620/staging_dir/target-mipsel_24kec+dsp_uClibc-1.0.x/include -I/home/guogh/work/pandorBox-SDK-mt7620/staging_dir/toolchain-mipsel_24kec+dsp_gcc-4.8-linaro_uClibc-1.0.x/usr/include -I/home/guogh/work/pandorBox-SDK-mt7620/staging_dir/toolchain-mipsel_24kec+dsp_gcc-4.8-linaro_uClibc-1.0.x/include  conftest.c >&5
configure:4291: $? = 0
configure:4298: result: yes
configure:4311: checking for sys/types.h
configure:4311: mipsel-openwrt-linux-uclibc-gcc -c -Os -pipe -mno-branch-likely -mips32r2 -mtune=24kec -mdsp -fno-caller-saves -fhonour-copts -Wno-error=unused-but-set-variable -Wno-error=unused-result -msoft-float  -D_FORTIFY_SOURCE=1 -Wl,-z,now -Wl,-z,relro  -I/home/guogh/work/pandorBox-SDK-mt7620/staging_dir/target-mipsel_24kec+dsp_uClibc-1.0.x/usr/include -I/home/guogh/work/pandorBox-SDK-mt7620/staging_dir/target-mipsel_24kec+dsp_uClibc-1.0.x/include -I/home/guogh/work/pandorBox-SDK-mt7620/staging_dir/toolchain-mipsel_24kec+dsp_gcc-4.8-linaro_uClibc-1.0.x/usr/include -I/home/guogh/work/pandorBox-SDK-mt7620/staging_dir/toolchain-mipsel_24kec+dsp_gcc-4.8-linaro_uClibc-1.0.x/include  conftest.c >&5
configure:4311: $? = 0
configure:4311: result: yes
configure:4311: checking for sys/stat.h
configure:4311: mipsel-openwrt-linux-uclibc-gcc -c -Os -pipe -mno-branch-likely -mips32r2 -mtune=24kec -mdsp -fno-caller-saves -fhonour-copts -Wno-error=unused-but-set-variable -Wno-error=unused-result -msoft-float  -D_FORTIFY_SOURCE=1 -Wl,-z,now -Wl,-z,relro  -I/home/guogh/work/pandorBox-SDK-mt7620/staging_dir/target-mipsel_24kec+dsp_uClibc-1.0.x/usr/include -I/home/guogh/work/pandorBox-SDK-mt7620/staging_dir/target-mipsel_24kec+dsp_uClibc-1.0.x/include -I/home/guogh/work/pandorBox-SDK-mt7620/staging_dir/toolchain-mipsel_24kec+dsp_gcc-4.8-linaro_uClibc-1.0.x/usr/include -I/home/guogh/work/pandorBox-SDK-mt7620/staging_dir/toolchain-mipsel_24kec+dsp_gcc-4.8-linaro_uClibc-1.0.x/include  conftest.c >&5
configure:4311: $? = 0
configure:4311: result: yes
configure:4311: checking for stdlib.h
configure:4311: mipsel-openwrt-linux-uclibc-gcc -c -Os -pipe -mno-branch-likely -mips32r2 -mtune=24kec -mdsp -fno-caller-saves -fhonour-copts -Wno-error=unused-but-set-variable -Wno-error=unused-result -msoft-float  -D_FORTIFY_SOURCE=1 -Wl,-z,now -Wl,-z,relro  -I/home/guogh/work/pandorBox-SDK-mt7620/staging_dir/target-mipsel_24kec+dsp_uClibc-1.0.x/usr/include -I/home/guogh/work/pandorBox-SDK-mt7620/staging_dir/target-mipsel_24kec+dsp_uClibc-1.0.x/include -I/home/guogh/work/pandorBox-SDK-mt7620/staging_dir/toolchain-mipsel_24kec+dsp_gcc-4.8-linaro_uClibc-1.0.x/usr/include -I/home/guogh/work/pandorBox-SDK-mt7620/staging_dir/toolchain-mipsel_24kec+dsp_gcc-4.8-linaro_uClibc-1.0.x/include  conftest.c >&5
configure:4311: $? = 0
configure:4311: result: yes
configure:4311: checking for string.h
configure:4311: mipsel-openwrt-linux-uclibc-gcc -c -Os -pipe -mno-branch-likely -mips32r2 -mtune=24kec -mdsp -fno-caller-saves -fhonour-copts -Wno-error=unused-but-set-variable -Wno-error=unused-result -msoft-float  -D_FORTIFY_SOURCE=1 -Wl,-z,now -Wl,-z,relro  -I/home/guogh/work/pandorBox-SDK-mt7620/staging_dir/target-mipsel_24kec+dsp_uClibc-1.0.x/usr/include -I/home/guogh/work/pandorBox-SDK-mt7620/staging_dir/target-mipsel_24kec+dsp_uClibc-1.0.x/include -I/home/guogh/work/pandorBox-SDK-mt7620/staging_dir/toolchain-mipsel_24kec+dsp_gcc-4.8-linaro_uClibc-1.0.x/usr/include -I/home/guogh/work/pandorBox-SDK-mt7620/staging_dir/toolchain-mipsel_24kec+dsp_gcc-4.8-linaro_uClibc-1.0.x/include  conftest.c >&5
configure:4311: $? = 0
configure:4311: result: yes
configure:4311: checking for memory.h
configure:4311: mipsel-openwrt-linux-uclibc-gcc -c -Os -pipe -mno-branch-likely -mips32r2 -mtune=24kec -mdsp -fno-caller-saves -fhonour-copts -Wno-error=unused-but-set-variable -Wno-error=unused-result -msoft-float  -D_FORTIFY_SOURCE=1 -Wl,-z,now -Wl,-z,relro  -I/home/guogh/work/pandorBox-SDK-mt7620/staging_dir/target-mipsel_24kec+dsp_uClibc-1.0.x/usr/include -I/home/guogh/work/pandorBox-SDK-mt7620/staging_dir/target-mipsel_24kec+dsp_uClibc-1.0.x/include -I/home/guogh/work/pandorBox-SDK-mt7620/staging_dir/toolchain-mipsel_24kec+dsp_gcc-4.8-linaro_uClibc-1.0.x/usr/include -I/home/guogh/work/pandorBox-SDK-mt7620/staging_dir/toolchain-mipsel_24kec+dsp_gcc-4.8-linaro_uClibc-1.0.x/include  conftest.c >&5
configure:4311: $? = 0
configure:4311: result: yes
configure:4311: checking for strings.h
configure:4311: mipsel-openwrt-linux-uclibc-gcc -c -Os -pipe -mno-branch-likely -mips32r2 -mtune=24kec -mdsp -fno-caller-saves -fhonour-copts -Wno-error=unused-but-set-variable -Wno-error=unused-result -msoft-float  -D_FORTIFY_SOURCE=1 -Wl,-z,now -Wl,-z,relro  -I/home/guogh/work/pandorBox-SDK-mt7620/staging_dir/target-mipsel_24kec+dsp_uClibc-1.0.x/usr/include -I/home/guogh/work/pandorBox-SDK-mt7620/staging_dir/target-mipsel_24kec+dsp_uClibc-1.0.x/include -I/home/guogh/work/pandorBox-SDK-mt7620/staging_dir/toolchain-mipsel_24kec+dsp_gcc-4.8-linaro_uClibc-1.0.x/usr/include -I/home/guogh/work/pandorBox-SDK-mt7620/staging_dir/toolchain-mipsel_24kec+dsp_gcc-4.8-linaro_uClibc-1.0.x/include  conftest.c >&5
configure:4311: $? = 0
configure:4311: result: yes
configure:4311: checking for inttypes.h
configure:4311: mipsel-openwrt-linux-uclibc-gcc -c -Os -pipe -mno-branch-likely -mips32r2 -mtune=24kec -mdsp -fno-caller-saves -fhonour-copts -Wno-error=unused-but-set-variable -Wno-error=unused-result -msoft-float  -D_FORTIFY_SOURCE=1 -Wl,-z,now -Wl,-z,relro  -I/home/guogh/work/pandorBox-SDK-mt7620/staging_dir/target-mipsel_24kec+dsp_uClibc-1.0.x/usr/include -I/home/guogh/work/pandorBox-SDK-mt7620/staging_dir/target-mipsel_24kec+dsp_uClibc-1.0.x/include -I/home/guogh/work/pandorBox-SDK-mt7620/staging_dir/toolchain-mipsel_24kec+dsp_gcc-4.8-linaro_uClibc-1.0.x/usr/include -I/home/guogh/work/pandorBox-SDK-mt7620/staging_dir/toolchain-mipsel_24kec+dsp_gcc-4.8-linaro_uClibc-1.0.x/include  conftest.c >&5
configure:4311: $? = 0
configure:4311: result: yes
configure:4311: checking for stdint.h
configure:4311: mipsel-openwrt-linux-uclibc-gcc -c -Os -pipe -mno-branch-likely -mips32r2 -mtune=24kec -mdsp -fno-caller-saves -fhonour-copts -Wno-error=unused-but-set-variable -Wno-error=unused-result -msoft-float  -D_FORTIFY_SOURCE=1 -Wl,-z,now -Wl,-z,relro  -I/home/guogh/work/pandorBox-SDK-mt7620/staging_dir/target-mipsel_24kec+dsp_uClibc-1.0.x/usr/include -I/home/guogh/work/pandorBox-SDK-mt7620/staging_dir/target-mipsel_24kec+dsp_uClibc-1.0.x/include -I/home/guogh/work/pandorBox-SDK-mt7620/staging_dir/toolchain-mipsel_24kec+dsp_gcc-4.8-linaro_uClibc-1.0.x/usr/include -I/home/guogh/work/pandorBox-SDK-mt7620/staging_dir/toolchain-mipsel_24kec+dsp_gcc-4.8-linaro_uClibc-1.0.x/include  conftest.c >&5
configure:4311: $? = 0
configure:4311: result: yes
configure:4311: checking for unistd.h
configure:4311: mipsel-openwrt-linux-uclibc-gcc -c -Os -pipe -mno-branch-likely -mips32r2 -mtune=24kec -mdsp -fno-caller-saves -fhonour-copts -Wno-error=unused-but-set-variable -Wno-error=unused-result -msoft-float  -D_FORTIFY_SOURCE=1 -Wl,-z,now -Wl,-z,relro  -I/home/guogh/work/pandorBox-SDK-mt7620/staging_dir/target-mipsel_24kec+dsp_uClibc-1.0.x/usr/include -I/home/guogh/work/pandorBox-SDK-mt7620/staging_dir/target-mipsel_24kec+dsp_uClibc-1.0.x/include -I/home/guogh/work/pandorBox-SDK-mt7620/staging_dir/toolchain-mipsel_24kec+dsp_gcc-4.8-linaro_uClibc-1.0.x/usr/include -I/home/guogh/work/pandorBox-SDK-mt7620/staging_dir/toolchain-mipsel_24kec+dsp_gcc-4.8-linaro_uClibc-1.0.x/include  conftest.c >&5
configure:4311: $? = 0
configure:4311: result: yes
configure:4329: checking arpa/inet.h usability
configure:4329: mipsel-openwrt-linux-uclibc-gcc -c -Os -pipe -mno-branch-likely -mips32r2 -mtune=24kec -mdsp -fno-caller-saves -fhonour-copts -Wno-error=unused-but-set-variable -Wno-error=unused-result -msoft-float  -D_FORTIFY_SOURCE=1 -Wl,-z,now -Wl,-z,relro  -I/home/guogh/work/pandorBox-SDK-mt7620/staging_dir/target-mipsel_24kec+dsp_uClibc-1.0.x/usr/include -I/home/guogh/work/pandorBox-SDK-mt7620/staging_dir/target-mipsel_24kec+dsp_uClibc-1.0.x/include -I/home/guogh/work/pandorBox-SDK-mt7620/staging_dir/toolchain-mipsel_24kec+dsp_gcc-4.8-linaro_uClibc-1.0.x/usr/include -I/home/guogh/work/pandorBox-SDK-mt7620/staging_dir/toolchain-mipsel_24kec+dsp_gcc-4.8-linaro_uClibc-1.0.x/include  conftest.c >&5
configure:4329: $? = 0
configure:4329: result: yes
configure:4329: checking arpa/inet.h presence
configure:4329: mipsel-openwrt-linux-uclibc-gcc -E -I/home/guogh/work/pandorBox-SDK-mt7620/staging_dir/target-mipsel_24kec+dsp_uClibc-1.0.x/usr/include -I/home/guogh/work/pandorBox-SDK-mt7620/staging_dir/target-mipsel_24kec+dsp_uClibc-1.0.x/include -I/home/guogh/work/pandorBox-SDK-mt7620/staging_dir/toolchain-mipsel_24kec+dsp_gcc-4.8-linaro_uClibc-1.0.x/usr/include -I/home/guogh/work/pandorBox-SDK-mt7620/staging_dir/toolchain-mipsel_24kec+dsp_gcc-4.8-linaro_uClibc-1.0.x/include  conftest.c
configure:4329: $? = 0
configure:4329: result: yes
configure:4329: checking for arpa/inet.h
configure:4329: result: yes
configure:4329: checking errno.h usability
configure:4329: mipsel-openwrt-linux-uclibc-gcc -c -Os -pipe -mno-branch-likely -mips32r2 -mtune=24kec -mdsp -fno-caller-saves -fhonour-copts -Wno-error=unused-but-set-variable -Wno-error=unused-result -msoft-float  -D_FORTIFY_SOURCE=1 -Wl,-z,now -Wl,-z,relro  -I/home/guogh/work/pandorBox-SDK-mt7620/staging_dir/target-mipsel_24kec+dsp_uClibc-1.0.x/usr/include -I/home/guogh/work/pandorBox-SDK-mt7620/staging_dir/target-mipsel_24kec+dsp_uClibc-1.0.x/include -I/home/guogh/work/pandorBox-SDK-mt7620/staging_dir/toolchain-mipsel_24kec+dsp_gcc-4.8-linaro_uClibc-1.0.x/usr/include -I/home/guogh/work/pandorBox-SDK-mt7620/staging_dir/toolchain-mipsel_24kec+dsp_gcc-4.8-linaro_uClibc-1.0.x/include  conftest.c >&5
configure:4329: $? = 0
configure:4329: result: yes
configure:4329: checking errno.h presence
configure:4329: mipsel-openwrt-linux-uclibc-gcc -E -I/home/guogh/work/pandorBox-SDK-mt7620/staging_dir/target-mipsel_24kec+dsp_uClibc-1.0.x/usr/include -I/home/guogh/work/pandorBox-SDK-mt7620/staging_dir/target-mipsel_24kec+dsp_uClibc-1.0.x/include -I/home/guogh/work/pandorBox-SDK-mt7620/staging_dir/toolchain-mipsel_24kec+dsp_gcc-4.8-linaro_uClibc-1.0.x/usr/include -I/home/guogh/work/pandorBox-SDK-mt7620/staging_dir/toolchain-mipsel_24kec+dsp_gcc-4.8-linaro_uClibc-1.0.x/include  conftest.c
configure:4329: $? = 0
configure:4329: result: yes
configure:4329: checking for errno.h
configure:4329: result: yes
configure:4329: checking fcntl.h usability
configure:4329: mipsel-openwrt-linux-uclibc-gcc -c -Os -pipe -mno-branch-likely -mips32r2 -mtune=24kec -mdsp -fno-caller-saves -fhonour-copts -Wno-error=unused-but-set-variable -Wno-error=unused-result -msoft-float  -D_FORTIFY_SOURCE=1 -Wl,-z,now -Wl,-z,relro  -I/home/guogh/work/pandorBox-SDK-mt7620/staging_dir/target-mipsel_24kec+dsp_uClibc-1.0.x/usr/include -I/home/guogh/work/pandorBox-SDK-mt7620/staging_dir/target-mipsel_24kec+dsp_uClibc-1.0.x/include -I/home/guogh/work/pandorBox-SDK-mt7620/staging_dir/toolchain-mipsel_24kec+dsp_gcc-4.8-linaro_uClibc-1.0.x/usr/include -I/home/guogh/work/pandorBox-SDK-mt7620/staging_dir/toolchain-mipsel_24kec+dsp_gcc-4.8-linaro_uClibc-1.0.x/include  conftest.c >&5
configure:4329: $? = 0
configure:4329: result: yes
configure:4329: checking fcntl.h presence
configure:4329: mipsel-openwrt-linux-uclibc-gcc -E -I/home/guogh/work/pandorBox-SDK-mt7620/staging_dir/target-mipsel_24kec+dsp_uClibc-1.0.x/usr/include -I/home/guogh/work/pandorBox-SDK-mt7620/staging_dir/target-mipsel_24kec+dsp_uClibc-1.0.x/include -I/home/guogh/work/pandorBox-SDK-mt7620/staging_dir/toolchain-mipsel_24kec+dsp_gcc-4.8-linaro_uClibc-1.0.x/usr/include -I/home/guogh/work/pandorBox-SDK-mt7620/staging_dir/toolchain-mipsel_24kec+dsp_gcc-4.8-linaro_uClibc-1.0.x/include  conftest.c
configure:4329: $? = 0
configure:4329: result: yes
configure:4329: checking for fcntl.h
configure:4329: result: yes
configure:4329: checking getopt.h usability
configure:4329: mipsel-openwrt-linux-uclibc-gcc -c -Os -pipe -mno-branch-likely -mips32r2 -mtune=24kec -mdsp -fno-caller-saves -fhonour-copts -Wno-error=unused-but-set-variable -Wno-error=unused-result -msoft-float  -D_FORTIFY_SOURCE=1 -Wl,-z,now -Wl,-z,relro  -I/home/guogh/work/pandorBox-SDK-mt7620/staging_dir/target-mipsel_24kec+dsp_uClibc-1.0.x/usr/include -I/home/guogh/work/pandorBox-SDK-mt7620/staging_dir/target-mipsel_24kec+dsp_uClibc-1.0.x/include -I/home/guogh/work/pandorBox-SDK-mt7620/staging_dir/toolchain-mipsel_24kec+dsp_gcc-4.8-linaro_uClibc-1.0.x/usr/include -I/home/guogh/work/pandorBox-SDK-mt7620/staging_dir/toolchain-mipsel_24kec+dsp_gcc-4.8-linaro_uClibc-1.0.x/include  conftest.c >&5
configure:4329: $? = 0
configure:4329: result: yes
configure:4329: checking getopt.h presence
configure:4329: mipsel-openwrt-linux-uclibc-gcc -E -I/home/guogh/work/pandorBox-SDK-mt7620/staging_dir/target-mipsel_24kec+dsp_uClibc-1.0.x/usr/include -I/home/guogh/work/pandorBox-SDK-mt7620/staging_dir/target-mipsel_24kec+dsp_uClibc-1.0.x/include -I/home/guogh/work/pandorBox-SDK-mt7620/staging_dir/toolchain-mipsel_24kec+dsp_gcc-4.8-linaro_uClibc-1.0.x/usr/include -I/home/guogh/work/pandorBox-SDK-mt7620/staging_dir/toolchain-mipsel_24kec+dsp_gcc-4.8-linaro_uClibc-1.0.x/include  conftest.c
configure:4329: $? = 0
configure:4329: result: yes
configure:4329: checking for getopt.h
configure:4329: result: yes
configure:4329: checking grp.h usability
configure:4329: mipsel-openwrt-linux-uclibc-gcc -c -Os -pipe -mno-branch-likely -mips32r2 -mtune=24kec -mdsp -fno-caller-saves -fhonour-copts -Wno-error=unused-but-set-variable -Wno-error=unused-result -msoft-float  -D_FORTIFY_SOURCE=1 -Wl,-z,now -Wl,-z,relro  -I/home/guogh/work/pandorBox-SDK-mt7620/staging_dir/target-mipsel_24kec+dsp_uClibc-1.0.x/usr/include -I/home/guogh/work/pandorBox-SDK-mt7620/staging_dir/target-mipsel_24kec+dsp_uClibc-1.0.x/include -I/home/guogh/work/pandorBox-SDK-mt7620/staging_dir/toolchain-mipsel_24kec+dsp_gcc-4.8-linaro_uClibc-1.0.x/usr/include -I/home/guogh/work/pandorBox-SDK-mt7620/staging_dir/toolchain-mipsel_24kec+dsp_gcc-4.8-linaro_uClibc-1.0.x/include  conftest.c >&5
configure:4329: $? = 0
configure:4329: result: yes
configure:4329: checking grp.h presence
configure:4329: mipsel-openwrt-linux-uclibc-gcc -E -I/home/guogh/work/pandorBox-SDK-mt7620/staging_dir/target-mipsel_24kec+dsp_uClibc-1.0.x/usr/include -I/home/guogh/work/pandorBox-SDK-mt7620/staging_dir/target-mipsel_24kec+dsp_uClibc-1.0.x/include -I/home/guogh/work/pandorBox-SDK-mt7620/staging_dir/toolchain-mipsel_24kec+dsp_gcc-4.8-linaro_uClibc-1.0.x/usr/include -I/home/guogh/work/pandorBox-SDK-mt7620/staging_dir/toolchain-mipsel_24kec+dsp_gcc-4.8-linaro_uClibc-1.0.x/include  conftest.c
configure:4329: $? = 0
configure:4329: result: yes
configure:4329: checking for grp.h
configure:4329: result: yes
configure:4329: checking netdb.h usability
configure:4329: mipsel-openwrt-linux-uclibc-gcc -c -Os -pipe -mno-branch-likely -mips32r2 -mtune=24kec -mdsp -fno-caller-saves -fhonour-copts -Wno-error=unused-but-set-variable -Wno-error=unused-result -msoft-float  -D_FORTIFY_SOURCE=1 -Wl,-z,now -Wl,-z,relro  -I/home/guogh/work/pandorBox-SDK-mt7620/staging_dir/target-mipsel_24kec+dsp_uClibc-1.0.x/usr/include -I/home/guogh/work/pandorBox-SDK-mt7620/staging_dir/target-mipsel_24kec+dsp_uClibc-1.0.x/include -I/home/guogh/work/pandorBox-SDK-mt7620/staging_dir/toolchain-mipsel_24kec+dsp_gcc-4.8-linaro_uClibc-1.0.x/usr/include -I/home/guogh/work/pandorBox-SDK-mt7620/staging_dir/toolchain-mipsel_24kec+dsp_gcc-4.8-linaro_uClibc-1.0.x/include  conftest.c >&5
configure:4329: $? = 0
configure:4329: result: yes
configure:4329: checking netdb.h presence
configure:4329: mipsel-openwrt-linux-uclibc-gcc -E -I/home/guogh/work/pandorBox-SDK-mt7620/staging_dir/target-mipsel_24kec+dsp_uClibc-1.0.x/usr/include -I/home/guogh/work/pandorBox-SDK-mt7620/staging_dir/target-mipsel_24kec+dsp_uClibc-1.0.x/include -I/home/guogh/work/pandorBox-SDK-mt7620/staging_dir/toolchain-mipsel_24kec+dsp_gcc-4.8-linaro_uClibc-1.0.x/usr/include -I/home/guogh/work/pandorBox-SDK-mt7620/staging_dir/toolchain-mipsel_24kec+dsp_gcc-4.8-linaro_uClibc-1.0.x/include  conftest.c
configure:4329: $? = 0
configure:4329: result: yes
configure:4329: checking for netdb.h
configure:4329: result: yes
configure:4329: checking netinet/in.h usability
configure:4329: mipsel-openwrt-linux-uclibc-gcc -c -Os -pipe -mno-branch-likely -mips32r2 -mtune=24kec -mdsp -fno-caller-saves -fhonour-copts -Wno-error=unused-but-set-variable -Wno-error=unused-result -msoft-float  -D_FORTIFY_SOURCE=1 -Wl,-z,now -Wl,-z,relro  -I/home/guogh/work/pandorBox-SDK-mt7620/staging_dir/target-mipsel_24kec+dsp_uClibc-1.0.x/usr/include -I/home/guogh/work/pandorBox-SDK-mt7620/staging_dir/target-mipsel_24kec+dsp_uClibc-1.0.x/include -I/home/guogh/work/pandorBox-SDK-mt7620/staging_dir/toolchain-mipsel_24kec+dsp_gcc-4.8-linaro_uClibc-1.0.x/usr/include -I/home/guogh/work/pandorBox-SDK-mt7620/staging_dir/toolchain-mipsel_24kec+dsp_gcc-4.8-linaro_uClibc-1.0.x/include  conftest.c >&5
configure:4329: $? = 0
configure:4329: result: yes
configure:4329: checking netinet/in.h presence
configure:4329: mipsel-openwrt-linux-uclibc-gcc -E -I/home/guogh/work/pandorBox-SDK-mt7620/staging_dir/target-mipsel_24kec+dsp_uClibc-1.0.x/usr/include -I/home/guogh/work/pandorBox-SDK-mt7620/staging_dir/target-mipsel_24kec+dsp_uClibc-1.0.x/include -I/home/guogh/work/pandorBox-SDK-mt7620/staging_dir/toolchain-mipsel_24kec+dsp_gcc-4.8-linaro_uClibc-1.0.x/usr/include -I/home/guogh/work/pandorBox-SDK-mt7620/staging_dir/toolchain-mipsel_24kec+dsp_gcc-4.8-linaro_uClibc-1.0.x/include  conftest.c
configure:4329: $? = 0
configure:4329: result: yes
configure:4329: checking for netinet/in.h
configure:4329: result: yes
configure:4329: checking netinet/tcp.h usability
configure:4329: mipsel-openwrt-linux-uclibc-gcc -c -Os -pipe -mno-branch-likely -mips32r2 -mtune=24kec -mdsp -fno-caller-saves -fhonour-copts -Wno-error=unused-but-set-variable -Wno-error=unused-result -msoft-float  -D_FORTIFY_SOURCE=1 -Wl,-z,now -Wl,-z,relro  -I/home/guogh/work/pandorBox-SDK-mt7620/staging_dir/target-mipsel_24kec+dsp_uClibc-1.0.x/usr/include -I/home/guogh/work/pandorBox-SDK-mt7620/staging_dir/target-mipsel_24kec+dsp_uClibc-1.0.x/include -I/home/guogh/work/pandorBox-SDK-mt7620/staging_dir/toolchain-mipsel_24kec+dsp_gcc-4.8-linaro_uClibc-1.0.x/usr/include -I/home/guogh/work/pandorBox-SDK-mt7620/staging_dir/toolchain-mipsel_24kec+dsp_gcc-4.8-linaro_uClibc-1.0.x/include  conftest.c >&5
configure:4329: $? = 0
configure:4329: result: yes
configure:4329: checking netinet/tcp.h presence
configure:4329: mipsel-openwrt-linux-uclibc-gcc -E -I/home/guogh/work/pandorBox-SDK-mt7620/staging_dir/target-mipsel_24kec+dsp_uClibc-1.0.x/usr/include -I/home/guogh/work/pandorBox-SDK-mt7620/staging_dir/target-mipsel_24kec+dsp_uClibc-1.0.x/include -I/home/guogh/work/pandorBox-SDK-mt7620/staging_dir/toolchain-mipsel_24kec+dsp_gcc-4.8-linaro_uClibc-1.0.x/usr/include -I/home/guogh/work/pandorBox-SDK-mt7620/staging_dir/toolchain-mipsel_24kec+dsp_gcc-4.8-linaro_uClibc-1.0.x/include  conftest.c
configure:4329: $? = 0
configure:4329: result: yes
configure:4329: checking for netinet/tcp.h
configure:4329: result: yes
configure:4329: checking pwd.h usability
configure:4329: mipsel-openwrt-linux-uclibc-gcc -c -Os -pipe -mno-branch-likely -mips32r2 -mtune=24kec -mdsp -fno-caller-saves -fhonour-copts -Wno-error=unused-but-set-variable -Wno-error=unused-result -msoft-float  -D_FORTIFY_SOURCE=1 -Wl,-z,now -Wl,-z,relro  -I/home/guogh/work/pandorBox-SDK-mt7620/staging_dir/target-mipsel_24kec+dsp_uClibc-1.0.x/usr/include -I/home/guogh/work/pandorBox-SDK-mt7620/staging_dir/target-mipsel_24kec+dsp_uClibc-1.0.x/include -I/home/guogh/work/pandorBox-SDK-mt7620/staging_dir/toolchain-mipsel_24kec+dsp_gcc-4.8-linaro_uClibc-1.0.x/usr/include -I/home/guogh/work/pandorBox-SDK-mt7620/staging_dir/toolchain-mipsel_24kec+dsp_gcc-4.8-linaro_uClibc-1.0.x/include  conftest.c >&5
configure:4329: $? = 0
configure:4329: result: yes
configure:4329: checking pwd.h presence
configure:4329: mipsel-openwrt-linux-uclibc-gcc -E -I/home/guogh/work/pandorBox-SDK-mt7620/staging_dir/target-mipsel_24kec+dsp_uClibc-1.0.x/usr/include -I/home/guogh/work/pandorBox-SDK-mt7620/staging_dir/target-mipsel_24kec+dsp_uClibc-1.0.x/include -I/home/guogh/work/pandorBox-SDK-mt7620/staging_dir/toolchain-mipsel_24kec+dsp_gcc-4.8-linaro_uClibc-1.0.x/usr/include -I/home/guogh/work/pandorBox-SDK-mt7620/staging_dir/toolchain-mipsel_24kec+dsp_gcc-4.8-linaro_uClibc-1.0.x/include  conftest.c
configure:4329: $? = 0
configure:4329: result: yes
configure:4329: checking for pwd.h
configure:4329: result: yes
configure:4329: checking stdio.h usability
configure:4329: mipsel-openwrt-linux-uclibc-gcc -c -Os -pipe -mno-branch-likely -mips32r2 -mtune=24kec -mdsp -fno-caller-saves -fhonour-copts -Wno-error=unused-but-set-variable -Wno-error=unused-result -msoft-float  -D_FORTIFY_SOURCE=1 -Wl,-z,now -Wl,-z,relro  -I/home/guogh/work/pandorBox-SDK-mt7620/staging_dir/target-mipsel_24kec+dsp_uClibc-1.0.x/usr/include -I/home/guogh/work/pandorBox-SDK-mt7620/staging_dir/target-mipsel_24kec+dsp_uClibc-1.0.x/include -I/home/guogh/work/pandorBox-SDK-mt7620/staging_dir/toolchain-mipsel_24kec+dsp_gcc-4.8-linaro_uClibc-1.0.x/usr/include -I/home/guogh/work/pandorBox-SDK-mt7620/staging_dir/toolchain-mipsel_24kec+dsp_gcc-4.8-linaro_uClibc-1.0.x/include  conftest.c >&5
configure:4329: $? = 0
configure:4329: result: yes
configure:4329: checking stdio.h presence
configure:4329: mipsel-openwrt-linux-uclibc-gcc -E -I/home/guogh/work/pandorBox-SDK-mt7620/staging_dir/target-mipsel_24kec+dsp_uClibc-1.0.x/usr/include -I/home/guogh/work/pandorBox-SDK-mt7620/staging_dir/target-mipsel_24kec+dsp_uClibc-1.0.x/include -I/home/guogh/work/pandorBox-SDK-mt7620/staging_dir/toolchain-mipsel_24kec+dsp_gcc-4.8-linaro_uClibc-1.0.x/usr/include -I/home/guogh/work/pandorBox-SDK-mt7620/staging_dir/toolchain-mipsel_24kec+dsp_gcc-4.8-linaro_uClibc-1.0.x/include  conftest.c
configure:4329: $? = 0
configure:4329: result: yes
configure:4329: checking for stdio.h
configure:4329: result: yes
configure:4329: checking for stdlib.h
configure:4329: result: yes
configure:4329: checking for string.h
configure:4329: result: yes
configure:4329: checking sys/ioctl.h usability
configure:4329: mipsel-openwrt-linux-uclibc-gcc -c -Os -pipe -mno-branch-likely -mips32r2 -mtune=24kec -mdsp -fno-caller-saves -fhonour-copts -Wno-error=unused-but-set-variable -Wno-error=unused-result -msoft-float  -D_FORTIFY_SOURCE=1 -Wl,-z,now -Wl,-z,relro  -I/home/guogh/work/pandorBox-SDK-mt7620/staging_dir/target-mipsel_24kec+dsp_uClibc-1.0.x/usr/include -I/home/guogh/work/pandorBox-SDK-mt7620/staging_dir/target-mipsel_24kec+dsp_uClibc-1.0.x/include -I/home/guogh/work/pandorBox-SDK-mt7620/staging_dir/toolchain-mipsel_24kec+dsp_gcc-4.8-linaro_uClibc-1.0.x/usr/include -I/home/guogh/work/pandorBox-SDK-mt7620/staging_dir/toolchain-mipsel_24kec+dsp_gcc-4.8-linaro_uClibc-1.0.x/include  conftest.c >&5
configure:4329: $? = 0
configure:4329: result: yes
configure:4329: checking sys/ioctl.h presence
configure:4329: mipsel-openwrt-linux-uclibc-gcc -E -I/home/guogh/work/pandorBox-SDK-mt7620/staging_dir/target-mipsel_24kec+dsp_uClibc-1.0.x/usr/include -I/home/guogh/work/pandorBox-SDK-mt7620/staging_dir/target-mipsel_24kec+dsp_uClibc-1.0.x/include -I/home/guogh/work/pandorBox-SDK-mt7620/staging_dir/toolchain-mipsel_24kec+dsp_gcc-4.8-linaro_uClibc-1.0.x/usr/include -I/home/guogh/work/pandorBox-SDK-mt7620/staging_dir/toolchain-mipsel_24kec+dsp_gcc-4.8-linaro_uClibc-1.0.x/include  conftest.c
configure:4329: $? = 0
configure:4329: result: yes
configure:4329: checking for sys/ioctl.h
configure:4329: result: yes
configure:4329: checking sys/socket.h usability
configure:4329: mipsel-openwrt-linux-uclibc-gcc -c -Os -pipe -mno-branch-likely -mips32r2 -mtune=24kec -mdsp -fno-caller-saves -fhonour-copts -Wno-error=unused-but-set-variable -Wno-error=unused-result -msoft-float  -D_FORTIFY_SOURCE=1 -Wl,-z,now -Wl,-z,relro  -I/home/guogh/work/pandorBox-SDK-mt7620/staging_dir/target-mipsel_24kec+dsp_uClibc-1.0.x/usr/include -I/home/guogh/work/pandorBox-SDK-mt7620/staging_dir/target-mipsel_24kec+dsp_uClibc-1.0.x/include -I/home/guogh/work/pandorBox-SDK-mt7620/staging_dir/toolchain-mipsel_24kec+dsp_gcc-4.8-linaro_uClibc-1.0.x/usr/include -I/home/guogh/work/pandorBox-SDK-mt7620/staging_dir/toolchain-mipsel_24kec+dsp_gcc-4.8-linaro_uClibc-1.0.x/include  conftest.c >&5
configure:4329: $? = 0
configure:4329: result: yes
configure:4329: checking sys/socket.h presence
configure:4329: mipsel-openwrt-linux-uclibc-gcc -E -I/home/guogh/work/pandorBox-SDK-mt7620/staging_dir/target-mipsel_24kec+dsp_uClibc-1.0.x/usr/include -I/home/guogh/work/pandorBox-SDK-mt7620/staging_dir/target-mipsel_24kec+dsp_uClibc-1.0.x/include -I/home/guogh/work/pandorBox-SDK-mt7620/staging_dir/toolchain-mipsel_24kec+dsp_gcc-4.8-linaro_uClibc-1.0.x/usr/include -I/home/guogh/work/pandorBox-SDK-mt7620/staging_dir/toolchain-mipsel_24kec+dsp_gcc-4.8-linaro_uClibc-1.0.x/include  conftest.c
configure:4329: $? = 0
configure:4329: result: yes
configure:4329: checking for sys/socket.h
configure:4329: result: yes
configure:4329: checking for sys/stat.h
configure:4329: result: yes
configure:4329: checking sys/time.h usability
configure:4329: mipsel-openwrt-linux-uclibc-gcc -c -Os -pipe -mno-branch-likely -mips32r2 -mtune=24kec -mdsp -fno-caller-saves -fhonour-copts -Wno-error=unused-but-set-variable -Wno-error=unused-result -msoft-float  -D_FORTIFY_SOURCE=1 -Wl,-z,now -Wl,-z,relro  -I/home/guogh/work/pandorBox-SDK-mt7620/staging_dir/target-mipsel_24kec+dsp_uClibc-1.0.x/usr/include -I/home/guogh/work/pandorBox-SDK-mt7620/staging_dir/target-mipsel_24kec+dsp_uClibc-1.0.x/include -I/home/guogh/work/pandorBox-SDK-mt7620/staging_dir/toolchain-mipsel_24kec+dsp_gcc-4.8-linaro_uClibc-1.0.x/usr/include -I/home/guogh/work/pandorBox-SDK-mt7620/staging_dir/toolchain-mipsel_24kec+dsp_gcc-4.8-linaro_uClibc-1.0.x/include  conftest.c >&5
configure:4329: $? = 0
configure:4329: result: yes
configure:4329: checking sys/time.h presence
configure:4329: mipsel-openwrt-linux-uclibc-gcc -E -I/home/guogh/work/pandorBox-SDK-mt7620/staging_dir/target-mipsel_24kec+dsp_uClibc-1.0.x/usr/include -I/home/guogh/work/pandorBox-SDK-mt7620/staging_dir/target-mipsel_24kec+dsp_uClibc-1.0.x/include -I/home/guogh/work/pandorBox-SDK-mt7620/staging_dir/toolchain-mipsel_24kec+dsp_gcc-4.8-linaro_uClibc-1.0.x/usr/include -I/home/guogh/work/pandorBox-SDK-mt7620/staging_dir/toolchain-mipsel_24kec+dsp_gcc-4.8-linaro_uClibc-1.0.x/include  conftest.c
configure:4329: $? = 0
configure:4329: result: yes
configure:4329: checking for sys/time.h
configure:4329: result: yes
configure:4329: checking for sys/types.h
configure:4329: result: yes
configure:4329: checking sys/un.h usability
configure:4329: mipsel-openwrt-linux-uclibc-gcc -c -Os -pipe -mno-branch-likely -mips32r2 -mtune=24kec -mdsp -fno-caller-saves -fhonour-copts -Wno-error=unused-but-set-variable -Wno-error=unused-result -msoft-float  -D_FORTIFY_SOURCE=1 -Wl,-z,now -Wl,-z,relro  -I/home/guogh/work/pandorBox-SDK-mt7620/staging_dir/target-mipsel_24kec+dsp_uClibc-1.0.x/usr/include -I/home/guogh/work/pandorBox-SDK-mt7620/staging_dir/target-mipsel_24kec+dsp_uClibc-1.0.x/include -I/home/guogh/work/pandorBox-SDK-mt7620/staging_dir/toolchain-mipsel_24kec+dsp_gcc-4.8-linaro_uClibc-1.0.x/usr/include -I/home/guogh/work/pandorBox-SDK-mt7620/staging_dir/toolchain-mipsel_24kec+dsp_gcc-4.8-linaro_uClibc-1.0.x/include  conftest.c >&5
configure:4329: $? = 0
configure:4329: result: yes
configure:4329: checking sys/un.h presence
configure:4329: mipsel-openwrt-linux-uclibc-gcc -E -I/home/guogh/work/pandorBox-SDK-mt7620/staging_dir/target-mipsel_24kec+dsp_uClibc-1.0.x/usr/include -I/home/guogh/work/pandorBox-SDK-mt7620/staging_dir/target-mipsel_24kec+dsp_uClibc-1.0.x/include -I/home/guogh/work/pandorBox-SDK-mt7620/staging_dir/toolchain-mipsel_24kec+dsp_gcc-4.8-linaro_uClibc-1.0.x/usr/include -I/home/guogh/work/pandorBox-SDK-mt7620/staging_dir/toolchain-mipsel_24kec+dsp_gcc-4.8-linaro_uClibc-1.0.x/include  conftest.c
configure:4329: $? = 0
configure:4329: result: yes
configure:4329: checking for sys/un.h
configure:4329: result: yes
configure:4329: checking for sys/wait.h
configure:4329: result: yes
configure:4329: checking for unistd.h
configure:4329: result: yes
configure:4342: checking for an ANSI C-conforming const
configure:4408: mipsel-openwrt-linux-uclibc-gcc -c -Os -pipe -mno-branch-likely -mips32r2 -mtune=24kec -mdsp -fno-caller-saves -fhonour-copts -Wno-error=unused-but-set-variable -Wno-error=unused-result -msoft-float  -D_FORTIFY_SOURCE=1 -Wl,-z,now -Wl,-z,relro  -I/home/guogh/work/pandorBox-SDK-mt7620/staging_dir/target-mipsel_24kec+dsp_uClibc-1.0.x/usr/include -I/home/guogh/work/pandorBox-SDK-mt7620/staging_dir/target-mipsel_24kec+dsp_uClibc-1.0.x/include -I/home/guogh/work/pandorBox-SDK-mt7620/staging_dir/toolchain-mipsel_24kec+dsp_gcc-4.8-linaro_uClibc-1.0.x/usr/include -I/home/guogh/work/pandorBox-SDK-mt7620/staging_dir/toolchain-mipsel_24kec+dsp_gcc-4.8-linaro_uClibc-1.0.x/include  conftest.c >&5
configure:4408: $? = 0
configure:4415: result: yes
configure:4423: checking for uid_t in sys/types.h
configure:4442: result: yes
configure:4453: checking for pid_t
configure:4453: mipsel-openwrt-linux-uclibc-gcc -c -Os -pipe -mno-branch-likely -mips32r2 -mtune=24kec -mdsp -fno-caller-saves -fhonour-copts -Wno-error=unused-but-set-variable -Wno-error=unused-result -msoft-float  -D_FORTIFY_SOURCE=1 -Wl,-z,now -Wl,-z,relro  -I/home/guogh/work/pandorBox-SDK-mt7620/staging_dir/target-mipsel_24kec+dsp_uClibc-1.0.x/usr/include -I/home/guogh/work/pandorBox-SDK-mt7620/staging_dir/target-mipsel_24kec+dsp_uClibc-1.0.x/include -I/home/guogh/work/pandorBox-SDK-mt7620/staging_dir/toolchain-mipsel_24kec+dsp_gcc-4.8-linaro_uClibc-1.0.x/usr/include -I/home/guogh/work/pandorBox-SDK-mt7620/staging_dir/toolchain-mipsel_24kec+dsp_gcc-4.8-linaro_uClibc-1.0.x/include  conftest.c >&5
configure:4453: $? = 0
configure:4453: mipsel-openwrt-linux-uclibc-gcc -c -Os -pipe -mno-branch-likely -mips32r2 -mtune=24kec -mdsp -fno-caller-saves -fhonour-copts -Wno-error=unused-but-set-variable -Wno-error=unused-result -msoft-float  -D_FORTIFY_SOURCE=1 -Wl,-z,now -Wl,-z,relro  -I/home/guogh/work/pandorBox-SDK-mt7620/staging_dir/target-mipsel_24kec+dsp_uClibc-1.0.x/usr/include -I/home/guogh/work/pandorBox-SDK-mt7620/staging_dir/target-mipsel_24kec+dsp_uClibc-1.0.x/include -I/home/guogh/work/pandorBox-SDK-mt7620/staging_dir/toolchain-mipsel_24kec+dsp_gcc-4.8-linaro_uClibc-1.0.x/usr/include -I/home/guogh/work/pandorBox-SDK-mt7620/staging_dir/toolchain-mipsel_24kec+dsp_gcc-4.8-linaro_uClibc-1.0.x/include  conftest.c >&5
conftest.c: In function 'main':
conftest.c:78:20: error: expected expression before ')' token
 if (sizeof ((pid_t)))
                    ^
configure:4453: $? = 1
configure: failed program was:
| /* confdefs.h */
| #define PACKAGE_NAME "spawn-fcgi"
| #define PACKAGE_TARNAME "spawn-fcgi"
| #define PACKAGE_VERSION "1.6.4"
| #define PACKAGE_STRING "spawn-fcgi 1.6.4"
| #define PACKAGE_BUGREPORT ""
| #define PACKAGE_URL ""
| #define PACKAGE "spawn-fcgi"
| #define VERSION "1.6.4"
| #define STDC_HEADERS 1
| #define HAVE_SYS_WAIT_H 1
| #define HAVE_SYS_TYPES_H 1
| #define HAVE_SYS_STAT_H 1
| #define HAVE_STDLIB_H 1
| #define HAVE_STRING_H 1
| #define HAVE_MEMORY_H 1
| #define HAVE_STRINGS_H 1
| #define HAVE_INTTYPES_H 1
| #define HAVE_STDINT_H 1
| #define HAVE_UNISTD_H 1
| #define HAVE_ARPA_INET_H 1
| #define HAVE_ERRNO_H 1
| #define HAVE_FCNTL_H 1
| #define HAVE_GETOPT_H 1
| #define HAVE_GRP_H 1
| #define HAVE_NETDB_H 1
| #define HAVE_NETINET_IN_H 1
| #define HAVE_NETINET_TCP_H 1
| #define HAVE_PWD_H 1
| #define HAVE_STDIO_H 1
| #define HAVE_STDLIB_H 1
| #define HAVE_STRING_H 1
| #define HAVE_SYS_IOCTL_H 1
| #define HAVE_SYS_SOCKET_H 1
| #define HAVE_SYS_STAT_H 1
| #define HAVE_SYS_TIME_H 1
| #define HAVE_SYS_TYPES_H 1
| #define HAVE_SYS_UN_H 1
| #define HAVE_SYS_WAIT_H 1
| #define HAVE_UNISTD_H 1
| /* end confdefs.h.  */
| #include <stdio.h>
| #ifdef HAVE_SYS_TYPES_H
| # include <sys/types.h>
| #endif
| #ifdef HAVE_SYS_STAT_H
| # include <sys/stat.h>
| #endif
| #ifdef STDC_HEADERS
| # include <stdlib.h>
| # include <stddef.h>
| #else
| # ifdef HAVE_STDLIB_H
| #  include <stdlib.h>
| # endif
| #endif
| #ifdef HAVE_STRING_H
| # if !defined STDC_HEADERS && defined HAVE_MEMORY_H
| #  include <memory.h>
| # endif
| # include <string.h>
| #endif
| #ifdef HAVE_STRINGS_H
| # include <strings.h>
| #endif
| #ifdef HAVE_INTTYPES_H
| # include <inttypes.h>
| #endif
| #ifdef HAVE_STDINT_H
| # include <stdint.h>
| #endif
| #ifdef HAVE_UNISTD_H
| # include <unistd.h>
| #endif
| int
| main ()
| {
| if (sizeof ((pid_t)))
| 	    return 0;
|   ;
|   return 0;
| }
configure:4453: result: yes
configure:4464: checking whether time.h and sys/time.h may both be included
configure:4484: mipsel-openwrt-linux-uclibc-gcc -c -Os -pipe -mno-branch-likely -mips32r2 -mtune=24kec -mdsp -fno-caller-saves -fhonour-copts -Wno-error=unused-but-set-variable -Wno-error=unused-result -msoft-float  -D_FORTIFY_SOURCE=1 -Wl,-z,now -Wl,-z,relro  -I/home/guogh/work/pandorBox-SDK-mt7620/staging_dir/target-mipsel_24kec+dsp_uClibc-1.0.x/usr/include -I/home/guogh/work/pandorBox-SDK-mt7620/staging_dir/target-mipsel_24kec+dsp_uClibc-1.0.x/include -I/home/guogh/work/pandorBox-SDK-mt7620/staging_dir/toolchain-mipsel_24kec+dsp_gcc-4.8-linaro_uClibc-1.0.x/usr/include -I/home/guogh/work/pandorBox-SDK-mt7620/staging_dir/toolchain-mipsel_24kec+dsp_gcc-4.8-linaro_uClibc-1.0.x/include  conftest.c >&5
configure:4484: $? = 0
configure:4491: result: yes
configure:4499: checking for socklen_t
configure:4499: mipsel-openwrt-linux-uclibc-gcc -c -Os -pipe -mno-branch-likely -mips32r2 -mtune=24kec -mdsp -fno-caller-saves -fhonour-copts -Wno-error=unused-but-set-variable -Wno-error=unused-result -msoft-float  -D_FORTIFY_SOURCE=1 -Wl,-z,now -Wl,-z,relro  -I/home/guogh/work/pandorBox-SDK-mt7620/staging_dir/target-mipsel_24kec+dsp_uClibc-1.0.x/usr/include -I/home/guogh/work/pandorBox-SDK-mt7620/staging_dir/target-mipsel_24kec+dsp_uClibc-1.0.x/include -I/home/guogh/work/pandorBox-SDK-mt7620/staging_dir/toolchain-mipsel_24kec+dsp_gcc-4.8-linaro_uClibc-1.0.x/usr/include -I/home/guogh/work/pandorBox-SDK-mt7620/staging_dir/toolchain-mipsel_24kec+dsp_gcc-4.8-linaro_uClibc-1.0.x/include  conftest.c >&5
configure:4499: $? = 0
configure:4499: mipsel-openwrt-linux-uclibc-gcc -c -Os -pipe -mno-branch-likely -mips32r2 -mtune=24kec -mdsp -fno-caller-saves -fhonour-copts -Wno-error=unused-but-set-variable -Wno-error=unused-result -msoft-float  -D_FORTIFY_SOURCE=1 -Wl,-z,now -Wl,-z,relro  -I/home/guogh/work/pandorBox-SDK-mt7620/staging_dir/target-mipsel_24kec+dsp_uClibc-1.0.x/usr/include -I/home/guogh/work/pandorBox-SDK-mt7620/staging_dir/target-mipsel_24kec+dsp_uClibc-1.0.x/include -I/home/guogh/work/pandorBox-SDK-mt7620/staging_dir/toolchain-mipsel_24kec+dsp_gcc-4.8-linaro_uClibc-1.0.x/usr/include -I/home/guogh/work/pandorBox-SDK-mt7620/staging_dir/toolchain-mipsel_24kec+dsp_gcc-4.8-linaro_uClibc-1.0.x/include  conftest.c >&5
conftest.c: In function 'main':
conftest.c:49:24: error: expected expression before ')' token
 if (sizeof ((socklen_t)))
                        ^
configure:4499: $? = 1
configure: failed program was:
| /* confdefs.h */
| #define PACKAGE_NAME "spawn-fcgi"
| #define PACKAGE_TARNAME "spawn-fcgi"
| #define PACKAGE_VERSION "1.6.4"
| #define PACKAGE_STRING "spawn-fcgi 1.6.4"
| #define PACKAGE_BUGREPORT ""
| #define PACKAGE_URL ""
| #define PACKAGE "spawn-fcgi"
| #define VERSION "1.6.4"
| #define STDC_HEADERS 1
| #define HAVE_SYS_WAIT_H 1
| #define HAVE_SYS_TYPES_H 1
| #define HAVE_SYS_STAT_H 1
| #define HAVE_STDLIB_H 1
| #define HAVE_STRING_H 1
| #define HAVE_MEMORY_H 1
| #define HAVE_STRINGS_H 1
| #define HAVE_INTTYPES_H 1
| #define HAVE_STDINT_H 1
| #define HAVE_UNISTD_H 1
| #define HAVE_ARPA_INET_H 1
| #define HAVE_ERRNO_H 1
| #define HAVE_FCNTL_H 1
| #define HAVE_GETOPT_H 1
| #define HAVE_GRP_H 1
| #define HAVE_NETDB_H 1
| #define HAVE_NETINET_IN_H 1
| #define HAVE_NETINET_TCP_H 1
| #define HAVE_PWD_H 1
| #define HAVE_STDIO_H 1
| #define HAVE_STDLIB_H 1
| #define HAVE_STRING_H 1
| #define HAVE_SYS_IOCTL_H 1
| #define HAVE_SYS_SOCKET_H 1
| #define HAVE_SYS_STAT_H 1
| #define HAVE_SYS_TIME_H 1
| #define HAVE_SYS_TYPES_H 1
| #define HAVE_SYS_UN_H 1
| #define HAVE_SYS_WAIT_H 1
| #define HAVE_UNISTD_H 1
| #define TIME_WITH_SYS_TIME 1
| /* end confdefs.h.  */
| #include <sys/types.h>
| #include <sys/socket.h>
| 
| int
| main ()
| {
| if (sizeof ((socklen_t)))
| 	    return 0;
|   ;
|   return 0;
| }
configure:4499: result: yes
configure:4513: checking for library containing socket
configure:4544: mipsel-openwrt-linux-uclibc-gcc -o conftest -Os -pipe -mno-branch-likely -mips32r2 -mtune=24kec -mdsp -fno-caller-saves -fhonour-copts -Wno-error=unused-but-set-variable -Wno-error=unused-result -msoft-float  -D_FORTIFY_SOURCE=1 -Wl,-z,now -Wl,-z,relro  -I/home/guogh/work/pandorBox-SDK-mt7620/staging_dir/target-mipsel_24kec+dsp_uClibc-1.0.x/usr/include -I/home/guogh/work/pandorBox-SDK-mt7620/staging_dir/target-mipsel_24kec+dsp_uClibc-1.0.x/include -I/home/guogh/work/pandorBox-SDK-mt7620/staging_dir/toolchain-mipsel_24kec+dsp_gcc-4.8-linaro_uClibc-1.0.x/usr/include -I/home/guogh/work/pandorBox-SDK-mt7620/staging_dir/toolchain-mipsel_24kec+dsp_gcc-4.8-linaro_uClibc-1.0.x/include  -L/home/guogh/work/pandorBox-SDK-mt7620/staging_dir/target-mipsel_24kec+dsp_uClibc-1.0.x/usr/lib -L/home/guogh/work/pandorBox-SDK-mt7620/staging_dir/target-mipsel_24kec+dsp_uClibc-1.0.x/lib -L/home/guogh/work/pandorBox-SDK-mt7620/staging_dir/toolchain-mipsel_24kec+dsp_gcc-4.8-linaro_uClibc-1.0.x/usr/lib -L/home/guogh/work/pandorBox-SDK-mt7620/staging_dir/toolchain-mipsel_24kec+dsp_gcc-4.8-linaro_uClibc-1.0.x/lib -znow -zrelro  conftest.c  >&5
configure:4544: $? = 0
configure:4561: result: none required
configure:4569: checking for library containing inet_addr
configure:4600: mipsel-openwrt-linux-uclibc-gcc -o conftest -Os -pipe -mno-branch-likely -mips32r2 -mtune=24kec -mdsp -fno-caller-saves -fhonour-copts -Wno-error=unused-but-set-variable -Wno-error=unused-result -msoft-float  -D_FORTIFY_SOURCE=1 -Wl,-z,now -Wl,-z,relro  -I/home/guogh/work/pandorBox-SDK-mt7620/staging_dir/target-mipsel_24kec+dsp_uClibc-1.0.x/usr/include -I/home/guogh/work/pandorBox-SDK-mt7620/staging_dir/target-mipsel_24kec+dsp_uClibc-1.0.x/include -I/home/guogh/work/pandorBox-SDK-mt7620/staging_dir/toolchain-mipsel_24kec+dsp_gcc-4.8-linaro_uClibc-1.0.x/usr/include -I/home/guogh/work/pandorBox-SDK-mt7620/staging_dir/toolchain-mipsel_24kec+dsp_gcc-4.8-linaro_uClibc-1.0.x/include  -L/home/guogh/work/pandorBox-SDK-mt7620/staging_dir/target-mipsel_24kec+dsp_uClibc-1.0.x/usr/lib -L/home/guogh/work/pandorBox-SDK-mt7620/staging_dir/target-mipsel_24kec+dsp_uClibc-1.0.x/lib -L/home/guogh/work/pandorBox-SDK-mt7620/staging_dir/toolchain-mipsel_24kec+dsp_gcc-4.8-linaro_uClibc-1.0.x/usr/lib -L/home/guogh/work/pandorBox-SDK-mt7620/staging_dir/toolchain-mipsel_24kec+dsp_gcc-4.8-linaro_uClibc-1.0.x/lib -znow -zrelro  conftest.c  >&5
configure:4600: $? = 0
configure:4617: result: none required
configure:4629: checking for unistd.h
configure:4629: result: yes
configure:4639: checking for working chown
configure:4684: result: no
configure:4694: checking vfork.h usability
configure:4694: mipsel-openwrt-linux-uclibc-gcc -c -Os -pipe -mno-branch-likely -mips32r2 -mtune=24kec -mdsp -fno-caller-saves -fhonour-copts -Wno-error=unused-but-set-variable -Wno-error=unused-result -msoft-float  -D_FORTIFY_SOURCE=1 -Wl,-z,now -Wl,-z,relro  -I/home/guogh/work/pandorBox-SDK-mt7620/staging_dir/target-mipsel_24kec+dsp_uClibc-1.0.x/usr/include -I/home/guogh/work/pandorBox-SDK-mt7620/staging_dir/target-mipsel_24kec+dsp_uClibc-1.0.x/include -I/home/guogh/work/pandorBox-SDK-mt7620/staging_dir/toolchain-mipsel_24kec+dsp_gcc-4.8-linaro_uClibc-1.0.x/usr/include -I/home/guogh/work/pandorBox-SDK-mt7620/staging_dir/toolchain-mipsel_24kec+dsp_gcc-4.8-linaro_uClibc-1.0.x/include  conftest.c >&5
conftest.c:78:19: fatal error: vfork.h: No such file or directory
 #include <vfork.h>
                   ^
compilation terminated.
configure:4694: $? = 1
configure: failed program was:
| /* confdefs.h */
| #define PACKAGE_NAME "spawn-fcgi"
| #define PACKAGE_TARNAME "spawn-fcgi"
| #define PACKAGE_VERSION "1.6.4"
| #define PACKAGE_STRING "spawn-fcgi 1.6.4"
| #define PACKAGE_BUGREPORT ""
| #define PACKAGE_URL ""
| #define PACKAGE "spawn-fcgi"
| #define VERSION "1.6.4"
| #define STDC_HEADERS 1
| #define HAVE_SYS_WAIT_H 1
| #define HAVE_SYS_TYPES_H 1
| #define HAVE_SYS_STAT_H 1
| #define HAVE_STDLIB_H 1
| #define HAVE_STRING_H 1
| #define HAVE_MEMORY_H 1
| #define HAVE_STRINGS_H 1
| #define HAVE_INTTYPES_H 1
| #define HAVE_STDINT_H 1
| #define HAVE_UNISTD_H 1
| #define HAVE_ARPA_INET_H 1
| #define HAVE_ERRNO_H 1
| #define HAVE_FCNTL_H 1
| #define HAVE_GETOPT_H 1
| #define HAVE_GRP_H 1
| #define HAVE_NETDB_H 1
| #define HAVE_NETINET_IN_H 1
| #define HAVE_NETINET_TCP_H 1
| #define HAVE_PWD_H 1
| #define HAVE_STDIO_H 1
| #define HAVE_STDLIB_H 1
| #define HAVE_STRING_H 1
| #define HAVE_SYS_IOCTL_H 1
| #define HAVE_SYS_SOCKET_H 1
| #define HAVE_SYS_STAT_H 1
| #define HAVE_SYS_TIME_H 1
| #define HAVE_SYS_TYPES_H 1
| #define HAVE_SYS_UN_H 1
| #define HAVE_SYS_WAIT_H 1
| #define HAVE_UNISTD_H 1
| #define TIME_WITH_SYS_TIME 1
| #define HAVE_SOCKLEN_T 1
| #define HAVE_UNISTD_H 1
| /* end confdefs.h.  */
| #include <stdio.h>
| #ifdef HAVE_SYS_TYPES_H
| # include <sys/types.h>
| #endif
| #ifdef HAVE_SYS_STAT_H
| # include <sys/stat.h>
| #endif
| #ifdef STDC_HEADERS
| # include <stdlib.h>
| # include <stddef.h>
| #else
| # ifdef HAVE_STDLIB_H
| #  include <stdlib.h>
| # endif
| #endif
| #ifdef HAVE_STRING_H
| # if !defined STDC_HEADERS && defined HAVE_MEMORY_H
| #  include <memory.h>
| # endif
| # include <string.h>
| #endif
| #ifdef HAVE_STRINGS_H
| # include <strings.h>
| #endif
| #ifdef HAVE_INTTYPES_H
| # include <inttypes.h>
| #endif
| #ifdef HAVE_STDINT_H
| # include <stdint.h>
| #endif
| #ifdef HAVE_UNISTD_H
| # include <unistd.h>
| #endif
| #include <vfork.h>
configure:4694: result: no
configure:4694: checking vfork.h presence
configure:4694: mipsel-openwrt-linux-uclibc-gcc -E -I/home/guogh/work/pandorBox-SDK-mt7620/staging_dir/target-mipsel_24kec+dsp_uClibc-1.0.x/usr/include -I/home/guogh/work/pandorBox-SDK-mt7620/staging_dir/target-mipsel_24kec+dsp_uClibc-1.0.x/include -I/home/guogh/work/pandorBox-SDK-mt7620/staging_dir/toolchain-mipsel_24kec+dsp_gcc-4.8-linaro_uClibc-1.0.x/usr/include -I/home/guogh/work/pandorBox-SDK-mt7620/staging_dir/toolchain-mipsel_24kec+dsp_gcc-4.8-linaro_uClibc-1.0.x/include  conftest.c
conftest.c:45:19: fatal error: vfork.h: No such file or directory
 #include <vfork.h>
                   ^
compilation terminated.
configure:4694: $? = 1
configure: failed program was:
| /* confdefs.h */
| #define PACKAGE_NAME "spawn-fcgi"
| #define PACKAGE_TARNAME "spawn-fcgi"
| #define PACKAGE_VERSION "1.6.4"
| #define PACKAGE_STRING "spawn-fcgi 1.6.4"
| #define PACKAGE_BUGREPORT ""
| #define PACKAGE_URL ""
| #define PACKAGE "spawn-fcgi"
| #define VERSION "1.6.4"
| #define STDC_HEADERS 1
| #define HAVE_SYS_WAIT_H 1
| #define HAVE_SYS_TYPES_H 1
| #define HAVE_SYS_STAT_H 1
| #define HAVE_STDLIB_H 1
| #define HAVE_STRING_H 1
| #define HAVE_MEMORY_H 1
| #define HAVE_STRINGS_H 1
| #define HAVE_INTTYPES_H 1
| #define HAVE_STDINT_H 1
| #define HAVE_UNISTD_H 1
| #define HAVE_ARPA_INET_H 1
| #define HAVE_ERRNO_H 1
| #define HAVE_FCNTL_H 1
| #define HAVE_GETOPT_H 1
| #define HAVE_GRP_H 1
| #define HAVE_NETDB_H 1
| #define HAVE_NETINET_IN_H 1
| #define HAVE_NETINET_TCP_H 1
| #define HAVE_PWD_H 1
| #define HAVE_STDIO_H 1
| #define HAVE_STDLIB_H 1
| #define HAVE_STRING_H 1
| #define HAVE_SYS_IOCTL_H 1
| #define HAVE_SYS_SOCKET_H 1
| #define HAVE_SYS_STAT_H 1
| #define HAVE_SYS_TIME_H 1
| #define HAVE_SYS_TYPES_H 1
| #define HAVE_SYS_UN_H 1
| #define HAVE_SYS_WAIT_H 1
| #define HAVE_UNISTD_H 1
| #define TIME_WITH_SYS_TIME 1
| #define HAVE_SOCKLEN_T 1
| #define HAVE_UNISTD_H 1
| /* end confdefs.h.  */
| #include <vfork.h>
configure:4694: result: no
configure:4694: checking for vfork.h
configure:4694: result: no
configure:4707: checking for fork
configure:4707: mipsel-openwrt-linux-uclibc-gcc -o conftest -Os -pipe -mno-branch-likely -mips32r2 -mtune=24kec -mdsp -fno-caller-saves -fhonour-copts -Wno-error=unused-but-set-variable -Wno-error=unused-result -msoft-float  -D_FORTIFY_SOURCE=1 -Wl,-z,now -Wl,-z,relro  -I/home/guogh/work/pandorBox-SDK-mt7620/staging_dir/target-mipsel_24kec+dsp_uClibc-1.0.x/usr/include -I/home/guogh/work/pandorBox-SDK-mt7620/staging_dir/target-mipsel_24kec+dsp_uClibc-1.0.x/include -I/home/guogh/work/pandorBox-SDK-mt7620/staging_dir/toolchain-mipsel_24kec+dsp_gcc-4.8-linaro_uClibc-1.0.x/usr/include -I/home/guogh/work/pandorBox-SDK-mt7620/staging_dir/toolchain-mipsel_24kec+dsp_gcc-4.8-linaro_uClibc-1.0.x/include  -L/home/guogh/work/pandorBox-SDK-mt7620/staging_dir/target-mipsel_24kec+dsp_uClibc-1.0.x/usr/lib -L/home/guogh/work/pandorBox-SDK-mt7620/staging_dir/target-mipsel_24kec+dsp_uClibc-1.0.x/lib -L/home/guogh/work/pandorBox-SDK-mt7620/staging_dir/toolchain-mipsel_24kec+dsp_gcc-4.8-linaro_uClibc-1.0.x/usr/lib -L/home/guogh/work/pandorBox-SDK-mt7620/staging_dir/toolchain-mipsel_24kec+dsp_gcc-4.8-linaro_uClibc-1.0.x/lib -znow -zrelro  conftest.c  >&5
conftest.c:68:6: warning: conflicting types for built-in function 'fork' [enabled by default]
 char fork ();
      ^
configure:4707: $? = 0
configure:4707: result: yes
configure:4707: checking for vfork
configure:4707: mipsel-openwrt-linux-uclibc-gcc -o conftest -Os -pipe -mno-branch-likely -mips32r2 -mtune=24kec -mdsp -fno-caller-saves -fhonour-copts -Wno-error=unused-but-set-variable -Wno-error=unused-result -msoft-float  -D_FORTIFY_SOURCE=1 -Wl,-z,now -Wl,-z,relro  -I/home/guogh/work/pandorBox-SDK-mt7620/staging_dir/target-mipsel_24kec+dsp_uClibc-1.0.x/usr/include -I/home/guogh/work/pandorBox-SDK-mt7620/staging_dir/target-mipsel_24kec+dsp_uClibc-1.0.x/include -I/home/guogh/work/pandorBox-SDK-mt7620/staging_dir/toolchain-mipsel_24kec+dsp_gcc-4.8-linaro_uClibc-1.0.x/usr/include -I/home/guogh/work/pandorBox-SDK-mt7620/staging_dir/toolchain-mipsel_24kec+dsp_gcc-4.8-linaro_uClibc-1.0.x/include  -L/home/guogh/work/pandorBox-SDK-mt7620/staging_dir/target-mipsel_24kec+dsp_uClibc-1.0.x/usr/lib -L/home/guogh/work/pandorBox-SDK-mt7620/staging_dir/target-mipsel_24kec+dsp_uClibc-1.0.x/lib -L/home/guogh/work/pandorBox-SDK-mt7620/staging_dir/toolchain-mipsel_24kec+dsp_gcc-4.8-linaro_uClibc-1.0.x/usr/lib -L/home/guogh/work/pandorBox-SDK-mt7620/staging_dir/toolchain-mipsel_24kec+dsp_gcc-4.8-linaro_uClibc-1.0.x/lib -znow -zrelro  conftest.c  >&5
configure:4707: $? = 0
configure:4707: result: yes
configure:4717: checking for working fork
configure:4749: result: cross
configure:4765: WARNING: result yes guessed because of cross compilation
configure:4770: checking for working vfork
configure:4880: result: yes
configure:4907: checking for stdlib.h
configure:4907: result: yes
configure:4917: checking for GNU libc compatible malloc
configure:4951: result: yes
configure:4975: checking sys/select.h usability
configure:4975: mipsel-openwrt-linux-uclibc-gcc -c -Os -pipe -mno-branch-likely -mips32r2 -mtune=24kec -mdsp -fno-caller-saves -fhonour-copts -Wno-error=unused-but-set-variable -Wno-error=unused-result -msoft-float  -D_FORTIFY_SOURCE=1 -Wl,-z,now -Wl,-z,relro  -I/home/guogh/work/pandorBox-SDK-mt7620/staging_dir/target-mipsel_24kec+dsp_uClibc-1.0.x/usr/include -I/home/guogh/work/pandorBox-SDK-mt7620/staging_dir/target-mipsel_24kec+dsp_uClibc-1.0.x/include -I/home/guogh/work/pandorBox-SDK-mt7620/staging_dir/toolchain-mipsel_24kec+dsp_gcc-4.8-linaro_uClibc-1.0.x/usr/include -I/home/guogh/work/pandorBox-SDK-mt7620/staging_dir/toolchain-mipsel_24kec+dsp_gcc-4.8-linaro_uClibc-1.0.x/include  conftest.c >&5
configure:4975: $? = 0
configure:4975: result: yes
configure:4975: checking sys/select.h presence
configure:4975: mipsel-openwrt-linux-uclibc-gcc -E -I/home/guogh/work/pandorBox-SDK-mt7620/staging_dir/target-mipsel_24kec+dsp_uClibc-1.0.x/usr/include -I/home/guogh/work/pandorBox-SDK-mt7620/staging_dir/target-mipsel_24kec+dsp_uClibc-1.0.x/include -I/home/guogh/work/pandorBox-SDK-mt7620/staging_dir/toolchain-mipsel_24kec+dsp_gcc-4.8-linaro_uClibc-1.0.x/usr/include -I/home/guogh/work/pandorBox-SDK-mt7620/staging_dir/toolchain-mipsel_24kec+dsp_gcc-4.8-linaro_uClibc-1.0.x/include  conftest.c
configure:4975: $? = 0
configure:4975: result: yes
configure:4975: checking for sys/select.h
configure:4975: result: yes
configure:4975: checking for sys/socket.h
configure:4975: result: yes
configure:4985: checking types of arguments for select
configure:5013: mipsel-openwrt-linux-uclibc-gcc -c -Os -pipe -mno-branch-likely -mips32r2 -mtune=24kec -mdsp -fno-caller-saves -fhonour-copts -Wno-error=unused-but-set-variable -Wno-error=unused-result -msoft-float  -D_FORTIFY_SOURCE=1 -Wl,-z,now -Wl,-z,relro  -I/home/guogh/work/pandorBox-SDK-mt7620/staging_dir/target-mipsel_24kec+dsp_uClibc-1.0.x/usr/include -I/home/guogh/work/pandorBox-SDK-mt7620/staging_dir/target-mipsel_24kec+dsp_uClibc-1.0.x/include -I/home/guogh/work/pandorBox-SDK-mt7620/staging_dir/toolchain-mipsel_24kec+dsp_gcc-4.8-linaro_uClibc-1.0.x/usr/include -I/home/guogh/work/pandorBox-SDK-mt7620/staging_dir/toolchain-mipsel_24kec+dsp_gcc-4.8-linaro_uClibc-1.0.x/include  conftest.c >&5
configure:5013: $? = 0
configure:5024: result: int,fd_set *,struct timeval *
configure:5047: checking whether lstat correctly handles trailing slash
configure:5090: result: yes
configure:5109: checking whether stat accepts an empty string
configure:5139: result: no
configure:5158: checking for dup2
configure:5158: mipsel-openwrt-linux-uclibc-gcc -o conftest -Os -pipe -mno-branch-likely -mips32r2 -mtune=24kec -mdsp -fno-caller-saves -fhonour-copts -Wno-error=unused-but-set-variable -Wno-error=unused-result -msoft-float  -D_FORTIFY_SOURCE=1 -Wl,-z,now -Wl,-z,relro  -I/home/guogh/work/pandorBox-SDK-mt7620/staging_dir/target-mipsel_24kec+dsp_uClibc-1.0.x/usr/include -I/home/guogh/work/pandorBox-SDK-mt7620/staging_dir/target-mipsel_24kec+dsp_uClibc-1.0.x/include -I/home/guogh/work/pandorBox-SDK-mt7620/staging_dir/toolchain-mipsel_24kec+dsp_gcc-4.8-linaro_uClibc-1.0.x/usr/include -I/home/guogh/work/pandorBox-SDK-mt7620/staging_dir/toolchain-mipsel_24kec+dsp_gcc-4.8-linaro_uClibc-1.0.x/include  -L/home/guogh/work/pandorBox-SDK-mt7620/staging_dir/target-mipsel_24kec+dsp_uClibc-1.0.x/usr/lib -L/home/guogh/work/pandorBox-SDK-mt7620/staging_dir/target-mipsel_24kec+dsp_uClibc-1.0.x/lib -L/home/guogh/work/pandorBox-SDK-mt7620/staging_dir/toolchain-mipsel_24kec+dsp_gcc-4.8-linaro_uClibc-1.0.x/usr/lib -L/home/guogh/work/pandorBox-SDK-mt7620/staging_dir/toolchain-mipsel_24kec+dsp_gcc-4.8-linaro_uClibc-1.0.x/lib -znow -zrelro  conftest.c  >&5
configure:5158: $? = 0
configure:5158: result: yes
configure:5158: checking for memset
configure:5158: mipsel-openwrt-linux-uclibc-gcc -o conftest -Os -pipe -mno-branch-likely -mips32r2 -mtune=24kec -mdsp -fno-caller-saves -fhonour-copts -Wno-error=unused-but-set-variable -Wno-error=unused-result -msoft-float  -D_FORTIFY_SOURCE=1 -Wl,-z,now -Wl,-z,relro  -I/home/guogh/work/pandorBox-SDK-mt7620/staging_dir/target-mipsel_24kec+dsp_uClibc-1.0.x/usr/include -I/home/guogh/work/pandorBox-SDK-mt7620/staging_dir/target-mipsel_24kec+dsp_uClibc-1.0.x/include -I/home/guogh/work/pandorBox-SDK-mt7620/staging_dir/toolchain-mipsel_24kec+dsp_gcc-4.8-linaro_uClibc-1.0.x/usr/include -I/home/guogh/work/pandorBox-SDK-mt7620/staging_dir/toolchain-mipsel_24kec+dsp_gcc-4.8-linaro_uClibc-1.0.x/include  -L/home/guogh/work/pandorBox-SDK-mt7620/staging_dir/target-mipsel_24kec+dsp_uClibc-1.0.x/usr/lib -L/home/guogh/work/pandorBox-SDK-mt7620/staging_dir/target-mipsel_24kec+dsp_uClibc-1.0.x/lib -L/home/guogh/work/pandorBox-SDK-mt7620/staging_dir/toolchain-mipsel_24kec+dsp_gcc-4.8-linaro_uClibc-1.0.x/usr/lib -L/home/guogh/work/pandorBox-SDK-mt7620/staging_dir/toolchain-mipsel_24kec+dsp_gcc-4.8-linaro_uClibc-1.0.x/lib -znow -zrelro  conftest.c  >&5
conftest.c:81:6: warning: conflicting types for built-in function 'memset' [enabled by default]
 char memset ();
      ^
configure:5158: $? = 0
configure:5158: result: yes
configure:5158: checking for putenv
configure:5158: mipsel-openwrt-linux-uclibc-gcc -o conftest -Os -pipe -mno-branch-likely -mips32r2 -mtune=24kec -mdsp -fno-caller-saves -fhonour-copts -Wno-error=unused-but-set-variable -Wno-error=unused-result -msoft-float  -D_FORTIFY_SOURCE=1 -Wl,-z,now -Wl,-z,relro  -I/home/guogh/work/pandorBox-SDK-mt7620/staging_dir/target-mipsel_24kec+dsp_uClibc-1.0.x/usr/include -I/home/guogh/work/pandorBox-SDK-mt7620/staging_dir/target-mipsel_24kec+dsp_uClibc-1.0.x/include -I/home/guogh/work/pandorBox-SDK-mt7620/staging_dir/toolchain-mipsel_24kec+dsp_gcc-4.8-linaro_uClibc-1.0.x/usr/include -I/home/guogh/work/pandorBox-SDK-mt7620/staging_dir/toolchain-mipsel_24kec+dsp_gcc-4.8-linaro_uClibc-1.0.x/include  -L/home/guogh/work/pandorBox-SDK-mt7620/staging_dir/target-mipsel_24kec+dsp_uClibc-1.0.x/usr/lib -L/home/guogh/work/pandorBox-SDK-mt7620/staging_dir/target-mipsel_24kec+dsp_uClibc-1.0.x/lib -L/home/guogh/work/pandorBox-SDK-mt7620/staging_dir/toolchain-mipsel_24kec+dsp_gcc-4.8-linaro_uClibc-1.0.x/usr/lib -L/home/guogh/work/pandorBox-SDK-mt7620/staging_dir/toolchain-mipsel_24kec+dsp_gcc-4.8-linaro_uClibc-1.0.x/lib -znow -zrelro  conftest.c  >&5
configure:5158: $? = 0
configure:5158: result: yes
configure:5158: checking for select
configure:5158: mipsel-openwrt-linux-uclibc-gcc -o conftest -Os -pipe -mno-branch-likely -mips32r2 -mtune=24kec -mdsp -fno-caller-saves -fhonour-copts -Wno-error=unused-but-set-variable -Wno-error=unused-result -msoft-float  -D_FORTIFY_SOURCE=1 -Wl,-z,now -Wl,-z,relro  -I/home/guogh/work/pandorBox-SDK-mt7620/staging_dir/target-mipsel_24kec+dsp_uClibc-1.0.x/usr/include -I/home/guogh/work/pandorBox-SDK-mt7620/staging_dir/target-mipsel_24kec+dsp_uClibc-1.0.x/include -I/home/guogh/work/pandorBox-SDK-mt7620/staging_dir/toolchain-mipsel_24kec+dsp_gcc-4.8-linaro_uClibc-1.0.x/usr/include -I/home/guogh/work/pandorBox-SDK-mt7620/staging_dir/toolchain-mipsel_24kec+dsp_gcc-4.8-linaro_uClibc-1.0.x/include  -L/home/guogh/work/pandorBox-SDK-mt7620/staging_dir/target-mipsel_24kec+dsp_uClibc-1.0.x/usr/lib -L/home/guogh/work/pandorBox-SDK-mt7620/staging_dir/target-mipsel_24kec+dsp_uClibc-1.0.x/lib -L/home/guogh/work/pandorBox-SDK-mt7620/staging_dir/toolchain-mipsel_24kec+dsp_gcc-4.8-linaro_uClibc-1.0.x/usr/lib -L/home/guogh/work/pandorBox-SDK-mt7620/staging_dir/toolchain-mipsel_24kec+dsp_gcc-4.8-linaro_uClibc-1.0.x/lib -znow -zrelro  conftest.c  >&5
configure:5158: $? = 0
configure:5158: result: yes
configure:5158: checking for socket
configure:5158: mipsel-openwrt-linux-uclibc-gcc -o conftest -Os -pipe -mno-branch-likely -mips32r2 -mtune=24kec -mdsp -fno-caller-saves -fhonour-copts -Wno-error=unused-but-set-variable -Wno-error=unused-result -msoft-float  -D_FORTIFY_SOURCE=1 -Wl,-z,now -Wl,-z,relro  -I/home/guogh/work/pandorBox-SDK-mt7620/staging_dir/target-mipsel_24kec+dsp_uClibc-1.0.x/usr/include -I/home/guogh/work/pandorBox-SDK-mt7620/staging_dir/target-mipsel_24kec+dsp_uClibc-1.0.x/include -I/home/guogh/work/pandorBox-SDK-mt7620/staging_dir/toolchain-mipsel_24kec+dsp_gcc-4.8-linaro_uClibc-1.0.x/usr/include -I/home/guogh/work/pandorBox-SDK-mt7620/staging_dir/toolchain-mipsel_24kec+dsp_gcc-4.8-linaro_uClibc-1.0.x/include  -L/home/guogh/work/pandorBox-SDK-mt7620/staging_dir/target-mipsel_24kec+dsp_uClibc-1.0.x/usr/lib -L/home/guogh/work/pandorBox-SDK-mt7620/staging_dir/target-mipsel_24kec+dsp_uClibc-1.0.x/lib -L/home/guogh/work/pandorBox-SDK-mt7620/staging_dir/toolchain-mipsel_24kec+dsp_gcc-4.8-linaro_uClibc-1.0.x/usr/lib -L/home/guogh/work/pandorBox-SDK-mt7620/staging_dir/toolchain-mipsel_24kec+dsp_gcc-4.8-linaro_uClibc-1.0.x/lib -znow -zrelro  conftest.c  >&5
configure:5158: $? = 0
configure:5158: result: yes
configure:5158: checking for strerror
configure:5158: result: yes
configure:5158: checking for strtol
configure:5158: mipsel-openwrt-linux-uclibc-gcc -o conftest -Os -pipe -mno-branch-likely -mips32r2 -mtune=24kec -mdsp -fno-caller-saves -fhonour-copts -Wno-error=unused-but-set-variable -Wno-error=unused-result -msoft-float  -D_FORTIFY_SOURCE=1 -Wl,-z,now -Wl,-z,relro  -I/home/guogh/work/pandorBox-SDK-mt7620/staging_dir/target-mipsel_24kec+dsp_uClibc-1.0.x/usr/include -I/home/guogh/work/pandorBox-SDK-mt7620/staging_dir/target-mipsel_24kec+dsp_uClibc-1.0.x/include -I/home/guogh/work/pandorBox-SDK-mt7620/staging_dir/toolchain-mipsel_24kec+dsp_gcc-4.8-linaro_uClibc-1.0.x/usr/include -I/home/guogh/work/pandorBox-SDK-mt7620/staging_dir/toolchain-mipsel_24kec+dsp_gcc-4.8-linaro_uClibc-1.0.x/include  -L/home/guogh/work/pandorBox-SDK-mt7620/staging_dir/target-mipsel_24kec+dsp_uClibc-1.0.x/usr/lib -L/home/guogh/work/pandorBox-SDK-mt7620/staging_dir/target-mipsel_24kec+dsp_uClibc-1.0.x/lib -L/home/guogh/work/pandorBox-SDK-mt7620/staging_dir/toolchain-mipsel_24kec+dsp_gcc-4.8-linaro_uClibc-1.0.x/usr/lib -L/home/guogh/work/pandorBox-SDK-mt7620/staging_dir/toolchain-mipsel_24kec+dsp_gcc-4.8-linaro_uClibc-1.0.x/lib -znow -zrelro  conftest.c  >&5
configure:5158: $? = 0
configure:5158: result: yes
configure:5158: checking for issetugid
configure:5158: mipsel-openwrt-linux-uclibc-gcc -o conftest -Os -pipe -mno-branch-likely -mips32r2 -mtune=24kec -mdsp -fno-caller-saves -fhonour-copts -Wno-error=unused-but-set-variable -Wno-error=unused-result -msoft-float  -D_FORTIFY_SOURCE=1 -Wl,-z,now -Wl,-z,relro  -I/home/guogh/work/pandorBox-SDK-mt7620/staging_dir/target-mipsel_24kec+dsp_uClibc-1.0.x/usr/include -I/home/guogh/work/pandorBox-SDK-mt7620/staging_dir/target-mipsel_24kec+dsp_uClibc-1.0.x/include -I/home/guogh/work/pandorBox-SDK-mt7620/staging_dir/toolchain-mipsel_24kec+dsp_gcc-4.8-linaro_uClibc-1.0.x/usr/include -I/home/guogh/work/pandorBox-SDK-mt7620/staging_dir/toolchain-mipsel_24kec+dsp_gcc-4.8-linaro_uClibc-1.0.x/include  -L/home/guogh/work/pandorBox-SDK-mt7620/staging_dir/target-mipsel_24kec+dsp_uClibc-1.0.x/usr/lib -L/home/guogh/work/pandorBox-SDK-mt7620/staging_dir/target-mipsel_24kec+dsp_uClibc-1.0.x/lib -L/home/guogh/work/pandorBox-SDK-mt7620/staging_dir/toolchain-mipsel_24kec+dsp_gcc-4.8-linaro_uClibc-1.0.x/usr/lib -L/home/guogh/work/pandorBox-SDK-mt7620/staging_dir/toolchain-mipsel_24kec+dsp_gcc-4.8-linaro_uClibc-1.0.x/lib -znow -zrelro  conftest.c  >&5
configure:5158: $? = 0
configure:5158: result: yes
configure:5158: checking for inet_pton
configure:5158: mipsel-openwrt-linux-uclibc-gcc -o conftest -Os -pipe -mno-branch-likely -mips32r2 -mtune=24kec -mdsp -fno-caller-saves -fhonour-copts -Wno-error=unused-but-set-variable -Wno-error=unused-result -msoft-float  -D_FORTIFY_SOURCE=1 -Wl,-z,now -Wl,-z,relro  -I/home/guogh/work/pandorBox-SDK-mt7620/staging_dir/target-mipsel_24kec+dsp_uClibc-1.0.x/usr/include -I/home/guogh/work/pandorBox-SDK-mt7620/staging_dir/target-mipsel_24kec+dsp_uClibc-1.0.x/include -I/home/guogh/work/pandorBox-SDK-mt7620/staging_dir/toolchain-mipsel_24kec+dsp_gcc-4.8-linaro_uClibc-1.0.x/usr/include -I/home/guogh/work/pandorBox-SDK-mt7620/staging_dir/toolchain-mipsel_24kec+dsp_gcc-4.8-linaro_uClibc-1.0.x/include  -L/home/guogh/work/pandorBox-SDK-mt7620/staging_dir/target-mipsel_24kec+dsp_uClibc-1.0.x/usr/lib -L/home/guogh/work/pandorBox-SDK-mt7620/staging_dir/target-mipsel_24kec+dsp_uClibc-1.0.x/lib -L/home/guogh/work/pandorBox-SDK-mt7620/staging_dir/toolchain-mipsel_24kec+dsp_gcc-4.8-linaro_uClibc-1.0.x/usr/lib -L/home/guogh/work/pandorBox-SDK-mt7620/staging_dir/toolchain-mipsel_24kec+dsp_gcc-4.8-linaro_uClibc-1.0.x/lib -znow -zrelro  conftest.c  >&5
configure:5158: $? = 0
configure:5158: result: yes
configure:5184: checking for IPv6 support
configure:5206: mipsel-openwrt-linux-uclibc-gcc -o conftest -Os -pipe -mno-branch-likely -mips32r2 -mtune=24kec -mdsp -fno-caller-saves -fhonour-copts -Wno-error=unused-but-set-variable -Wno-error=unused-result -msoft-float  -D_FORTIFY_SOURCE=1 -Wl,-z,now -Wl,-z,relro  -I/home/guogh/work/pandorBox-SDK-mt7620/staging_dir/target-mipsel_24kec+dsp_uClibc-1.0.x/usr/include -I/home/guogh/work/pandorBox-SDK-mt7620/staging_dir/target-mipsel_24kec+dsp_uClibc-1.0.x/include -I/home/guogh/work/pandorBox-SDK-mt7620/staging_dir/toolchain-mipsel_24kec+dsp_gcc-4.8-linaro_uClibc-1.0.x/usr/include -I/home/guogh/work/pandorBox-SDK-mt7620/staging_dir/toolchain-mipsel_24kec+dsp_gcc-4.8-linaro_uClibc-1.0.x/include  -L/home/guogh/work/pandorBox-SDK-mt7620/staging_dir/target-mipsel_24kec+dsp_uClibc-1.0.x/usr/lib -L/home/guogh/work/pandorBox-SDK-mt7620/staging_dir/target-mipsel_24kec+dsp_uClibc-1.0.x/lib -L/home/guogh/work/pandorBox-SDK-mt7620/staging_dir/toolchain-mipsel_24kec+dsp_gcc-4.8-linaro_uClibc-1.0.x/usr/lib -L/home/guogh/work/pandorBox-SDK-mt7620/staging_dir/toolchain-mipsel_24kec+dsp_gcc-4.8-linaro_uClibc-1.0.x/lib -znow -zrelro  conftest.c  >&5
conftest.c:66:1: error: expected identifier or '(' before '[' token
 [
 ^
In file included from conftest.c:67:0:
/home/guogh/work/pandorBox-SDK-mt7620/staging_dir/toolchain-mipsel_24kec+dsp_gcc-4.8-linaro_uClibc-1.0.x/include/sys/types.h:34:1: error: unknown type name '__u_char'
 typedef __u_char u_char;
 ^
conftest.c:70:5: error: expected identifier or '(' before ']' token
     ]
     ^
configure:5206: $? = 1
configure: failed program was:
| /* confdefs.h */
| #define PACKAGE_NAME "spawn-fcgi"
| #define PACKAGE_TARNAME "spawn-fcgi"
| #define PACKAGE_VERSION "1.6.4"
| #define PACKAGE_STRING "spawn-fcgi 1.6.4"
| #define PACKAGE_BUGREPORT ""
| #define PACKAGE_URL ""
| #define PACKAGE "spawn-fcgi"
| #define VERSION "1.6.4"
| #define STDC_HEADERS 1
| #define HAVE_SYS_WAIT_H 1
| #define HAVE_SYS_TYPES_H 1
| #define HAVE_SYS_STAT_H 1
| #define HAVE_STDLIB_H 1
| #define HAVE_STRING_H 1
| #define HAVE_MEMORY_H 1
| #define HAVE_STRINGS_H 1
| #define HAVE_INTTYPES_H 1
| #define HAVE_STDINT_H 1
| #define HAVE_UNISTD_H 1
| #define HAVE_ARPA_INET_H 1
| #define HAVE_ERRNO_H 1
| #define HAVE_FCNTL_H 1
| #define HAVE_GETOPT_H 1
| #define HAVE_GRP_H 1
| #define HAVE_NETDB_H 1
| #define HAVE_NETINET_IN_H 1
| #define HAVE_NETINET_TCP_H 1
| #define HAVE_PWD_H 1
| #define HAVE_STDIO_H 1
| #define HAVE_STDLIB_H 1
| #define HAVE_STRING_H 1
| #define HAVE_SYS_IOCTL_H 1
| #define HAVE_SYS_SOCKET_H 1
| #define HAVE_SYS_STAT_H 1
| #define HAVE_SYS_TIME_H 1
| #define HAVE_SYS_TYPES_H 1
| #define HAVE_SYS_UN_H 1
| #define HAVE_SYS_WAIT_H 1
| #define HAVE_UNISTD_H 1
| #define TIME_WITH_SYS_TIME 1
| #define HAVE_SOCKLEN_T 1
| #define HAVE_UNISTD_H 1
| #define HAVE_FORK 1
| #define HAVE_VFORK 1
| #define HAVE_WORKING_VFORK 1
| #define HAVE_WORKING_FORK 1
| #define HAVE_STDLIB_H 1
| #define HAVE_MALLOC 1
| #define HAVE_SYS_SELECT_H 1
| #define HAVE_SYS_SOCKET_H 1
| #define SELECT_TYPE_ARG1 int
| #define SELECT_TYPE_ARG234 (fd_set *)
| #define SELECT_TYPE_ARG5 (struct timeval *)
| #define LSTAT_FOLLOWS_SLASHED_SYMLINK 1
| #define HAVE_DUP2 1
| #define HAVE_MEMSET 1
| #define HAVE_PUTENV 1
| #define HAVE_SELECT 1
| #define HAVE_SOCKET 1
| #define HAVE_STRERROR 1
| #define HAVE_STRTOL 1
| #define HAVE_ISSETUGID 1
| #define HAVE_INET_PTON 1
| /* end confdefs.h.  */
| [
| #include <sys/types.h>
| #include <sys/socket.h>
| #include <netinet/in.h>
|     ]
| int
| main ()
| {
| [
| struct sockaddr_in6 s; struct in6_addr t=in6addr_any; int i=AF_INET6; s; t.s6_addr[0] = 0;
|     ]
|   ;
|   return 0;
| }
configure:5214: result: no
configure:5227: checking if mipsel-openwrt-linux-uclibc-gcc supports -Wall -W -Wshadow -pedantic
configure:5248: mipsel-openwrt-linux-uclibc-gcc -c -Os -pipe -mno-branch-likely -mips32r2 -mtune=24kec -mdsp -fno-caller-saves -fhonour-copts -Wno-error=unused-but-set-variable -Wno-error=unused-result -msoft-float  -D_FORTIFY_SOURCE=1 -Wl,-z,now -Wl,-z,relro  -Wall -W -Wshadow -pedantic -I/home/guogh/work/pandorBox-SDK-mt7620/staging_dir/target-mipsel_24kec+dsp_uClibc-1.0.x/usr/include -I/home/guogh/work/pandorBox-SDK-mt7620/staging_dir/target-mipsel_24kec+dsp_uClibc-1.0.x/include -I/home/guogh/work/pandorBox-SDK-mt7620/staging_dir/toolchain-mipsel_24kec+dsp_gcc-4.8-linaro_uClibc-1.0.x/usr/include -I/home/guogh/work/pandorBox-SDK-mt7620/staging_dir/toolchain-mipsel_24kec+dsp_gcc-4.8-linaro_uClibc-1.0.x/include  conftest.c >&5
configure:5248: $? = 0
configure:5249: result: yes
configure:5267: checking if mipsel-openwrt-linux-uclibc-gcc supports -std=gnu99
configure:5288: mipsel-openwrt-linux-uclibc-gcc -c -Os -pipe -mno-branch-likely -mips32r2 -mtune=24kec -mdsp -fno-caller-saves -fhonour-copts -Wno-error=unused-but-set-variable -Wno-error=unused-result -msoft-float  -D_FORTIFY_SOURCE=1 -Wl,-z,now -Wl,-z,relro  -Wall -W -Wshadow -pedantic -std=gnu99 -I/home/guogh/work/pandorBox-SDK-mt7620/staging_dir/target-mipsel_24kec+dsp_uClibc-1.0.x/usr/include -I/home/guogh/work/pandorBox-SDK-mt7620/staging_dir/target-mipsel_24kec+dsp_uClibc-1.0.x/include -I/home/guogh/work/pandorBox-SDK-mt7620/staging_dir/toolchain-mipsel_24kec+dsp_gcc-4.8-linaro_uClibc-1.0.x/usr/include -I/home/guogh/work/pandorBox-SDK-mt7620/staging_dir/toolchain-mipsel_24kec+dsp_gcc-4.8-linaro_uClibc-1.0.x/include  conftest.c >&5
configure:5288: $? = 0
configure:5289: result: yes
configure:5475: checking that generated files are newer than configure
configure:5481: result: done
configure:5504: creating ./config.status

## ---------------------- ##
## Running config.status. ##
## ---------------------- ##

This file was extended by spawn-fcgi config.status 1.6.4, which was
generated by GNU Autoconf 2.69.  Invocation command line was

  CONFIG_FILES    = 
  CONFIG_HEADERS  = 
  CONFIG_LINKS    = 
  CONFIG_COMMANDS = 
  $ ./config.status 

on guogh-openwrt

config.status:904: creating Makefile
config.status:904: creating src/Makefile
config.status:904: creating doc/Makefile
config.status:904: creating config.h
config.status:1133: executing depfiles commands
configure:6818: WARNING: unrecognized options: --disable-nls

## ---------------- ##
## Cache variables. ##
## ---------------- ##

ac_cv_c_bigendian=no
ac_cv_c_compiler_gnu=yes
ac_cv_c_const=yes
ac_cv_c_gettext_without_libintl=yes
ac_cv_c_littleendian=yes
ac_cv_c_long_double=no
ac_cv_conv_longlong_to_float=yes
ac_cv_env_CC_set=set
ac_cv_env_CC_value=mipsel-openwrt-linux-uclibc-gcc
ac_cv_env_CFLAGS_set=set
ac_cv_env_CFLAGS_value='-Os -pipe -mno-branch-likely -mips32r2 -mtune=24kec -mdsp -fno-caller-saves -fhonour-copts -Wno-error=unused-but-set-variable -Wno-error=unused-result -msoft-float  -D_FORTIFY_SOURCE=1 -Wl,-z,now -Wl,-z,relro '
ac_cv_env_CPPFLAGS_set=set
ac_cv_env_CPPFLAGS_value='-I/home/guogh/work/pandorBox-SDK-mt7620/staging_dir/target-mipsel_24kec+dsp_uClibc-1.0.x/usr/include -I/home/guogh/work/pandorBox-SDK-mt7620/staging_dir/target-mipsel_24kec+dsp_uClibc-1.0.x/include -I/home/guogh/work/pandorBox-SDK-mt7620/staging_dir/toolchain-mipsel_24kec+dsp_gcc-4.8-linaro_uClibc-1.0.x/usr/include -I/home/guogh/work/pandorBox-SDK-mt7620/staging_dir/toolchain-mipsel_24kec+dsp_gcc-4.8-linaro_uClibc-1.0.x/include '
ac_cv_env_CPP_set=
ac_cv_env_CPP_value=
ac_cv_env_LDFLAGS_set=set
ac_cv_env_LDFLAGS_value='-L/home/guogh/work/pandorBox-SDK-mt7620/staging_dir/target-mipsel_24kec+dsp_uClibc-1.0.x/usr/lib -L/home/guogh/work/pandorBox-SDK-mt7620/staging_dir/target-mipsel_24kec+dsp_uClibc-1.0.x/lib -L/home/guogh/work/pandorBox-SDK-mt7620/staging_dir/toolchain-mipsel_24kec+dsp_gcc-4.8-linaro_uClibc-1.0.x/usr/lib -L/home/guogh/work/pandorBox-SDK-mt7620/staging_dir/toolchain-mipsel_24kec+dsp_gcc-4.8-linaro_uClibc-1.0.x/lib -znow -zrelro '
ac_cv_env_LIBS_set=
ac_cv_env_LIBS_value=
ac_cv_env_build_alias_set=set
ac_cv_env_build_alias_value=x86_64-linux-gnu
ac_cv_env_host_alias_set=set
ac_cv_env_host_alias_value=mipsel-openwrt-linux
ac_cv_env_target_alias_set=set
ac_cv_env_target_alias_value=mipsel-openwrt-linux
ac_cv_file__dev_zero=yes
ac_cv_func___adjtimex=yes
ac_cv_func___va_copy=no
ac_cv_func__exit=yes
ac_cv_func_bcmp=yes
ac_cv_func_bcopy=yes
ac_cv_func_bzero=yes
ac_cv_func_chown_works=no
ac_cv_func_cimag=yes
ac_cv_func_creal=yes
ac_cv_func_dup2=yes
ac_cv_func_fchmod=yes
ac_cv_func_fork=yes
ac_cv_func_fork_works=yes
ac_cv_func_getaddrinfo=yes
ac_cv_func_getcwd=yes
ac_cv_func_getdomainname=yes
ac_cv_func_getpgrp_void=yes
ac_cv_func_getpwuid_r=yes
ac_cv_func_gettimeofday=yes
ac_cv_func_index=yes
ac_cv_func_inet_pton=yes
ac_cv_func_issetugid=yes
ac_cv_func_lstat=yes
ac_cv_func_lstat_dereferences_slashed_symlink=yes
ac_cv_func_lstat_empty_string_bug=no
ac_cv_func_malloc_0_nonnull=yes
ac_cv_func_malloc_works=yes
ac_cv_func_memcmp_clean=yes
ac_cv_func_memcmp_working=yes
ac_cv_func_memset=yes
ac_cv_func_posix_getgrgid_r=yes
ac_cv_func_posix_getpwuid_r=yes
ac_cv_func_psignal=yes
ac_cv_func_pthread_key_delete=yes
ac_cv_func_putenv=yes
ac_cv_func_realloc_0_nonnull=yes
ac_cv_func_realloc_works=yes
ac_cv_func_rename=yes
ac_cv_func_rindex=yes
ac_cv_func_select=yes
ac_cv_func_select_args='int,fd_set *,struct timeval *'
ac_cv_func_setgrent_void=yes
ac_cv_func_setlocale=yes
ac_cv_func_setpgrp_void=yes
ac_cv_func_setresuid=no
ac_cv_func_setvbuf_reversed=no
ac_cv_func_socket=yes
ac_cv_func_stat_empty_string_bug=no
ac_cv_func_stat_ignores_trailing_slash=no
ac_cv_func_strerror=yes
ac_cv_func_strftime=yes
ac_cv_func_strtol=yes
ac_cv_func_utimes=yes
ac_cv_func_va_copy=no
ac_cv_func_vfork=yes
ac_cv_func_vfork_works=yes
ac_cv_func_vsnprintf=yes
ac_cv_have_accrights_in_msghdr=no
ac_cv_have_broken_snprintf=no
ac_cv_have_control_in_msghdr=yes
ac_cv_have_decl_sys_siglist=no
ac_cv_have_openpty_ctty_bug=yes
ac_cv_have_space_d_name_in_struct_dirent=yes
ac_cv_header_arpa_inet_h=yes
ac_cv_header_errno_h=yes
ac_cv_header_fcntl_h=yes
ac_cv_header_getopt_h=yes
ac_cv_header_grp_h=yes
ac_cv_header_inttypes_h=yes
ac_cv_header_memory_h=yes
ac_cv_header_netdb_h=yes
ac_cv_header_netinet_in_h=yes
ac_cv_header_netinet_sctp_h=no
ac_cv_header_netinet_sctp_uio_h=no
ac_cv_header_netinet_tcp_h=yes
ac_cv_header_pwd_h=yes
ac_cv_header_stdc=yes
ac_cv_header_stdint_h=yes
ac_cv_header_stdio_h=yes
ac_cv_header_stdlib_h=yes
ac_cv_header_string_h=yes
ac_cv_header_strings_h=yes
ac_cv_header_sys_ioctl_h=yes
ac_cv_header_sys_select_h=yes
ac_cv_header_sys_socket_h=yes
ac_cv_header_sys_stat_h=yes
ac_cv_header_sys_time_h=yes
ac_cv_header_sys_types_h=yes
ac_cv_header_sys_un_h=yes
ac_cv_header_sys_wait_h=yes
ac_cv_header_time=yes
ac_cv_header_unistd_h=yes
ac_cv_header_vfork_h=no
ac_cv_int64_t=yes
ac_cv_ipv6_support=no
ac_cv_lbl_unaligned_fail=no
ac_cv_linux_kernel_pppoe=yes
ac_cv_linux_vers=2
ac_cv_objext=o
ac_cv_pack_bitfields_reversed=yes
ac_cv_path_EGREP='/home/guogh/work/pandorBox-SDK-mt7620/staging_dir/host/bin/grep -E'
ac_cv_path_GREP=/home/guogh/work/pandorBox-SDK-mt7620/staging_dir/host/bin/grep
ac_cv_path_LDCONFIG=
ac_cv_path_install='/usr/bin/install -c'
ac_cv_path_mkdir=/bin/mkdir
ac_cv_prog_AWK=gawk
ac_cv_prog_CC=mipsel-openwrt-linux-uclibc-gcc
ac_cv_prog_CPP='mipsel-openwrt-linux-uclibc-gcc -E'
ac_cv_prog_STRIP=mipsel-openwrt-linux-uclibc-strip
ac_cv_prog_cc_c89=
ac_cv_prog_cc_g=yes
ac_cv_prog_make_make_set=yes
ac_cv_regexec_segfault_emptystr=no
ac_cv_sctp=no
ac_cv_search_inet_addr='none required'
ac_cv_search_socket='none required'
ac_cv_sizeof___int64=0
ac_cv_sizeof_char=1
ac_cv_sizeof_int16_t=2
ac_cv_sizeof_int32_t=4
ac_cv_sizeof_int64_t=8
ac_cv_sizeof_int=4
ac_cv_sizeof_long=4
ac_cv_sizeof_long_int=4
ac_cv_sizeof_long_long=8
ac_cv_sizeof_off_t=8
ac_cv_sizeof_short=2
ac_cv_sizeof_short_int=2
ac_cv_sizeof_size_t=4
ac_cv_sizeof_ssize_t=4
ac_cv_sizeof_u_int16_t=2
ac_cv_sizeof_u_int32_t=4
ac_cv_sizeof_u_int64_t=8
ac_cv_sizeof_uint16_t=2
ac_cv_sizeof_uint32_t=4
ac_cv_sizeof_uint64_t=8
ac_cv_sizeof_unsigned_int=4
ac_cv_sizeof_unsigned_long=4
ac_cv_sizeof_unsigned_long_long=8
ac_cv_sizeof_unsigned_short=2
ac_cv_sizeof_void_p=4
ac_cv_sys_restartable_syscalls=yes
ac_cv_time_r_type=POSIX
ac_cv_type_pid_t=yes
ac_cv_type_socklen_t=yes
ac_cv_type_suseconds_t=yes
ac_cv_type_uid_t=yes
ac_cv_uchar=no
ac_cv_uint64_t=yes
ac_cv_uint=yes
ac_cv_ulong=yes
ac_cv_ushort=yes
ac_cv_va_copy=C99
ac_cv_va_val_copy=yes
am_cv_CC_dependencies_compiler_type=gcc3
am_cv_make_support_nested_variables=yes
am_cv_prog_cc_c_o=yes
as_cv_unaligned_access=yes

## ----------------- ##
## Output variables. ##
## ----------------- ##

ACLOCAL='${SHELL} /home/guogh/work/pandorBox-SDK-mt7620/build_dir/target-mipsel_24kec+dsp_uClibc-1.0.x/spawn-fcgi-1.6.4/missing aclocal-1.14'
AMDEPBACKSLASH='\'
AMDEP_FALSE='#'
AMDEP_TRUE=''
AMTAR='$${TAR-tar}'
AM_BACKSLASH='\'
AM_DEFAULT_V='$(AM_DEFAULT_VERBOSITY)'
AM_DEFAULT_VERBOSITY='1'
AM_V='$(V)'
AUTOCONF='${SHELL} /home/guogh/work/pandorBox-SDK-mt7620/build_dir/target-mipsel_24kec+dsp_uClibc-1.0.x/spawn-fcgi-1.6.4/missing autoconf'
AUTOHEADER='${SHELL} /home/guogh/work/pandorBox-SDK-mt7620/build_dir/target-mipsel_24kec+dsp_uClibc-1.0.x/spawn-fcgi-1.6.4/missing autoheader'
AUTOMAKE='${SHELL} /home/guogh/work/pandorBox-SDK-mt7620/build_dir/target-mipsel_24kec+dsp_uClibc-1.0.x/spawn-fcgi-1.6.4/missing automake-1.14'
AWK='gawk'
CC='mipsel-openwrt-linux-uclibc-gcc'
CCDEPMODE='depmode=gcc3'
CFLAGS='-Os -pipe -mno-branch-likely -mips32r2 -mtune=24kec -mdsp -fno-caller-saves -fhonour-copts -Wno-error=unused-but-set-variable -Wno-error=unused-result -msoft-float  -D_FORTIFY_SOURCE=1 -Wl,-z,now -Wl,-z,relro  -Wall -W -Wshadow -pedantic -std=gnu99'
CPP='mipsel-openwrt-linux-uclibc-gcc -E'
CPPFLAGS='-I/home/guogh/work/pandorBox-SDK-mt7620/staging_dir/target-mipsel_24kec+dsp_uClibc-1.0.x/usr/include -I/home/guogh/work/pandorBox-SDK-mt7620/staging_dir/target-mipsel_24kec+dsp_uClibc-1.0.x/include -I/home/guogh/work/pandorBox-SDK-mt7620/staging_dir/toolchain-mipsel_24kec+dsp_gcc-4.8-linaro_uClibc-1.0.x/usr/include -I/home/guogh/work/pandorBox-SDK-mt7620/staging_dir/toolchain-mipsel_24kec+dsp_gcc-4.8-linaro_uClibc-1.0.x/include '
CYGPATH_W='echo'
DEFS='-DHAVE_CONFIG_H'
DEPDIR='.deps'
ECHO_C=''
ECHO_N='-n'
ECHO_T=''
EGREP='/home/guogh/work/pandorBox-SDK-mt7620/staging_dir/host/bin/grep -E'
EXEEXT=''
GREP='/home/guogh/work/pandorBox-SDK-mt7620/staging_dir/host/bin/grep'
INSTALL_DATA='${INSTALL} -m 644'
INSTALL_PROGRAM='${INSTALL}'
INSTALL_SCRIPT='${INSTALL}'
INSTALL_STRIP_PROGRAM='$(install_sh) -c -s'
LDFLAGS='-L/home/guogh/work/pandorBox-SDK-mt7620/staging_dir/target-mipsel_24kec+dsp_uClibc-1.0.x/usr/lib -L/home/guogh/work/pandorBox-SDK-mt7620/staging_dir/target-mipsel_24kec+dsp_uClibc-1.0.x/lib -L/home/guogh/work/pandorBox-SDK-mt7620/staging_dir/toolchain-mipsel_24kec+dsp_gcc-4.8-linaro_uClibc-1.0.x/usr/lib -L/home/guogh/work/pandorBox-SDK-mt7620/staging_dir/toolchain-mipsel_24kec+dsp_gcc-4.8-linaro_uClibc-1.0.x/lib -znow -zrelro '
LIBOBJS=''
LIBS=''
LTLIBOBJS=''
MAKEINFO='${SHELL} /home/guogh/work/pandorBox-SDK-mt7620/build_dir/target-mipsel_24kec+dsp_uClibc-1.0.x/spawn-fcgi-1.6.4/missing makeinfo'
MKDIR_P='/bin/mkdir -p'
OBJEXT='o'
PACKAGE='spawn-fcgi'
PACKAGE_BUGREPORT=''
PACKAGE_NAME='spawn-fcgi'
PACKAGE_STRING='spawn-fcgi 1.6.4'
PACKAGE_TARNAME='spawn-fcgi'
PACKAGE_URL=''
PACKAGE_VERSION='1.6.4'
PATH_SEPARATOR=':'
SET_MAKE=''
SHELL='/bin/bash'
STRIP='mipsel-openwrt-linux-uclibc-strip'
VERSION='1.6.4'
ac_ct_CC=''
am__EXEEXT_FALSE=''
am__EXEEXT_TRUE='#'
am__fastdepCC_FALSE='#'
am__fastdepCC_TRUE=''
am__include='include'
am__isrc=''
am__leading_dot='.'
am__nodep='_no'
am__quote=''
am__tar='$${TAR-tar} chof - "$$tardir"'
am__untar='$${TAR-tar} xf -'
bindir='/usr/bin'
build_alias='x86_64-linux-gnu'
datadir='/usr/share'
datarootdir='${prefix}/share'
docdir='${datarootdir}/doc/${PACKAGE_TARNAME}'
dvidir='${docdir}'
exec_prefix='/usr'
host_alias='mipsel-openwrt-linux'
htmldir='${docdir}'
includedir='${prefix}/include'
infodir='/usr/info'
install_sh='${SHELL} /home/guogh/work/pandorBox-SDK-mt7620/build_dir/target-mipsel_24kec+dsp_uClibc-1.0.x/spawn-fcgi-1.6.4/install-sh'
libdir='${exec_prefix}/lib'
libexecdir='/usr/lib'
localedir='${datarootdir}/locale'
localstatedir='/var'
mandir='/usr/man'
mkdir_p='$(MKDIR_P)'
oldincludedir='/usr/include'
pdfdir='${docdir}'
prefix='/usr'
program_transform_name='s&$$&&;s&^&&'
psdir='${docdir}'
sbindir='/usr/sbin'
sharedstatedir='${prefix}/com'
sysconfdir='/etc'
target_alias='mipsel-openwrt-linux'

## ----------- ##
## confdefs.h. ##
## ----------- ##

/* confdefs.h */
#define PACKAGE_NAME "spawn-fcgi"
#define PACKAGE_TARNAME "spawn-fcgi"
#define PACKAGE_VERSION "1.6.4"
#define PACKAGE_STRING "spawn-fcgi 1.6.4"
#define PACKAGE_BUGREPORT ""
#define PACKAGE_URL ""
#define PACKAGE "spawn-fcgi"
#define VERSION "1.6.4"
#define STDC_HEADERS 1
#define HAVE_SYS_WAIT_H 1
#define HAVE_SYS_TYPES_H 1
#define HAVE_SYS_STAT_H 1
#define HAVE_STDLIB_H 1
#define HAVE_STRING_H 1
#define HAVE_MEMORY_H 1
#define HAVE_STRINGS_H 1
#define HAVE_INTTYPES_H 1
#define HAVE_STDINT_H 1
#define HAVE_UNISTD_H 1
#define HAVE_ARPA_INET_H 1
#define HAVE_ERRNO_H 1
#define HAVE_FCNTL_H 1
#define HAVE_GETOPT_H 1
#define HAVE_GRP_H 1
#define HAVE_NETDB_H 1
#define HAVE_NETINET_IN_H 1
#define HAVE_NETINET_TCP_H 1
#define HAVE_PWD_H 1
#define HAVE_STDIO_H 1
#define HAVE_STDLIB_H 1
#define HAVE_STRING_H 1
#define HAVE_SYS_IOCTL_H 1
#define HAVE_SYS_SOCKET_H 1
#define HAVE_SYS_STAT_H 1
#define HAVE_SYS_TIME_H 1
#define HAVE_SYS_TYPES_H 1
#define HAVE_SYS_UN_H 1
#define HAVE_SYS_WAIT_H 1
#define HAVE_UNISTD_H 1
#define TIME_WITH_SYS_TIME 1
#define HAVE_SOCKLEN_T 1
#define HAVE_UNISTD_H 1
#define HAVE_FORK 1
#define HAVE_VFORK 1
#define HAVE_WORKING_VFORK 1
#define HAVE_WORKING_FORK 1
#define HAVE_STDLIB_H 1
#define HAVE_MALLOC 1
#define HAVE_SYS_SELECT_H 1
#define HAVE_SYS_SOCKET_H 1
#define SELECT_TYPE_ARG1 int
#define SELECT_TYPE_ARG234 (fd_set *)
#define SELECT_TYPE_ARG5 (struct timeval *)
#define LSTAT_FOLLOWS_SLASHED_SYMLINK 1
#define HAVE_DUP2 1
#define HAVE_MEMSET 1
#define HAVE_PUTENV 1
#define HAVE_SELECT 1
#define HAVE_SOCKET 1
#define HAVE_STRERROR 1
#define HAVE_STRTOL 1
#define HAVE_ISSETUGID 1
#define HAVE_INET_PTON 1

configure: exit 0
